app-wrapper.tsx(158,55): error TS7006: Parameter 'p' implicitly has an 'any' type.
app-wrapper.tsx(173,47): error TS7006: Parameter 'sp' implicitly has an 'any' type.
app-wrapper.tsx(207,50): error TS7006: Parameter 'u' implicitly has an 'any' type.
app-wrapper.tsx(232,24): error TS7006: Parameter 'email' implicitly has an 'any' type.
app-wrapper.tsx(232,31): error TS7006: Parameter 'password' implicitly has an 'any' type.
app-wrapper.tsx(235,45): error TS7006: Parameter 'u' implicitly has an 'any' type.
app-wrapper.tsx(256,39): error TS18046: 'error' is of type 'unknown'.
app-wrapper.tsx(270,26): error TS7006: Parameter 'module' implicitly has an 'any' type.
app-wrapper.tsx(270,34): error TS7006: Parameter 'action' implicitly has an 'any' type.
app-wrapper.tsx(281,33): error TS7006: Parameter 'permission' implicitly has an 'any' type.
app-wrapper.tsx(293,22): error TS7006: Parameter 'module' implicitly has an 'any' type.
app-wrapper.tsx(293,30): error TS7006: Parameter 'action' implicitly has an 'any' type.
app-wrapper.tsx(300,52): error TS7006: Parameter 'u' implicitly has an 'any' type.
app-wrapper.tsx(326,7): error TS2322: Type '{ currentUser: any; userData: any; loadingAuth: boolean; hasRole: (role: string) => any; isAdmin: () => boolean; hasPermission: (module: any, action: any) => any; hasSpecialPermission: (permission: any) => boolean; ... 6 more ...; refreshPermissions: () => void; }' is not assignable to type 'null'.
app-wrapper.tsx(848,19): error TS7031: Binding element 'label' implicitly has an 'any' type.
app-wrapper.tsx(848,26): error TS7031: Binding element 'id' implicitly has an 'any' type.
app-wrapper.tsx(848,30): error TS7031: Binding element 'value' implicitly has an 'any' type.
app-wrapper.tsx(848,37): error TS7031: Binding element 'onChange' implicitly has an 'any' type.
app-wrapper.tsx(848,47): error TS7031: Binding element 'options' implicitly has an 'any' type.
app-wrapper.tsx(848,56): error TS7031: Binding element 'placeholder' implicitly has an 'any' type.
app-wrapper.tsx(848,69): error TS7031: Binding element 'required' implicitly has an 'any' type.
app-wrapper.tsx(848,79): error TS7031: Binding element 'error' implicitly has an 'any' type.
app-wrapper.tsx(848,86): error TS7031: Binding element 'className' implicitly has an 'any' type.
app-wrapper.tsx(866,23): error TS7006: Parameter 'opt' implicitly has an 'any' type.
app-wrapper.tsx(931,18): error TS7031: Binding element 'isOpen' implicitly has an 'any' type.
app-wrapper.tsx(931,26): error TS7031: Binding element 'onClose' implicitly has an 'any' type.
app-wrapper.tsx(931,35): error TS7031: Binding element 'title' implicitly has an 'any' type.
app-wrapper.tsx(931,42): error TS7031: Binding element 'children' implicitly has an 'any' type.
app-wrapper.tsx(954,80): error TS7053: Element implicitly has an 'any' type because expression of type 'string' can't be used to index type '{ sm: string; md: string; lg: string; xl: string; "2xl": string; "3xl": string; "4xl": string; "5xl": string; "6xl": string; full: string; }'.
  No index signature with a parameter of type 'string' was found on type '{ sm: string; md: string; lg: string; xl: string; "2xl": string; "3xl": string; "4xl": string; "5xl": string; "6xl": string; full: string; }'.
app-wrapper.tsx(970,3): error TS7031: Binding element 'isOpen' implicitly has an 'any' type.
app-wrapper.tsx(971,3): error TS7031: Binding element 'onClose' implicitly has an 'any' type.
app-wrapper.tsx(972,3): error TS7031: Binding element 'onConfirm' implicitly has an 'any' type.
app-wrapper.tsx(973,3): error TS7031: Binding element 'title' implicitly has an 'any' type.
app-wrapper.tsx(974,3): error TS7031: Binding element 'message' implicitly has an 'any' type.
app-wrapper.tsx(995,24): error TS7031: Binding element 'label' implicitly has an 'any' type.
app-wrapper.tsx(995,31): error TS7031: Binding element 'id' implicitly has an 'any' type.
app-wrapper.tsx(995,35): error TS7031: Binding element 'onFileChange' implicitly has an 'any' type.
app-wrapper.tsx(995,49): error TS7031: Binding element 'currentFile' implicitly has an 'any' type.
app-wrapper.tsx(995,62): error TS7031: Binding element 'required' implicitly has an 'any' type.
app-wrapper.tsx(995,72): error TS7031: Binding element 'error' implicitly has an 'any' type.
app-wrapper.tsx(1013,29): error TS7006: Parameter 'event' implicitly has an 'any' type.
app-wrapper.tsx(1033,44): error TS2339: Property 'value' does not exist on type 'never'.
app-wrapper.tsx(1059,46): error TS2339: Property 'click' does not exist on type 'never'.
app-wrapper.tsx(1082,32): error TS7031: Binding element 'label' implicitly has an 'any' type.
app-wrapper.tsx(1082,39): error TS7031: Binding element 'onFilesChange' implicitly has an 'any' type.
app-wrapper.tsx(1089,11): error TS2358: The left-hand side of an 'instanceof' expression must be of type 'any', an object type or a type parameter.
app-wrapper.tsx(1099,13): error TS2358: The left-hand side of an 'instanceof' expression must be of type 'any', an object type or a type parameter.
app-wrapper.tsx(1111,29): error TS7006: Parameter 'event' implicitly has an 'any' type.
app-wrapper.tsx(1118,44): error TS2339: Property 'value' does not exist on type 'never'.
app-wrapper.tsx(1150,48): error TS2339: Property 'click' does not exist on type 'never'.
app-wrapper.tsx(1171,23): error TS7031: Binding element 'label' implicitly has an 'any' type.
app-wrapper.tsx(1171,30): error TS7031: Binding element 'id' implicitly has an 'any' type.
app-wrapper.tsx(1171,34): error TS7031: Binding element 'onFileChange' implicitly has an 'any' type.
app-wrapper.tsx(1171,48): error TS7031: Binding element 'currentFile' implicitly has an 'any' type.
app-wrapper.tsx(1171,61): error TS7031: Binding element 'required' implicitly has an 'any' type.
app-wrapper.tsx(1171,71): error TS7031: Binding element 'error' implicitly has an 'any' type.
app-wrapper.tsx(1171,78): error TS7031: Binding element 'accept' implicitly has an 'any' type.
app-wrapper.tsx(1189,29): error TS7006: Parameter 'event' implicitly has an 'any' type.
app-wrapper.tsx(1200,23): error TS2339: Property 'click' does not exist on type 'never'.
app-wrapper.tsx(1240,26): error TS2339: Property 'style' does not exist on type 'EventTarget'.
app-wrapper.tsx(1241,26): error TS2339: Property 'nextSibling' does not exist on type 'EventTarget'.
app-wrapper.tsx(1251,26): error TS2339: Property 'style' does not exist on type 'EventTarget'.
app-wrapper.tsx(1252,26): error TS2339: Property 'nextSibling' does not exist on type 'EventTarget'.
app-wrapper.tsx(1272,3): error TS7031: Binding element 'value' implicitly has an 'any' type.
app-wrapper.tsx(1273,3): error TS7031: Binding element 'onChange' implicitly has an 'any' type.
app-wrapper.tsx(1289,25): error TS7006: Parameter 'newValue' implicitly has an 'any' type.
app-wrapper.tsx(1302,5): error TS2322: Type 'Timeout' is not assignable to type 'null'.
app-wrapper.tsx(1322,62): error TS2339: Property 'value' does not exist on type 'never'.
app-wrapper.tsx(1322,112): error TS2339: Property 'value' does not exist on type 'never'.
app-wrapper.tsx(1323,52): error TS2339: Property 'label' does not exist on type 'never'.
app-wrapper.tsx(1392,27): error TS7031: Binding element 'pedido' implicitly has an 'any' type.
app-wrapper.tsx(1392,35): error TS7031: Binding element 'etapaId' implicitly has an 'any' type.
app-wrapper.tsx(1392,44): error TS7031: Binding element 'onCompletado' implicitly has an 'any' type.
app-wrapper.tsx(1403,46): error TS7006: Parameter 'e' implicitly has an 'any' type.
app-wrapper.tsx(1448,35): error TS7006: Parameter 'pedidoId' implicitly has an 'any' type.
app-wrapper.tsx(1448,45): error TS7006: Parameter 'campo' implicitly has an 'any' type.
app-wrapper.tsx(1448,52): error TS7006: Parameter 'valor' implicitly has an 'any' type.
app-wrapper.tsx(1450,46): error TS7006: Parameter 'p' implicitly has an 'any' type.
app-wrapper.tsx(1461,7): error TS2322: Type 'any' is not assignable to type 'never'.
app-wrapper.tsx(1467,7): error TS7053: Element implicitly has an 'any' type because expression of type 'any' can't be used to index type '{}'.
app-wrapper.tsx(1471,13): error TS2339: Property 'historialModificaciones' does not exist on type '{}'.
app-wrapper.tsx(1475,33): error TS2339: Property 'uid' does not exist on type 'never'.
app-wrapper.tsx(1476,36): error TS2339: Property 'email' does not exist on type 'never'.
app-wrapper.tsx(1481,13): error TS2339: Property 'updatedAt' does not exist on type '{}'.
app-wrapper.tsx(1540,48): error TS7006: Parameter 'c' implicitly has an 'any' type.
app-wrapper.tsx(1541,48): error TS7006: Parameter 'c' implicitly has an 'any' type.
app-wrapper.tsx(1563,73): error TS7006: Parameter 'snapshot' implicitly has an 'any' type.
app-wrapper.tsx(1564,42): error TS7006: Parameter 'doc' implicitly has an 'any' type.
app-wrapper.tsx(1565,40): error TS7006: Parameter 'p' implicitly has an 'any' type.
app-wrapper.tsx(1607,55): error TS7006: Parameter 'p' implicitly has an 'any' type.
app-wrapper.tsx(1616,7): error TS7053: Element implicitly has an 'any' type because expression of type 'string' can't be used to index type '{}'.
  No index signature with a parameter of type 'string' was found on type '{}'.
app-wrapper.tsx(1623,5): error TS7053: Element implicitly has an 'any' type because expression of type '"SIN DISE├æO"' can't be used to index type '{}'.
  Property 'SIN DISE├æO' does not exist on type '{}'.
app-wrapper.tsx(1630,27): error TS7006: Parameter 'pedido' implicitly has an 'any' type.
app-wrapper.tsx(1632,12): error TS7053: Element implicitly has an 'any' type because expression of type 'any' can't be used to index type '{}'.
app-wrapper.tsx(1633,9): error TS7053: Element implicitly has an 'any' type because expression of type 'any' can't be used to index type '{}'.
app-wrapper.tsx(1640,11): error TS7053: Element implicitly has an 'any' type because expression of type 'any' can't be used to index type '{}'.
app-wrapper.tsx(1648,11): error TS7053: Element implicitly has an 'any' type because expression of type 'any' can't be used to index type '{}'.
app-wrapper.tsx(1650,29): error TS2362: The left-hand side of an arithmetic operation must be of type 'any', 'number', 'bigint' or an enum type.
app-wrapper.tsx(1650,38): error TS2363: The right-hand side of an arithmetic operation must be of type 'any', 'number', 'bigint' or an enum type.
app-wrapper.tsx(1651,13): error TS7053: Element implicitly has an 'any' type because expression of type 'any' can't be used to index type '{}'.
app-wrapper.tsx(1652,13): error TS7053: Element implicitly has an 'any' type because expression of type 'any' can't be used to index type '{}'.
app-wrapper.tsx(1660,24): error TS18046: 'datos' is of type 'unknown'.
app-wrapper.tsx(1660,51): error TS18046: 'datos' is of type 'unknown'.
app-wrapper.tsx(1660,71): error TS18046: 'datos' is of type 'unknown'.
app-wrapper.tsx(1666,18): error TS18046: 'datos' is of type 'unknown'.
app-wrapper.tsx(1667,17): error TS18046: 'datos' is of type 'unknown'.
app-wrapper.tsx(1678,73): error TS18046: 'd' is of type 'unknown'.
app-wrapper.tsx(1691,33): error TS7006: Parameter 'pedido' implicitly has an 'any' type.
app-wrapper.tsx(1738,37): error TS2339: Property 'uid' does not exist on type 'never'.
app-wrapper.tsx(1739,40): error TS2339: Property 'email' does not exist on type 'never'.
app-wrapper.tsx(1741,61): error TS2339: Property 'email' does not exist on type 'never'.
app-wrapper.tsx(1751,48): error TS18046: 'error' is of type 'unknown'.
app-wrapper.tsx(1762,49): error TS2345: Argument of type '{ dise├▒adorAsignado: string; urlImagen: string; talla: string; notas: string; }' is not assignable to parameter of type 'null | undefined'.
app-wrapper.tsx(1766,48): error TS7006: Parameter 'pedido' implicitly has an 'any' type.
app-wrapper.tsx(1774,7): error TS7006: Parameter 'e' implicitly has an 'any' type.
app-wrapper.tsx(1778,34): error TS2339: Property 'urlImagen' does not exist on type 'never'.
app-wrapper.tsx(1779,30): error TS2339: Property 'talla' does not exist on type 'never'.
app-wrapper.tsx(1780,42): error TS2339: Property 'dise├▒adorAsignado' does not exist on type 'never'.
app-wrapper.tsx(1781,30): error TS2339: Property 'notas' does not exist on type 'never'.
app-wrapper.tsx(1828,29): error TS2362: The left-hand side of an arithmetic operation must be of type 'any', 'number', 'bigint' or an enum type.
app-wrapper.tsx(1828,43): error TS2363: The right-hand side of an arithmetic operation must be of type 'any', 'number', 'bigint' or an enum type.
app-wrapper.tsx(1888,37): error TS2339: Property 'uid' does not exist on type 'never'.
app-wrapper.tsx(1889,40): error TS2339: Property 'email' does not exist on type 'never'.
app-wrapper.tsx(1891,86): error TS2339: Property 'email' does not exist on type 'never'.
app-wrapper.tsx(1902,48): error TS18046: 'error' is of type 'unknown'.
app-wrapper.tsx(2068,48): error TS7006: Parameter 'valor' implicitly has an 'any' type.
app-wrapper.tsx(2069,97): error TS2345: Argument of type '"dise├▒o"' is not assignable to parameter of type 'null | undefined'.
app-wrapper.tsx(2071,105): error TS2345: Argument of type '"dise├▒o"' is not assignable to parameter of type 'null | undefined'.
app-wrapper.tsx(2074,31): error TS2322: Type 'string[]' is not assignable to type 'never[]'.
  Type 'string' is not assignable to type 'never'.
app-wrapper.tsx(2079,48): error TS7006: Parameter 'valor' implicitly has an 'any' type.
app-wrapper.tsx(2080,89): error TS2345: Argument of type '"dise├▒o"' is not assignable to parameter of type 'null | undefined'.
app-wrapper.tsx(2088,48): error TS7006: Parameter 'valor' implicitly has an 'any' type.
app-wrapper.tsx(2097,48): error TS7006: Parameter 'valor' implicitly has an 'any' type.
app-wrapper.tsx(2098,86): error TS2345: Argument of type '"dise├▒o"' is not assignable to parameter of type 'null | undefined'.
app-wrapper.tsx(2112,48): error TS7006: Parameter 'valor' implicitly has an 'any' type.
app-wrapper.tsx(2121,48): error TS7006: Parameter 'valor' implicitly has an 'any' type.
app-wrapper.tsx(2298,48): error TS7006: Parameter 'c' implicitly has an 'any' type.
app-wrapper.tsx(2299,48): error TS7006: Parameter 'c' implicitly has an 'any' type.
app-wrapper.tsx(2320,79): error TS7006: Parameter 'snapshot' implicitly has an 'any' type.
app-wrapper.tsx(2321,42): error TS7006: Parameter 'doc' implicitly has an 'any' type.
app-wrapper.tsx(2322,40): error TS7006: Parameter 'p' implicitly has an 'any' type.
app-wrapper.tsx(2326,9): error TS7006: Parameter 'e' implicitly has an 'any' type.
app-wrapper.tsx(2334,59): error TS7006: Parameter 'e' implicitly has an 'any' type.
app-wrapper.tsx(2342,78): error TS7006: Parameter 'c' implicitly has an 'any' type.
app-wrapper.tsx(2387,51): error TS7006: Parameter 'p' implicitly has an 'any' type.
app-wrapper.tsx(2424,38): error TS7006: Parameter 'pedido' implicitly has an 'any' type.
app-wrapper.tsx(2459,55): error TS7006: Parameter 'p' implicitly has an 'any' type.
app-wrapper.tsx(2468,35): error TS7006: Parameter 'sum' implicitly has an 'any' type.
app-wrapper.tsx(2468,40): error TS7006: Parameter 'p' implicitly has an 'any' type.
app-wrapper.tsx(2472,36): error TS7006: Parameter 'sum' implicitly has an 'any' type.
app-wrapper.tsx(2472,41): error TS7006: Parameter 'p' implicitly has an 'any' type.
app-wrapper.tsx(2483,33): error TS7006: Parameter 'pedido' implicitly has an 'any' type.
app-wrapper.tsx(2534,37): error TS2339: Property 'uid' does not exist on type 'never'.
app-wrapper.tsx(2535,40): error TS2339: Property 'email' does not exist on type 'never'.
app-wrapper.tsx(2569,48): error TS18046: 'error' is of type 'unknown'.
app-wrapper.tsx(2574,51): error TS7006: Parameter 'pedido' implicitly has an 'any' type.
app-wrapper.tsx(2580,44): error TS7006: Parameter 'pedido' implicitly has an 'any' type.
app-wrapper.tsx(2583,7): error TS7006: Parameter 'e' implicitly has an 'any' type.
app-wrapper.tsx(2599,74): error TS7006: Parameter 'c' implicitly has an 'any' type.
app-wrapper.tsx(2622,67): error TS7006: Parameter 'c' implicitly has an 'any' type.
app-wrapper.tsx(2658,29): error TS2362: The left-hand side of an arithmetic operation must be of type 'any', 'number', 'bigint' or an enum type.
app-wrapper.tsx(2658,43): error TS2363: The right-hand side of an arithmetic operation must be of type 'any', 'number', 'bigint' or an enum type.
app-wrapper.tsx(2680,35): error TS2339: Property 'uid' does not exist on type 'never'.
app-wrapper.tsx(2681,38): error TS2339: Property 'email' does not exist on type 'never'.
app-wrapper.tsx(2683,71): error TS2339: Property 'email' does not exist on type 'never'.
app-wrapper.tsx(2712,31): error TS7006: Parameter 'pedidos' implicitly has an 'any' type.
app-wrapper.tsx(2712,40): error TS7006: Parameter 'titulo' implicitly has an 'any' type.
app-wrapper.tsx(2712,48): error TS7006: Parameter 'seccionKey' implicitly has an 'any' type.
app-wrapper.tsx(2714,27): error TS7053: Element implicitly has an 'any' type because expression of type 'any' can't be used to index type '{ limaCallao: boolean; provincia: boolean; }'.
app-wrapper.tsx(2714,75): error TS7053: Element implicitly has an 'any' type because expression of type 'any' can't be used to index type '{ limaCallao: boolean; provincia: boolean; }'.
app-wrapper.tsx(2723,88): error TS7053: Element implicitly has an 'any' type because expression of type 'any' can't be used to index type '{ limaCallao: boolean; provincia: boolean; }'.
app-wrapper.tsx(2765,38): error TS7006: Parameter 'pedido' implicitly has an 'any' type.
app-wrapper.tsx(2788,52): error TS7006: Parameter 'valor' implicitly has an 'any' type.
app-wrapper.tsx(2791,94): error TS2345: Argument of type '"cobranza"' is not assignable to parameter of type 'null | undefined'.
app-wrapper.tsx(2807,96): error TS2345: Argument of type '"cobranza"' is not assignable to parameter of type 'null | undefined'.
app-wrapper.tsx(2816,52): error TS7006: Parameter 'valor' implicitly has an 'any' type.
app-wrapper.tsx(2817,90): error TS2345: Argument of type '"cobranza"' is not assignable to parameter of type 'null | undefined'.
app-wrapper.tsx(2832,52): error TS7006: Parameter 'valor' implicitly has an 'any' type.
app-wrapper.tsx(3150,48): error TS7006: Parameter 'c' implicitly has an 'any' type.
app-wrapper.tsx(3151,48): error TS7006: Parameter 'c' implicitly has an 'any' type.
app-wrapper.tsx(3172,73): error TS7006: Parameter 'snapshot' implicitly has an 'any' type.
app-wrapper.tsx(3173,42): error TS7006: Parameter 'doc' implicitly has an 'any' type.
app-wrapper.tsx(3174,38): error TS7006: Parameter 'p' implicitly has an 'any' type.
app-wrapper.tsx(3175,39): error TS7006: Parameter 'p' implicitly has an 'any' type.
app-wrapper.tsx(3185,65): error TS7006: Parameter 'p' implicitly has an 'any' type.
app-wrapper.tsx(3193,7): error TS7006: Parameter 'e' implicitly has an 'any' type.
app-wrapper.tsx(3198,67): error TS7006: Parameter 'c' implicitly has an 'any' type.
app-wrapper.tsx(3325,55): error TS7006: Parameter 'p' implicitly has an 'any' type.
app-wrapper.tsx(3334,7): error TS7053: Element implicitly has an 'any' type because expression of type 'string' can't be used to index type '{}'.
  No index signature with a parameter of type 'string' was found on type '{}'.
app-wrapper.tsx(3336,5): error TS7053: Element implicitly has an 'any' type because expression of type '"SIN ASIGNAR"' can't be used to index type '{}'.
  Property 'SIN ASIGNAR' does not exist on type '{}'.
app-wrapper.tsx(3338,27): error TS7006: Parameter 'pedido' implicitly has an 'any' type.
app-wrapper.tsx(3340,12): error TS7053: Element implicitly has an 'any' type because expression of type 'any' can't be used to index type '{}'.
app-wrapper.tsx(3341,9): error TS7053: Element implicitly has an 'any' type because expression of type 'any' can't be used to index type '{}'.
app-wrapper.tsx(3348,11): error TS7053: Element implicitly has an 'any' type because expression of type 'any' can't be used to index type '{}'.
app-wrapper.tsx(3356,11): error TS7053: Element implicitly has an 'any' type because expression of type 'any' can't be used to index type '{}'.
app-wrapper.tsx(3363,16): error TS18046: 'datos' is of type 'unknown'.
app-wrapper.tsx(3364,15): error TS18046: 'datos' is of type 'unknown'.
app-wrapper.tsx(3382,33): error TS7006: Parameter 'pedido' implicitly has an 'any' type.
app-wrapper.tsx(3408,37): error TS2339: Property 'uid' does not exist on type 'never'.
app-wrapper.tsx(3409,40): error TS2339: Property 'email' does not exist on type 'never'.
app-wrapper.tsx(3411,66): error TS2339: Property 'email' does not exist on type 'never'.
app-wrapper.tsx(3421,48): error TS18046: 'error' is of type 'unknown'.
app-wrapper.tsx(3426,43): error TS7006: Parameter 'pedido' implicitly has an 'any' type.
app-wrapper.tsx(3433,45): error TS7006: Parameter 'pedido' implicitly has an 'any' type.
app-wrapper.tsx(3438,7): error TS7006: Parameter 'e' implicitly has an 'any' type.
app-wrapper.tsx(3473,36): error TS2362: The left-hand side of an arithmetic operation must be of type 'any', 'number', 'bigint' or an enum type.
app-wrapper.tsx(3473,50): error TS2363: The right-hand side of an arithmetic operation must be of type 'any', 'number', 'bigint' or an enum type.
app-wrapper.tsx(3497,39): error TS2339: Property 'uid' does not exist on type 'never'.
app-wrapper.tsx(3498,42): error TS2339: Property 'email' does not exist on type 'never'.
app-wrapper.tsx(3500,70): error TS2339: Property 'email' does not exist on type 'never'.
app-wrapper.tsx(3516,53): error TS18046: 'error' is of type 'unknown'.
app-wrapper.tsx(3541,31): error TS7006: Parameter 'pedidos' implicitly has an 'any' type.
app-wrapper.tsx(3541,40): error TS7006: Parameter 'titulo' implicitly has an 'any' type.
app-wrapper.tsx(3541,48): error TS7006: Parameter 'seccionKey' implicitly has an 'any' type.
app-wrapper.tsx(3543,27): error TS7053: Element implicitly has an 'any' type because expression of type 'any' can't be used to index type '{ listos: boolean; pausa: boolean; }'.
app-wrapper.tsx(3543,75): error TS7053: Element implicitly has an 'any' type because expression of type 'any' can't be used to index type '{ listos: boolean; pausa: boolean; }'.
app-wrapper.tsx(3554,88): error TS7053: Element implicitly has an 'any' type because expression of type 'any' can't be used to index type '{ listos: boolean; pausa: boolean; }'.
app-wrapper.tsx(3596,38): error TS7006: Parameter 'pedido' implicitly has an 'any' type.
app-wrapper.tsx(3617,50): error TS7006: Parameter 'valor' implicitly has an 'any' type.
app-wrapper.tsx(3618,90): error TS2345: Argument of type '"preparacion"' is not assignable to parameter of type 'null | undefined'.
app-wrapper.tsx(3619,96): error TS2345: Argument of type '"preparacion"' is not assignable to parameter of type 'null | undefined'.
app-wrapper.tsx(3627,50): error TS7006: Parameter 'valor' implicitly has an 'any' type.
app-wrapper.tsx(3628,88): error TS2345: Argument of type '"preparacion"' is not assignable to parameter of type 'null | undefined'.
app-wrapper.tsx(3642,50): error TS7006: Parameter 'valor' implicitly has an 'any' type.
app-wrapper.tsx(3905,37): error TS2339: Property 'id' does not exist on type 'any[]'.
app-wrapper.tsx(3908,37): error TS2339: Property 'cliente' does not exist on type 'any[]'.
app-wrapper.tsx(3911,37): error TS2339: Property 'productos' does not exist on type 'any[]'.
app-wrapper.tsx(3914,37): error TS2339: Property 'operador' does not exist on type 'any[]'.
app-wrapper.tsx(3917,37): error TS2339: Property 'estado' does not exist on type 'any[]'.
app-wrapper.tsx(3920,37): error TS2339: Property 'acciones' does not exist on type 'any[]'.
app-wrapper.tsx(3945,43): error TS2339: Property 'id' does not exist on type 'any[]'.
app-wrapper.tsx(3948,43): error TS2339: Property 'cliente' does not exist on type 'any[]'.
app-wrapper.tsx(3953,43): error TS2339: Property 'productos' does not exist on type 'any[]'.
app-wrapper.tsx(3955,63): error TS7006: Parameter 'p' implicitly has an 'any' type.
app-wrapper.tsx(3958,43): error TS2339: Property 'operador' does not exist on type 'any[]'.
app-wrapper.tsx(3963,43): error TS2339: Property 'estado' does not exist on type 'any[]'.
app-wrapper.tsx(3968,43): error TS2339: Property 'acciones' does not exist on type 'any[]'.
app-wrapper.tsx(4045,48): error TS7006: Parameter 'c' implicitly has an 'any' type.
app-wrapper.tsx(4046,48): error TS7006: Parameter 'c' implicitly has an 'any' type.
app-wrapper.tsx(4067,73): error TS7006: Parameter 'snapshot' implicitly has an 'any' type.
app-wrapper.tsx(4068,42): error TS7006: Parameter 'doc' implicitly has an 'any' type.
app-wrapper.tsx(4069,43): error TS7006: Parameter 'p' implicitly has an 'any' type.
app-wrapper.tsx(4101,55): error TS7006: Parameter 'p' implicitly has an 'any' type.
app-wrapper.tsx(4110,7): error TS7053: Element implicitly has an 'any' type because expression of type 'string' can't be used to index type '{}'.
  No index signature with a parameter of type 'string' was found on type '{}'.
app-wrapper.tsx(4112,5): error TS7053: Element implicitly has an 'any' type because expression of type '"OTROS"' can't be used to index type '{}'.
  Property 'OTROS' does not exist on type '{}'.
app-wrapper.tsx(4114,27): error TS7006: Parameter 'pedido' implicitly has an 'any' type.
app-wrapper.tsx(4118,12): error TS7053: Element implicitly has an 'any' type because expression of type 'any' can't be used to index type '{}'.
app-wrapper.tsx(4119,9): error TS7053: Element implicitly has an 'any' type because expression of type 'any' can't be used to index type '{}'.
app-wrapper.tsx(4126,11): error TS7053: Element implicitly has an 'any' type because expression of type 'any' can't be used to index type '{}'.
app-wrapper.tsx(4127,61): error TS7006: Parameter 'sum' implicitly has an 'any' type.
app-wrapper.tsx(4127,66): error TS7006: Parameter 'p' implicitly has an 'any' type.
app-wrapper.tsx(4128,11): error TS7053: Element implicitly has an 'any' type because expression of type 'any' can't be used to index type '{}'.
app-wrapper.tsx(4136,11): error TS7053: Element implicitly has an 'any' type because expression of type 'any' can't be used to index type '{}'.
app-wrapper.tsx(4137,61): error TS7006: Parameter 'sum' implicitly has an 'any' type.
app-wrapper.tsx(4137,66): error TS7006: Parameter 'p' implicitly has an 'any' type.
app-wrapper.tsx(4138,11): error TS7053: Element implicitly has an 'any' type because expression of type 'any' can't be used to index type '{}'.
app-wrapper.tsx(4145,16): error TS18046: 'datos' is of type 'unknown'.
app-wrapper.tsx(4146,15): error TS18046: 'datos' is of type 'unknown'.
app-wrapper.tsx(4147,23): error TS18046: 'datos' is of type 'unknown'.
app-wrapper.tsx(4148,22): error TS18046: 'datos' is of type 'unknown'.
app-wrapper.tsx(4168,33): error TS7006: Parameter 'pedido' implicitly has an 'any' type.
app-wrapper.tsx(4194,37): error TS2339: Property 'uid' does not exist on type 'never'.
app-wrapper.tsx(4195,40): error TS2339: Property 'email' does not exist on type 'never'.
app-wrapper.tsx(4197,64): error TS2339: Property 'email' does not exist on type 'never'.
app-wrapper.tsx(4207,48): error TS18046: 'error' is of type 'unknown'.
app-wrapper.tsx(4212,43): error TS7006: Parameter 'pedido' implicitly has an 'any' type.
app-wrapper.tsx(4218,45): error TS7006: Parameter 'pedido' implicitly has an 'any' type.
app-wrapper.tsx(4223,7): error TS7006: Parameter 'e' implicitly has an 'any' type.
app-wrapper.tsx(4252,32): error TS2362: The left-hand side of an arithmetic operation must be of type 'any', 'number', 'bigint' or an enum type.
app-wrapper.tsx(4252,46): error TS2363: The right-hand side of an arithmetic operation must be of type 'any', 'number', 'bigint' or an enum type.
app-wrapper.tsx(4279,37): error TS2339: Property 'uid' does not exist on type 'never'.
app-wrapper.tsx(4280,40): error TS2339: Property 'email' does not exist on type 'never'.
app-wrapper.tsx(4282,86): error TS2339: Property 'email' does not exist on type 'never'.
app-wrapper.tsx(4295,51): error TS18046: 'error' is of type 'unknown'.
app-wrapper.tsx(4508,50): error TS7006: Parameter 'valor' implicitly has an 'any' type.
app-wrapper.tsx(4509,90): error TS2345: Argument of type '"estampado"' is not assignable to parameter of type 'null | undefined'.
app-wrapper.tsx(4510,96): error TS2345: Argument of type '"estampado"' is not assignable to parameter of type 'null | undefined'.
app-wrapper.tsx(4513,33): error TS2322: Type 'string[]' is not assignable to type 'never[]'.
  Type 'string' is not assignable to type 'never'.
app-wrapper.tsx(4518,50): error TS7006: Parameter 'valor' implicitly has an 'any' type.
app-wrapper.tsx(4519,88): error TS2345: Argument of type '"estampado"' is not assignable to parameter of type 'null | undefined'.
app-wrapper.tsx(4531,50): error TS7006: Parameter 'valor' implicitly has an 'any' type.
app-wrapper.tsx(4682,48): error TS7006: Parameter 'c' implicitly has an 'any' type.
app-wrapper.tsx(4683,48): error TS7006: Parameter 'c' implicitly has an 'any' type.
app-wrapper.tsx(4704,73): error TS7006: Parameter 'snapshot' implicitly has an 'any' type.
app-wrapper.tsx(4705,42): error TS7006: Parameter 'doc' implicitly has an 'any' type.
app-wrapper.tsx(4706,45): error TS7006: Parameter 'p' implicitly has an 'any' type.
app-wrapper.tsx(4739,55): error TS7006: Parameter 'p' implicitly has an 'any' type.
app-wrapper.tsx(4748,7): error TS7053: Element implicitly has an 'any' type because expression of type 'string' can't be used to index type '{}'.
  No index signature with a parameter of type 'string' was found on type '{}'.
app-wrapper.tsx(4750,5): error TS7053: Element implicitly has an 'any' type because expression of type '"TERMINADOS"' can't be used to index type '{}'.
  Property 'TERMINADOS' does not exist on type '{}'.
app-wrapper.tsx(4751,5): error TS7053: Element implicitly has an 'any' type because expression of type '"INGRESADOS"' can't be used to index type '{}'.
  Property 'INGRESADOS' does not exist on type '{}'.
app-wrapper.tsx(4753,27): error TS7006: Parameter 'pedido' implicitly has an 'any' type.
app-wrapper.tsx(4755,12): error TS7053: Element implicitly has an 'any' type because expression of type 'any' can't be used to index type '{}'.
app-wrapper.tsx(4756,9): error TS7053: Element implicitly has an 'any' type because expression of type 'any' can't be used to index type '{}'.
app-wrapper.tsx(4763,11): error TS7053: Element implicitly has an 'any' type because expression of type '"INGRESADOS"' can't be used to index type '{}'.
  Property 'INGRESADOS' does not exist on type '{}'.
app-wrapper.tsx(4764,11): error TS7053: Element implicitly has an 'any' type because expression of type 'any' can't be used to index type '{}'.
app-wrapper.tsx(4772,11): error TS7053: Element implicitly has an 'any' type because expression of type '"TERMINADOS"' can't be used to index type '{}'.
  Property 'TERMINADOS' does not exist on type '{}'.
app-wrapper.tsx(4773,11): error TS7053: Element implicitly has an 'any' type because expression of type 'any' can't be used to index type '{}'.
app-wrapper.tsx(4780,16): error TS18046: 'datos' is of type 'unknown'.
app-wrapper.tsx(4781,15): error TS18046: 'datos' is of type 'unknown'.
app-wrapper.tsx(4793,33): error TS7006: Parameter 'pedido' implicitly has an 'any' type.
app-wrapper.tsx(4819,37): error TS2339: Property 'uid' does not exist on type 'never'.
app-wrapper.tsx(4820,40): error TS2339: Property 'email' does not exist on type 'never'.
app-wrapper.tsx(4822,66): error TS2339: Property 'email' does not exist on type 'never'.
app-wrapper.tsx(4832,48): error TS18046: 'error' is of type 'unknown'.
app-wrapper.tsx(4837,43): error TS7006: Parameter 'pedido' implicitly has an 'any' type.
app-wrapper.tsx(4843,45): error TS7006: Parameter 'pedido' implicitly has an 'any' type.
app-wrapper.tsx(4848,7): error TS7006: Parameter 'e' implicitly has an 'any' type.
app-wrapper.tsx(4877,34): error TS2362: The left-hand side of an arithmetic operation must be of type 'any', 'number', 'bigint' or an enum type.
app-wrapper.tsx(4877,48): error TS2363: The right-hand side of an arithmetic operation must be of type 'any', 'number', 'bigint' or an enum type.
app-wrapper.tsx(4901,37): error TS2339: Property 'uid' does not exist on type 'never'.
app-wrapper.tsx(4902,40): error TS2339: Property 'email' does not exist on type 'never'.
app-wrapper.tsx(4904,66): error TS2339: Property 'email' does not exist on type 'never'.
app-wrapper.tsx(4917,53): error TS18046: 'error' is of type 'unknown'.
app-wrapper.tsx(5102,48): error TS7006: Parameter 'valor' implicitly has an 'any' type.
app-wrapper.tsx(5103,88): error TS2345: Argument of type '"empaquetado"' is not assignable to parameter of type 'null | undefined'.
app-wrapper.tsx(5104,94): error TS2345: Argument of type '"empaquetado"' is not assignable to parameter of type 'null | undefined'.
app-wrapper.tsx(5107,31): error TS2322: Type 'string[]' is not assignable to type 'never[]'.
  Type 'string' is not assignable to type 'never'.
app-wrapper.tsx(5112,48): error TS7006: Parameter 'valor' implicitly has an 'any' type.
app-wrapper.tsx(5113,86): error TS2345: Argument of type '"empaquetado"' is not assignable to parameter of type 'null | undefined'.
app-wrapper.tsx(5125,48): error TS7006: Parameter 'valor' implicitly has an 'any' type.
app-wrapper.tsx(5275,48): error TS7006: Parameter 'c' implicitly has an 'any' type.
app-wrapper.tsx(5276,48): error TS7006: Parameter 'c' implicitly has an 'any' type.
app-wrapper.tsx(5297,73): error TS7006: Parameter 'snapshot' implicitly has an 'any' type.
app-wrapper.tsx(5298,42): error TS7006: Parameter 'doc' implicitly has an 'any' type.
app-wrapper.tsx(5299,41): error TS7006: Parameter 'p' implicitly has an 'any' type.
app-wrapper.tsx(5339,55): error TS7006: Parameter 'p' implicitly has an 'any' type.
app-wrapper.tsx(5348,7): error TS7053: Element implicitly has an 'any' type because expression of type 'string' can't be used to index type '{}'.
  No index signature with a parameter of type 'string' was found on type '{}'.
app-wrapper.tsx(5350,5): error TS7053: Element implicitly has an 'any' type because expression of type '"SIN ASIGNAR"' can't be used to index type '{}'.
  Property 'SIN ASIGNAR' does not exist on type '{}'.
app-wrapper.tsx(5352,27): error TS7006: Parameter 'pedido' implicitly has an 'any' type.
app-wrapper.tsx(5354,12): error TS7053: Element implicitly has an 'any' type because expression of type 'any' can't be used to index type '{}'.
app-wrapper.tsx(5355,9): error TS7053: Element implicitly has an 'any' type because expression of type 'any' can't be used to index type '{}'.
app-wrapper.tsx(5362,11): error TS7053: Element implicitly has an 'any' type because expression of type 'any' can't be used to index type '{}'.
app-wrapper.tsx(5370,11): error TS7053: Element implicitly has an 'any' type because expression of type 'any' can't be used to index type '{}'.
app-wrapper.tsx(5377,16): error TS18046: 'datos' is of type 'unknown'.
app-wrapper.tsx(5378,15): error TS18046: 'datos' is of type 'unknown'.
app-wrapper.tsx(5396,33): error TS7006: Parameter 'pedido' implicitly has an 'any' type.
app-wrapper.tsx(5422,37): error TS2339: Property 'uid' does not exist on type 'never'.
app-wrapper.tsx(5423,40): error TS2339: Property 'email' does not exist on type 'never'.
app-wrapper.tsx(5425,62): error TS2339: Property 'email' does not exist on type 'never'.
app-wrapper.tsx(5435,48): error TS18046: 'error' is of type 'unknown'.
app-wrapper.tsx(5440,47): error TS7006: Parameter 'pedido' implicitly has an 'any' type.
app-wrapper.tsx(5446,49): error TS7006: Parameter 'pedido' implicitly has an 'any' type.
app-wrapper.tsx(5451,7): error TS7006: Parameter 'e' implicitly has an 'any' type.
app-wrapper.tsx(5482,30): error TS2362: The left-hand side of an arithmetic operation must be of type 'any', 'number', 'bigint' or an enum type.
app-wrapper.tsx(5482,48): error TS2363: The right-hand side of an arithmetic operation must be of type 'any', 'number', 'bigint' or an enum type.
app-wrapper.tsx(5514,37): error TS2339: Property 'uid' does not exist on type 'never'.
app-wrapper.tsx(5515,40): error TS2339: Property 'email' does not exist on type 'never'.
app-wrapper.tsx(5517,73): error TS2339: Property 'email' does not exist on type 'never'.
app-wrapper.tsx(5530,48): error TS18046: 'error' is of type 'unknown'.
app-wrapper.tsx(5709,48): error TS7006: Parameter 'valor' implicitly has an 'any' type.
app-wrapper.tsx(5710,90): error TS2345: Argument of type '"reparto"' is not assignable to parameter of type 'null | undefined'.
app-wrapper.tsx(5711,96): error TS2345: Argument of type '"reparto"' is not assignable to parameter of type 'null | undefined'.
app-wrapper.tsx(5714,31): error TS2322: Type 'string[]' is not assignable to type 'never[]'.
  Type 'string' is not assignable to type 'never'.
app-wrapper.tsx(5719,48): error TS7006: Parameter 'valor' implicitly has an 'any' type.
app-wrapper.tsx(5720,86): error TS2345: Argument of type '"reparto"' is not assignable to parameter of type 'null | undefined'.
app-wrapper.tsx(5732,48): error TS7006: Parameter 'valor' implicitly has an 'any' type.
app-wrapper.tsx(5853,73): error TS7006: Parameter 'snapshot' implicitly has an 'any' type.
app-wrapper.tsx(5854,42): error TS7006: Parameter 'doc' implicitly has an 'any' type.
app-wrapper.tsx(5855,43): error TS7006: Parameter 'p' implicitly has an 'any' type.
app-wrapper.tsx(5995,59): error TS7006: Parameter 'p' implicitly has an 'any' type.
app-wrapper.tsx(6023,27): error TS7031: Binding element 'title' implicitly has an 'any' type.
app-wrapper.tsx(6037,33): error TS7031: Binding element 'isOpen' implicitly has an 'any' type.
app-wrapper.tsx(6037,41): error TS7031: Binding element 'onClose' implicitly has an 'any' type.
app-wrapper.tsx(6037,50): error TS7031: Binding element 'onSave' implicitly has an 'any' type.
app-wrapper.tsx(6043,77): error TS7006: Parameter 'snapshot' implicitly has an 'any' type.
app-wrapper.tsx(6044,50): error TS7006: Parameter 'doc' implicitly has an 'any' type.
app-wrapper.tsx(6046,55): error TS7006: Parameter 'p' implicitly has an 'any' type.
app-wrapper.tsx(6216,45): error TS7006: Parameter 'tipoPrenda' implicitly has an 'any' type.
app-wrapper.tsx(6218,60): error TS7006: Parameter 'item' implicitly has an 'any' type.
app-wrapper.tsx(6218,106): error TS7006: Parameter 'item' implicitly has an 'any' type.
app-wrapper.tsx(6224,52): error TS7006: Parameter 'tipoPrenda' implicitly has an 'any' type.
app-wrapper.tsx(6224,64): error TS7006: Parameter 'color' implicitly has an 'any' type.
app-wrapper.tsx(6227,39): error TS7006: Parameter 'item' implicitly has an 'any' type.
app-wrapper.tsx(6227,109): error TS7006: Parameter 'item' implicitly has an 'any' type.
app-wrapper.tsx(6231,38): error TS2345: Argument of type 'unknown' is not assignable to parameter of type 'string'.
app-wrapper.tsx(6232,38): error TS2345: Argument of type 'unknown' is not assignable to parameter of type 'string'.
app-wrapper.tsx(6236,16): error TS18046: 'a' is of type 'unknown'.
app-wrapper.tsx(6290,35): error TS7053: Element implicitly has an 'any' type because expression of type 'string' can't be used to index type '{ PAREJAS: string[]; "CASACAS DE EQUIPOS": string[]; "CASACAS GEEKS": string[]; PIJAMAS: string[]; "POR MAYOR": string[]; }'.
  No index signature with a parameter of type 'string' was found on type '{ PAREJAS: string[]; "CASACAS DE EQUIPOS": string[]; "CASACAS GEEKS": string[]; PIJAMAS: string[]; "POR MAYOR": string[]; }'.
app-wrapper.tsx(6291,31): error TS7053: Element implicitly has an 'any' type because expression of type 'string' can't be used to index type '{ PAREJAS: string[]; "CASACAS DE EQUIPOS": string[]; "CASACAS GEEKS": string[]; PIJAMAS: string[]; "POR MAYOR": string[]; }'.
  No index signature with a parameter of type 'string' was found on type '{ PAREJAS: string[]; "CASACAS DE EQUIPOS": string[]; "CASACAS GEEKS": string[]; PIJAMAS: string[]; "POR MAYOR": string[]; }'.
app-wrapper.tsx(6307,25): error TS7006: Parameter 'e' implicitly has an 'any' type.
app-wrapper.tsx(6349,65): error TS7006: Parameter 'p' implicitly has an 'any' type.
app-wrapper.tsx(6364,72): error TS7006: Parameter 'v' implicitly has an 'any' type.
app-wrapper.tsx(6374,63): error TS7006: Parameter 'v' implicitly has an 'any' type.
app-wrapper.tsx(6380,7): error TS7053: Element implicitly has an 'any' type because expression of type 'string' can't be used to index type '{ id: string; productoId: string; cantidad: number; precioSeleccionado: number; varianteId: string; imagenReferencial: null; }'.
  No index signature with a parameter of type 'string' was found on type '{ id: string; productoId: string; cantidad: number; precioSeleccionado: number; varianteId: string; imagenReferencial: null; }'.
app-wrapper.tsx(6390,31): error TS7006: Parameter 'productosArray' implicitly has an 'any' type.
app-wrapper.tsx(6392,28): error TS7006: Parameter 'prod' implicitly has an 'any' type.
app-wrapper.tsx(6414,37): error TS7006: Parameter 'productIndex' implicitly has an 'any' type.
app-wrapper.tsx(6414,51): error TS7006: Parameter 'prendaIndex' implicitly has an 'any' type.
app-wrapper.tsx(6414,64): error TS7006: Parameter 'field' implicitly has an 'any' type.
app-wrapper.tsx(6414,71): error TS7006: Parameter 'value' implicitly has an 'any' type.
app-wrapper.tsx(6416,60): error TS2339: Property 'detallesPrenda' does not exist on type '{ id: string; productoId: string; cantidad: number; precioSeleccionado: number; varianteId: string; imagenReferencial: null; }'.
app-wrapper.tsx(6428,34): error TS2304: Cannot find name 'inventoryData'.
app-wrapper.tsx(6429,10): error TS7006: Parameter 'item' implicitly has an 'any' type.
app-wrapper.tsx(6489,31): error TS7006: Parameter 'index' implicitly has an 'any' type.
app-wrapper.tsx(6489,38): error TS7006: Parameter 'field' implicitly has an 'any' type.
app-wrapper.tsx(6489,45): error TS7006: Parameter 'value' implicitly has an 'any' type.
app-wrapper.tsx(6491,5): error TS7053: Element implicitly has an 'any' type because expression of type 'any' can't be used to index type '{ id: string; regaloId: string; cantidad: number; }'.
app-wrapper.tsx(6494,7): error TS7053: Element implicitly has an 'any' type because expression of type 'any' can't be used to index type '{ id: string; regaloId: string; cantidad: number; }'.
app-wrapper.tsx(6507,27): error TS2339: Property 'email' does not exist on type 'never'.
app-wrapper.tsx(6511,17): error TS2345: Argument of type '(prev: { clienteNombre: string; clienteApellidos: string; clienteContacto: string; clienteContactoSecundario: string; clienteCorreo: string; clienteTipoDocumento: string; clienteNumeroDocumento: string; ... 60 more ...; instruccionesEmpaquetado: string; }) => { ...; }' is not assignable to parameter of type 'SetStateAction<{ clienteNombre: string; clienteApellidos: string; clienteContacto: string; clienteContactoSecundario: string; clienteCorreo: string; clienteTipoDocumento: string; clienteNumeroDocumento: string; ... 60 more ...; instruccionesEmpaquetado: string; }>'.
  Type '(prev: { clienteNombre: string; clienteApellidos: string; clienteContacto: string; clienteContactoSecundario: string; clienteCorreo: string; clienteTipoDocumento: string; clienteNumeroDocumento: string; ... 60 more ...; instruccionesEmpaquetado: string; }) => { ...; }' is not assignable to type '(prevState: { clienteNombre: string; clienteApellidos: string; clienteContacto: string; clienteContactoSecundario: string; clienteCorreo: string; clienteTipoDocumento: string; clienteNumeroDocumento: string; ... 60 more ...; instruccionesEmpaquetado: string; }) => { ...; }'.
    Call signature return types '{ comentarios: { id: string; texto: string; autor: any; fecha: string; timestamp: Date; }[]; clienteNombre: string; clienteApellidos: string; clienteContacto: string; clienteContactoSecundario: string; ... 62 more ...; instruccionesEmpaquetado: string; }' and '{ clienteNombre: string; clienteApellidos: string; clienteContacto: string; clienteContactoSecundario: string; clienteCorreo: string; clienteTipoDocumento: string; clienteNumeroDocumento: string; ... 60 more ...; instruccionesEmpaquetado: string; }' are incompatible.
      The types of 'comentarios' are incompatible between these types.
        Type '{ id: string; texto: string; autor: any; fecha: string; timestamp: Date; }[]' is not assignable to type 'never[]'.
          Type '{ id: string; texto: string; autor: any; fecha: string; timestamp: Date; }' is not assignable to type 'never'.
app-wrapper.tsx(6528,57): error TS7006: Parameter 'cliente' implicitly has an 'any' type.
app-wrapper.tsx(6551,59): error TS7006: Parameter 'pedido' implicitly has an 'any' type.
app-wrapper.tsx(6635,39): error TS7006: Parameter 'index' implicitly has an 'any' type.
app-wrapper.tsx(6635,46): error TS7006: Parameter 'field' implicitly has an 'any' type.
app-wrapper.tsx(6635,53): error TS7006: Parameter 'file' implicitly has an 'any' type.
app-wrapper.tsx(6637,5): error TS7053: Element implicitly has an 'any' type because expression of type 'any' can't be used to index type '{ id: string; productoId: string; cantidad: number; precioSeleccionado: number; varianteId: string; imagenReferencial: null; }'.
app-wrapper.tsx(6641,41): error TS7006: Parameter 'files' implicitly has an 'any' type.
app-wrapper.tsx(6648,53): error TS2339: Property 'clienteContacto' does not exist on type '{}'.
app-wrapper.tsx(6650,17): error TS2339: Property 'clienteContacto' does not exist on type '{}'.
app-wrapper.tsx(6652,17): error TS2339: Property 'clienteContactoSecundario' does not exist on type '{}'.
app-wrapper.tsx(6653,51): error TS2339: Property 'clienteNombre' does not exist on type '{}'.
app-wrapper.tsx(6654,54): error TS2339: Property 'clienteApellidos' does not exist on type '{}'.
app-wrapper.tsx(6655,51): error TS2339: Property 'clienteTipoDocumento' does not exist on type '{}'.
app-wrapper.tsx(6657,17): error TS2339: Property 'clienteNumeroDocumento' does not exist on type '{}'.
app-wrapper.tsx(6658,50): error TS2339: Property 'clienteDepartamento' does not exist on type '{}'.
app-wrapper.tsx(6660,17): error TS2339: Property 'clienteProvincia' does not exist on type '{}'.
app-wrapper.tsx(6662,17): error TS2339: Property 'clienteDistritoReal' does not exist on type '{}'.
app-wrapper.tsx(6665,41): error TS2339: Property 'canalVenta' does not exist on type '{}'.
app-wrapper.tsx(6666,40): error TS2339: Property 'activador' does not exist on type '{}'.
app-wrapper.tsx(6667,44): error TS2339: Property 'lineaProducto' does not exist on type '{}'.
app-wrapper.tsx(6669,17): error TS2339: Property 'whatsappOrigen' does not exist on type '{}'.
app-wrapper.tsx(6670,39): error TS2339: Property 'vendedor' does not exist on type '{}'.
app-wrapper.tsx(6672,17): error TS2339: Property 'productosGenerales' does not exist on type '{}'.
app-wrapper.tsx(6677,53): error TS2339: Property 'envioContacto' does not exist on type '{}'.
app-wrapper.tsx(6679,19): error TS2339: Property 'envioContacto' does not exist on type '{}'.
app-wrapper.tsx(6681,19): error TS2339: Property 'envioContactoSecundario' does not exist on type '{}'.
app-wrapper.tsx(6683,19): error TS2339: Property 'envioNombreCliente' does not exist on type '{}'.
app-wrapper.tsx(6685,19): error TS2339: Property 'envioTipoDocumento' does not exist on type '{}'.
app-wrapper.tsx(6687,19): error TS2339: Property 'envioNumeroDocumento' does not exist on type '{}'.
app-wrapper.tsx(6688,50): error TS2339: Property 'envioDepartamento' does not exist on type '{}'.
app-wrapper.tsx(6690,19): error TS2339: Property 'envioProvincia' does not exist on type '{}'.
app-wrapper.tsx(6692,19): error TS2339: Property 'envioDistrito' does not exist on type '{}'.
app-wrapper.tsx(6697,19): error TS2339: Property 'envioDireccionLima' does not exist on type '{}'.
app-wrapper.tsx(6700,19): error TS2339: Property 'agenciaEnvio' does not exist on type '{}'.
app-wrapper.tsx(6708,19): error TS2339: Property 'envioDireccionLima' does not exist on type '{}'.
app-wrapper.tsx(6711,19): error TS2339: Property 'agenciaEnvio' does not exist on type '{}'.
app-wrapper.tsx(6716,47): error TS2339: Property 'montoAdelanto' does not exist on type '{}'.
app-wrapper.tsx(6722,17): error TS2339: Property 'montoTotal' does not exist on type '{}'.
app-wrapper.tsx(6729,31): error TS7006: Parameter 'e' implicitly has an 'any' type.
app-wrapper.tsx(6743,10): error TS7006: Parameter 'c' implicitly has an 'any' type.
app-wrapper.tsx(6810,11): error TS2551: Property 'imagenProductoReferencia' does not exist on type '{ id: string; productoId: string; cantidad: number; precioSeleccionado: number; varianteId: string; imagenReferencial: null; }'. Did you mean 'imagenReferencial'?
app-wrapper.tsx(6810,56): error TS2551: Property 'imagenProductoReferencia' does not exist on type '{ id: string; productoId: string; cantidad: number; precioSeleccionado: number; varianteId: string; imagenReferencial: null; }'. Did you mean 'imagenReferencial'?
app-wrapper.tsx(6810,90): error TS2551: Property 'imagenProductoReferencia' does not exist on type '{ id: string; productoId: string; cantidad: number; precioSeleccionado: number; varianteId: string; imagenReferencial: null; }'. Did you mean 'imagenReferencial'?
app-wrapper.tsx(6818,35): error TS2345: Argument of type 'number' is not assignable to parameter of type 'string'.
app-wrapper.tsx(6828,35): error TS2345: Argument of type 'number' is not assignable to parameter of type 'string'.
app-wrapper.tsx(6840,41): error TS2339: Property 'uid' does not exist on type 'never'.
app-wrapper.tsx(6844,48): error TS2339: Property 'uid' does not exist on type 'never'.
app-wrapper.tsx(6845,51): error TS2339: Property 'email' does not exist on type 'never'.
app-wrapper.tsx(6847,112): error TS2339: Property 'email' does not exist on type 'never'.
app-wrapper.tsx(6857,9): error TS2322: Type 'Date' is not assignable to type 'null'.
app-wrapper.tsx(6914,18): error TS2339: Property 'id' does not exist on type '{ productos: { productoId: string; cantidad: number; }[]; montoTotal: number; montoAdelanto: number; montoPendiente: number; fechaEnvio: string | null; createdAt: Date | undefined; updatedAt: Date | undefined; ... 64 more ...; instruccionesEmpaquetado: string; }'.
app-wrapper.tsx(6919,18): error TS2339: Property 'clienteId' does not exist on type '{ productos: { productoId: string; cantidad: number; }[]; montoTotal: number; montoAdelanto: number; montoPendiente: number; fechaEnvio: string | null; createdAt: Date | undefined; updatedAt: Date | undefined; ... 64 more ...; instruccionesEmpaquetado: string; }'.
app-wrapper.tsx(6942,53): error TS7006: Parameter 'c' implicitly has an 'any' type.
app-wrapper.tsx(6960,46): error TS18046: 'error' is of type 'unknown'.
app-wrapper.tsx(7074,18): error TS2741: Property 'className' is missing in type '{ label: string; id: string; name: string; value: string; onChange: (e: any) => void; options: { value: string; label: string; }[]; placeholder: string; required: true; error: any; }' but required in type '{ [x: string]: any; label: any; id: any; value: any; onChange: any; options: any; placeholder: any; required: any; error: any; className: any; }'.
app-wrapper.tsx(7094,18): error TS2741: Property 'className' is missing in type '{ label: string; id: string; name: string; value: string; onChange: (e: any) => void; options: { value: string; label: string; }[]; placeholder: string; required: true; error: any; }' but required in type '{ [x: string]: any; label: any; id: any; value: any; onChange: any; options: any; placeholder: any; required: any; error: any; className: any; }'.
app-wrapper.tsx(7105,18): error TS2741: Property 'className' is missing in type '{ label: string; id: string; name: string; value: string; onChange: (e: any) => void; options: { value: string; label: string; }[]; placeholder: string; required: boolean; disabled: boolean; error: any; }' but required in type '{ [x: string]: any; label: any; id: any; value: any; onChange: any; options: any; placeholder: any; required: any; error: any; className: any; }'.
app-wrapper.tsx(7117,18): error TS2741: Property 'className' is missing in type '{ label: string; id: string; name: string; value: string; onChange: (e: any) => void; options: { value: string; label: string; }[]; placeholder: string; required: boolean; disabled: boolean; error: any; }' but required in type '{ [x: string]: any; label: any; id: any; value: any; onChange: any; options: any; placeholder: any; required: any; error: any; className: any; }'.
app-wrapper.tsx(7148,18): error TS2741: Property 'className' is missing in type '{ label: string; id: string; name: string; value: string; onChange: (e: any) => void; options: { value: string; label: string; }[]; placeholder: string; required: true; error: any; }' but required in type '{ [x: string]: any; label: any; id: any; value: any; onChange: any; options: any; placeholder: any; required: any; error: any; className: any; }'.
app-wrapper.tsx(7159,18): error TS2741: Property 'className' is missing in type '{ label: string; id: string; name: string; value: string; onChange: (e: any) => void; options: { value: string; label: string; }[]; placeholder: string; required: true; error: any; }' but required in type '{ [x: string]: any; label: any; id: any; value: any; onChange: any; options: any; placeholder: any; required: any; error: any; className: any; }'.
app-wrapper.tsx(7170,18): error TS2741: Property 'className' is missing in type '{ label: string; id: string; name: string; value: string; onChange: (e: any) => void; options: { value: string; label: string; }[]; placeholder: string; required: true; error: any; }' but required in type '{ [x: string]: any; label: any; id: any; value: any; onChange: any; options: any; placeholder: any; required: any; error: any; className: any; }'.
app-wrapper.tsx(7181,18): error TS2741: Property 'className' is missing in type '{ label: string; id: string; name: string; value: string; onChange: (e: any) => void; options: { value: any; label: any; }[]; placeholder: string; required: boolean; disabled: boolean; error: any; }' but required in type '{ [x: string]: any; label: any; id: any; value: any; onChange: any; options: any; placeholder: any; required: any; error: any; className: any; }'.
app-wrapper.tsx(7219,26): error TS2741: Property 'className' is missing in type '{ label: string; id: string; value: any; onChange: (e: any) => void; options: { value: any; label: any; }[]; placeholder: string; required: true; error: any; }' but required in type '{ [x: string]: any; label: any; id: any; value: any; onChange: any; options: any; placeholder: any; required: any; error: any; className: any; }'.
app-wrapper.tsx(7223,38): error TS7006: Parameter 'e' implicitly has an 'any' type.
app-wrapper.tsx(7236,38): error TS7006: Parameter 'e' implicitly has an 'any' type.
app-wrapper.tsx(7257,88): error TS7006: Parameter 'p' implicitly has an 'any' type.
app-wrapper.tsx(7272,58): error TS7006: Parameter 'precio' implicitly has an 'any' type.
app-wrapper.tsx(7291,70): error TS7006: Parameter 'variante' implicitly has an 'any' type.
app-wrapper.tsx(7309,22): error TS2739: Type '{ label: string; id: string; onFileChange: (file: any) => void; currentFile: any; accept: string; maxSizeMB: number; }' is missing the following properties from type '{ label: any; id: any; onFileChange: any; currentFile: any; required: any; error: any; accept?: string | undefined; maxSizeMB?: number | undefined; }': required, error
app-wrapper.tsx(7312,38): error TS7006: Parameter 'file' implicitly has an 'any' type.
app-wrapper.tsx(7330,22): error TS2739: Type '{ label: string; id: string; value: string; onChange: (e: any) => void; options: { value: string; label: string; }[]; placeholder: string; }' is missing the following properties from type '{ [x: string]: any; label: any; id: any; value: any; onChange: any; options: any; placeholder: any; required: any; error: any; className: any; }': required, error, className
app-wrapper.tsx(7334,34): error TS7006: Parameter 'e' implicitly has an 'any' type.
app-wrapper.tsx(7345,34): error TS7006: Parameter 'e' implicitly has an 'any' type.
app-wrapper.tsx(7451,34): error TS7006: Parameter 'e' implicitly has an 'any' type.
app-wrapper.tsx(7460,34): error TS7006: Parameter 'e' implicitly has an 'any' type.
app-wrapper.tsx(7472,22): error TS2741: Property 'className' is missing in type '{ label: string; id: string; name: string; value: string; onChange: (e: any) => void; options: { value: string; label: string; }[]; placeholder: string; required: true; error: any; }' but required in type '{ [x: string]: any; label: any; id: any; value: any; onChange: any; options: any; placeholder: any; required: any; error: any; className: any; }'.
app-wrapper.tsx(7494,22): error TS2741: Property 'className' is missing in type '{ label: string; id: string; name: string; value: string; onChange: (e: any) => void; options: { value: string; label: string; }[]; placeholder: string; required: true; error: any; }' but required in type '{ [x: string]: any; label: any; id: any; value: any; onChange: any; options: any; placeholder: any; required: any; error: any; className: any; }'.
app-wrapper.tsx(7505,22): error TS2741: Property 'className' is missing in type '{ label: string; id: string; name: string; value: string; onChange: (e: any) => void; options: { value: string; label: string; }[]; placeholder: string; required: boolean; disabled: boolean; error: any; }' but required in type '{ [x: string]: any; label: any; id: any; value: any; onChange: any; options: any; placeholder: any; required: any; error: any; className: any; }'.
app-wrapper.tsx(7517,22): error TS2741: Property 'className' is missing in type '{ label: string; id: string; name: string; value: string; onChange: (e: any) => void; options: { value: string; label: string; }[]; placeholder: string; required: boolean; disabled: boolean; error: any; }' but required in type '{ [x: string]: any; label: any; id: any; value: any; onChange: any; options: any; placeholder: any; required: any; error: any; className: any; }'.
app-wrapper.tsx(7688,18): error TS2741: Property 'className' is missing in type '{ label: string; id: string; name: string; value: string; onChange: (e: any) => void; options: { value: string; label: string; }[]; placeholder: string; required: true; error: any; }' but required in type '{ [x: string]: any; label: any; id: any; value: any; onChange: any; options: any; placeholder: any; required: any; error: any; className: any; }'.
app-wrapper.tsx(7732,41): error TS2339: Property 'id' does not exist on type 'never'.
app-wrapper.tsx(7735,80): error TS2339: Property 'texto' does not exist on type 'never'.
app-wrapper.tsx(7737,39): error TS2339: Property 'autor' does not exist on type 'never'.
app-wrapper.tsx(7737,60): error TS2339: Property 'fecha' does not exist on type 'never'.
app-wrapper.tsx(7802,37): error TS7031: Binding element 'isOpen' implicitly has an 'any' type.
app-wrapper.tsx(7802,45): error TS7031: Binding element 'onClose' implicitly has an 'any' type.
app-wrapper.tsx(7802,54): error TS7031: Binding element 'etapaId' implicitly has an 'any' type.
app-wrapper.tsx(7802,63): error TS7031: Binding element 'etapaNombre' implicitly has an 'any' type.
app-wrapper.tsx(7803,11): error TS2339: Property 'isOwner' does not exist on type '{ currentUser: null; userData: null; loadingAuth: boolean; hasRole: () => boolean; isAdmin: () => boolean; hasPermission: () => boolean; hasSpecialPermission: () => boolean; isMasterAdmin: () => boolean; canAccess: () => boolean; login: () => Promise<{ success: boolean; }>; logout: () => void; registerUser: () => vo...'.
app-wrapper.tsx(7832,58): error TS7006: Parameter 'c' implicitly has an 'any' type.
app-wrapper.tsx(7849,60): error TS7006: Parameter 'c' implicitly has an 'any' type.
app-wrapper.tsx(7873,26): error TS7006: Parameter 'event' implicitly has an 'any' type.
app-wrapper.tsx(7902,32): error TS7006: Parameter 'columnaId' implicitly has an 'any' type.
app-wrapper.tsx(7918,7): error TS7053: Element implicitly has an 'any' type because expression of type 'any' can't be used to index type '{ orden: any[]; }'.
app-wrapper.tsx(7969,23): error TS2322: Type 'unknown' is not assignable to type 'Key | null | undefined'.
app-wrapper.tsx(7969,33): error TS2322: Type 'unknown' is not assignable to type 'string | number | readonly string[] | undefined'.
app-wrapper.tsx(7970,18): error TS18046: 'cat' is of type 'unknown'.
app-wrapper.tsx(7970,48): error TS18046: 'cat' is of type 'unknown'.
app-wrapper.tsx(8036,30): error TS7031: Binding element 'columna' implicitly has an 'any' type.
app-wrapper.tsx(8036,39): error TS7031: Binding element 'visible' implicitly has an 'any' type.
app-wrapper.tsx(8036,48): error TS7031: Binding element 'onToggleVisible' implicitly has an 'any' type.
app-wrapper.tsx(8100,40): error TS7006: Parameter 'rowData' implicitly has an 'any' type.
app-wrapper.tsx(8100,49): error TS7006: Parameter 'mapeo' implicitly has an 'any' type.
app-wrapper.tsx(8100,56): error TS7006: Parameter 'identificador' implicitly has an 'any' type.
app-wrapper.tsx(8100,71): error TS7006: Parameter 'identificadorValor' implicitly has an 'any' type.
app-wrapper.tsx(8108,38): error TS2339: Property 'get' does not exist on type 'never'.
app-wrapper.tsx(8110,59): error TS7006: Parameter 'p' implicitly has an 'any' type.
app-wrapper.tsx(8123,41): error TS7006: Parameter 'p' implicitly has an 'any' type.
app-wrapper.tsx(8134,7): error TS7034: Variable 'pedido' implicitly has type 'any' in some locations where its type cannot be determined.
app-wrapper.tsx(8150,62): error TS18046: 'config' is of type 'unknown'.
app-wrapper.tsx(8153,13): error TS18046: 'config' is of type 'unknown'.
app-wrapper.tsx(8156,13): error TS2322: Type '{}' is not assignable to type 'string | number | boolean | Date | null'.
app-wrapper.tsx(8168,17): error TS2322: Type 'string | undefined' is not assignable to type 'string | number | boolean | Date | null'.
  Type 'undefined' is not assignable to type 'string | number | boolean | Date | null'.
app-wrapper.tsx(8174,32): error TS7005: Variable 'pedido' implicitly has an 'any' type.
app-wrapper.tsx(8174,40): error TS18046: 'config' is of type 'unknown'.
app-wrapper.tsx(8205,62): error TS18046: 'config' is of type 'unknown'.
app-wrapper.tsx(8208,13): error TS18046: 'config' is of type 'unknown'.
app-wrapper.tsx(8211,13): error TS2322: Type '{}' is not assignable to type 'string | number | boolean | Date | null'.
app-wrapper.tsx(8223,17): error TS2322: Type 'string | undefined' is not assignable to type 'string | number | boolean | Date | null'.
  Type 'undefined' is not assignable to type 'string | number | boolean | Date | null'.
app-wrapper.tsx(8229,32): error TS7005: Variable 'pedido' implicitly has an 'any' type.
app-wrapper.tsx(8229,40): error TS18046: 'config' is of type 'unknown'.
app-wrapper.tsx(8240,17): error TS2339: Property 'id' does not exist on type '{ clienteNombre: string; clienteApellidos: string; clienteContacto: string; clienteContactoSecundario: string; clienteCorreo: string; clienteTipoDocumento: string; clienteNumeroDocumento: string; ... 48 more ...; historialModificaciones: never[]; }'.
app-wrapper.tsx(8240,31): error TS2339: Property 'numeroPedido' does not exist on type '{ clienteNombre: string; clienteApellidos: string; clienteContacto: string; clienteContactoSecundario: string; clienteCorreo: string; clienteTipoDocumento: string; clienteNumeroDocumento: string; ... 48 more ...; historialModificaciones: never[]; }'.
app-wrapper.tsx(8241,14): error TS2339: Property 'id' does not exist on type '{ clienteNombre: string; clienteApellidos: string; clienteContacto: string; clienteContactoSecundario: string; clienteCorreo: string; clienteTipoDocumento: string; clienteNumeroDocumento: string; ... 48 more ...; historialModificaciones: never[]; }'.
app-wrapper.tsx(8242,14): error TS2339: Property 'numeroPedido' does not exist on type '{ clienteNombre: string; clienteApellidos: string; clienteContacto: string; clienteContactoSecundario: string; clienteCorreo: string; clienteTipoDocumento: string; clienteNumeroDocumento: string; ... 48 more ...; historialModificaciones: never[]; }'.
app-wrapper.tsx(8242,36): error TS2339: Property 'id' does not exist on type '{ clienteNombre: string; clienteApellidos: string; clienteContacto: string; clienteContactoSecundario: string; clienteCorreo: string; clienteTipoDocumento: string; clienteNumeroDocumento: string; ... 48 more ...; historialModificaciones: never[]; }'.
app-wrapper.tsx(8243,24): error TS2339: Property 'id' does not exist on type '{ clienteNombre: string; clienteApellidos: string; clienteContacto: string; clienteContactoSecundario: string; clienteCorreo: string; clienteTipoDocumento: string; clienteNumeroDocumento: string; ... 48 more ...; historialModificaciones: never[]; }'.
app-wrapper.tsx(8244,14): error TS2339: Property 'id' does not exist on type '{ clienteNombre: string; clienteApellidos: string; clienteContacto: string; clienteContactoSecundario: string; clienteCorreo: string; clienteTipoDocumento: string; clienteNumeroDocumento: string; ... 48 more ...; historialModificaciones: never[]; }'.
app-wrapper.tsx(8244,26): error TS2339: Property 'numeroPedido' does not exist on type '{ clienteNombre: string; clienteApellidos: string; clienteContacto: string; clienteContactoSecundario: string; clienteCorreo: string; clienteTipoDocumento: string; clienteNumeroDocumento: string; ... 48 more ...; historialModificaciones: never[]; }'.
app-wrapper.tsx(8245,24): error TS2339: Property 'numeroPedido' does not exist on type '{ clienteNombre: string; clienteApellidos: string; clienteContacto: string; clienteContactoSecundario: string; clienteCorreo: string; clienteTipoDocumento: string; clienteNumeroDocumento: string; ... 48 more ...; historialModificaciones: never[]; }'.
app-wrapper.tsx(8246,14): error TS2339: Property 'numeroPedido' does not exist on type '{ clienteNombre: string; clienteApellidos: string; clienteContacto: string; clienteContactoSecundario: string; clienteCorreo: string; clienteTipoDocumento: string; clienteNumeroDocumento: string; ... 48 more ...; historialModificaciones: never[]; }'.
app-wrapper.tsx(8246,36): error TS2339: Property 'id' does not exist on type '{ clienteNombre: string; clienteApellidos: string; clienteContacto: string; clienteContactoSecundario: string; clienteCorreo: string; clienteTipoDocumento: string; clienteNumeroDocumento: string; ... 48 more ...; historialModificaciones: never[]; }'.
app-wrapper.tsx(8251,7): error TS2322: Type '{ timestamp: Date; usuarioId: string; usuarioEmail: string; accion: string; detalle: string; }' is not assignable to type 'never'.
app-wrapper.tsx(8269,38): error TS7006: Parameter 'pedidos' implicitly has an 'any' type.
app-wrapper.tsx(8289,20): error TS7006: Parameter 'pedido' implicitly has an 'any' type.
app-wrapper.tsx(8313,42): error TS7006: Parameter 'file' implicitly has an 'any' type.
app-wrapper.tsx(8323,24): error TS18047: 'e.target' is possibly 'null'.
app-wrapper.tsx(8324,25): error TS18047: 'text' is possibly 'null'.
app-wrapper.tsx(8324,30): error TS2339: Property 'split' does not exist on type 'string | ArrayBuffer'.
  Property 'split' does not exist on type 'ArrayBuffer'.
app-wrapper.tsx(8324,49): error TS7006: Parameter 'line' implicitly has an 'any' type.
app-wrapper.tsx(8331,54): error TS7006: Parameter 'h' implicitly has an 'any' type.
app-wrapper.tsx(8332,17): error TS7034: Variable 'headers' implicitly has type 'any[]' in some locations where its type cannot be determined.
app-wrapper.tsx(8334,30): error TS7006: Parameter 'h' implicitly has an 'any' type.
app-wrapper.tsx(8337,17): error TS7053: Element implicitly has an 'any' type because expression of type 'any' can't be used to index type '{}'.
app-wrapper.tsx(8338,15): error TS7053: Element implicitly has an 'any' type because expression of type 'any' can't be used to index type '{}'.
app-wrapper.tsx(8339,37): error TS7053: Element implicitly has an 'any' type because expression of type 'any' can't be used to index type '{}'.
app-wrapper.tsx(8341,15): error TS7053: Element implicitly has an 'any' type because expression of type 'any' can't be used to index type '{}'.
app-wrapper.tsx(8346,44): error TS7006: Parameter 'line' implicitly has an 'any' type.
app-wrapper.tsx(8346,50): error TS7006: Parameter 'index' implicitly has an 'any' type.
app-wrapper.tsx(8347,48): error TS7006: Parameter 'v' implicitly has an 'any' type.
app-wrapper.tsx(8349,13): error TS7005: Variable 'headers' implicitly has an 'any[]' type.
app-wrapper.tsx(8350,15): error TS7053: Element implicitly has an 'any' type because expression of type 'any' can't be used to index type '{}'.
app-wrapper.tsx(8353,21): error TS7006: Parameter 'row' implicitly has an 'any' type.
app-wrapper.tsx(8357,21): error TS7005: Variable 'headers' implicitly has an 'any[]' type.
app-wrapper.tsx(8367,39): error TS18047: 'e.target' is possibly 'null'.
app-wrapper.tsx(8367,39): error TS2769: No overload matches this call.
  The last overload gave the following error.
    Argument of type 'string | ArrayBuffer | null' is not assignable to parameter of type 'ArrayBuffer | ArrayLike<number>'.
      Type 'null' is not assignable to type 'ArrayBuffer | ArrayLike<number>'.
app-wrapper.tsx(8396,34): error TS18046: 'row' is of type 'unknown'.
app-wrapper.tsx(8396,45): error TS7006: Parameter 'cell' implicitly has an 'any' type.
app-wrapper.tsx(8405,44): error TS2339: Property 'some' does not exist on type '{}'.
app-wrapper.tsx(8405,49): error TS7006: Parameter 'c' implicitly has an 'any' type.
app-wrapper.tsx(8414,30): error TS2571: Object is of type 'unknown'.
app-wrapper.tsx(8414,59): error TS7006: Parameter 'h' implicitly has an 'any' type.
app-wrapper.tsx(8414,95): error TS7006: Parameter 'h' implicitly has an 'any' type.
app-wrapper.tsx(8415,17): error TS7034: Variable 'headers' implicitly has type 'any[]' in some locations where its type cannot be determined.
app-wrapper.tsx(8417,17): error TS7034: Variable 'headerOriginalIndices' implicitly has type 'any[]' in some locations where its type cannot be determined.
app-wrapper.tsx(8419,11): error TS2571: Object is of type 'unknown'.
app-wrapper.tsx(8419,45): error TS7006: Parameter 'h' implicitly has an 'any' type.
app-wrapper.tsx(8419,48): error TS7006: Parameter 'originalIndex' implicitly has an 'any' type.
app-wrapper.tsx(8424,17): error TS7053: Element implicitly has an 'any' type because expression of type 'string' can't be used to index type '{}'.
  No index signature with a parameter of type 'string' was found on type '{}'.
app-wrapper.tsx(8425,15): error TS7053: Element implicitly has an 'any' type because expression of type 'string' can't be used to index type '{}'.
  No index signature with a parameter of type 'string' was found on type '{}'.
app-wrapper.tsx(8426,44): error TS7053: Element implicitly has an 'any' type because expression of type 'string' can't be used to index type '{}'.
  No index signature with a parameter of type 'string' was found on type '{}'.
app-wrapper.tsx(8428,15): error TS7053: Element implicitly has an 'any' type because expression of type 'string' can't be used to index type '{}'.
  No index signature with a parameter of type 'string' was found on type '{}'.
app-wrapper.tsx(8442,13): error TS7005: Variable 'headers' implicitly has an 'any[]' type.
app-wrapper.tsx(8443,40): error TS7005: Variable 'headerOriginalIndices' implicitly has an 'any[]' type.
app-wrapper.tsx(8444,15): error TS7053: Element implicitly has an 'any' type because expression of type 'any' can't be used to index type '{}'.
app-wrapper.tsx(8444,33): error TS18046: 'row' is of type 'unknown'.
app-wrapper.tsx(8444,71): error TS18046: 'row' is of type 'unknown'.
app-wrapper.tsx(8452,21): error TS7005: Variable 'headers' implicitly has an 'any[]' type.
app-wrapper.tsx(8463,69): error TS2339: Property 'header' does not exist on type '{}'.
app-wrapper.tsx(8463,77): error TS2339: Property 'mapeoActual' does not exist on type '{}'.
app-wrapper.tsx(8463,90): error TS2339: Property 'onChange' does not exist on type '{}'.
app-wrapper.tsx(8463,100): error TS2339: Property 'camposAgrupados' does not exist on type '{}'.
app-wrapper.tsx(8480,58): error TS7006: Parameter 'c' implicitly has an 'any' type.
app-wrapper.tsx(8495,37): error TS7006: Parameter 'campo' implicitly has an 'any' type.
app-wrapper.tsx(8499,57): error TS7006: Parameter 'c' implicitly has an 'any' type.
app-wrapper.tsx(8521,64): error TS7006: Parameter 'campo' implicitly has an 'any' type.
app-wrapper.tsx(8528,9): error TS7053: Element implicitly has an 'any' type because expression of type 'string' can't be used to index type '{}'.
  No index signature with a parameter of type 'string' was found on type '{}'.
app-wrapper.tsx(8572,57): error TS7006: Parameter 'campo' implicitly has an 'any' type.
app-wrapper.tsx(8598,15): error TS2339: Property 'header' does not exist on type 'object'.
app-wrapper.tsx(8598,36): error TS2339: Property 'header' does not exist on type 'object'.
app-wrapper.tsx(8599,15): error TS2339: Property 'mapeoActual' does not exist on type 'object'.
app-wrapper.tsx(8599,48): error TS2339: Property 'mapeoActual' does not exist on type 'object'.
app-wrapper.tsx(8600,15): error TS2339: Property 'camposAgrupados' does not exist on type 'object'.
app-wrapper.tsx(8600,45): error TS2339: Property 'camposAgrupados' does not exist on type 'object'.
app-wrapper.tsx(8605,35): error TS7031: Binding element 'isOpen' implicitly has an 'any' type.
app-wrapper.tsx(8605,43): error TS7031: Binding element 'onClose' implicitly has an 'any' type.
app-wrapper.tsx(8634,35): error TS7006: Parameter 'e' implicitly has an 'any' type.
app-wrapper.tsx(8657,9): error TS7006: Parameter 'm' implicitly has an 'any' type.
app-wrapper.tsx(8663,99): error TS18046: 'data' is of type 'unknown'.
app-wrapper.tsx(8669,48): error TS18046: 'error' is of type 'unknown'.
app-wrapper.tsx(8696,38): error TS7006: Parameter 'p' implicitly has an 'any' type.
app-wrapper.tsx(8720,113): error TS2345: Argument of type 'Map<any, any>' is not assignable to parameter of type 'null | undefined'.
app-wrapper.tsx(8733,22): error TS18046: 'error' is of type 'unknown'.
app-wrapper.tsx(8767,70): error TS7006: Parameter 'm' implicitly has an 'any' type.
app-wrapper.tsx(8787,48): error TS18046: 'error' is of type 'unknown'.
app-wrapper.tsx(8798,42): error TS7006: Parameter 'header' implicitly has an 'any' type.
app-wrapper.tsx(8798,50): error TS7006: Parameter 'nuevoMapeo' implicitly has an 'any' type.
app-wrapper.tsx(8815,61): error TS7006: Parameter 'h' implicitly has an 'any' type.
app-wrapper.tsx(8829,51): error TS7006: Parameter 'h' implicitly has an 'any' type.
app-wrapper.tsx(8847,28): error TS2339: Property 'value' does not exist on type 'never'.
app-wrapper.tsx(8923,47): error TS7006: Parameter 'header' implicitly has an 'any' type.
app-wrapper.tsx(8923,55): error TS7006: Parameter 'index' implicitly has an 'any' type.
app-wrapper.tsx(8934,31): error TS2322: Type '{ header: any; mapeoActual: any; onChange: (nuevoMapeo: any) => void; camposAgrupados: Record<string, any>; }' is not assignable to type 'IntrinsicAttributes & object'.
  Property 'header' does not exist on type 'IntrinsicAttributes & object'.
app-wrapper.tsx(8936,42): error TS7006: Parameter 'nuevoMapeo' implicitly has an 'any' type.
app-wrapper.tsx(8998,21): error TS7034: Variable 'duplicados' implicitly has type 'any[]' in some locations where its type cannot be determined.
app-wrapper.tsx(9001,23): error TS7053: Element implicitly has an 'any' type because expression of type 'any' can't be used to index type '{}'.
app-wrapper.tsx(9002,26): error TS7005: Variable 'duplicados' implicitly has an 'any[]' type.
app-wrapper.tsx(9006,21): error TS7053: Element implicitly has an 'any' type because expression of type 'any' can't be used to index type '{}'.
app-wrapper.tsx(9022,24): error TS7005: Variable 'duplicados' implicitly has an 'any[]' type.
app-wrapper.tsx(9026,80): error TS7006: Parameter 'c' implicitly has an 'any' type.
app-wrapper.tsx(9344,3): error TS2304: Cannot find name 'activeTab'.
app-wrapper.tsx(9389,73): error TS7006: Parameter 'snapshot' implicitly has an 'any' type.
app-wrapper.tsx(9390,46): error TS7006: Parameter 'doc' implicitly has an 'any' type.
app-wrapper.tsx(9394,52): error TS7006: Parameter 'p' implicitly has an 'any' type.
app-wrapper.tsx(9403,35): error TS7006: Parameter 'pedidoData' implicitly has an 'any' type.
app-wrapper.tsx(9414,37): error TS7006: Parameter 'pedidoId' implicitly has an 'any' type.
app-wrapper.tsx(9415,24): error TS2554: Expected 0 arguments, but got 2.
app-wrapper.tsx(9430,49): error TS18046: 'error' is of type 'unknown'.
app-wrapper.tsx(9436,31): error TS7006: Parameter 'e' implicitly has an 'any' type.
app-wrapper.tsx(9555,44): error TS7006: Parameter 'prod' implicitly has an 'any' type.
app-wrapper.tsx(9650,46): error TS7006: Parameter 'subSum' implicitly has an 'any' type.
app-wrapper.tsx(9650,54): error TS7006: Parameter 'productoEnPedido' implicitly has an 'any' type.
app-wrapper.tsx(9651,65): error TS7006: Parameter 'p' implicitly has an 'any' type.
app-wrapper.tsx(9656,22): error TS7006: Parameter 'count' implicitly has an 'any' type.
app-wrapper.tsx(9656,29): error TS7006: Parameter 'componente' implicitly has an 'any' type.
app-wrapper.tsx(9679,48): error TS7006: Parameter 's' implicitly has an 'any' type.
app-wrapper.tsx(9679,51): error TS7006: Parameter 'item' implicitly has an 'any' type.
app-wrapper.tsx(9698,12): error TS7053: Element implicitly has an 'any' type because expression of type 'any' can't be used to index type '{}'.
app-wrapper.tsx(9699,9): error TS7053: Element implicitly has an 'any' type because expression of type 'any' can't be used to index type '{}'.
app-wrapper.tsx(9710,7): error TS7053: Element implicitly has an 'any' type because expression of type 'any' can't be used to index type '{}'.
app-wrapper.tsx(9711,7): error TS7053: Element implicitly has an 'any' type because expression of type 'any' can't be used to index type '{}'.
app-wrapper.tsx(9712,7): error TS7053: Element implicitly has an 'any' type because expression of type 'any' can't be used to index type '{}'.
app-wrapper.tsx(9717,7): error TS7053: Element implicitly has an 'any' type because expression of type 'any' can't be used to index type '{}'.
app-wrapper.tsx(9720,34): error TS7006: Parameter 'productoEnPedido' implicitly has an 'any' type.
app-wrapper.tsx(9721,59): error TS7006: Parameter 'p' implicitly has an 'any' type.
app-wrapper.tsx(9726,16): error TS7006: Parameter 'count' implicitly has an 'any' type.
app-wrapper.tsx(9726,23): error TS7006: Parameter 'componente' implicitly has an 'any' type.
app-wrapper.tsx(9733,9): error TS7053: Element implicitly has an 'any' type because expression of type 'any' can't be used to index type '{}'.
app-wrapper.tsx(9734,9): error TS7053: Element implicitly has an 'any' type because expression of type 'any' can't be used to index type '{}'.
app-wrapper.tsx(9737,9): error TS7053: Element implicitly has an 'any' type because expression of type 'any' can't be used to index type '{}'.
app-wrapper.tsx(9738,9): error TS7053: Element implicitly has an 'any' type because expression of type 'any' can't be used to index type '{}'.
app-wrapper.tsx(9742,52): error TS18046: 'a' is of type 'unknown'.
app-wrapper.tsx(9742,74): error TS18046: 'b' is of type 'unknown'.
app-wrapper.tsx(9751,12): error TS7053: Element implicitly has an 'any' type because expression of type 'any' can't be used to index type '{}'.
app-wrapper.tsx(9752,9): error TS7053: Element implicitly has an 'any' type because expression of type 'any' can't be used to index type '{}'.
app-wrapper.tsx(9763,7): error TS7053: Element implicitly has an 'any' type because expression of type 'any' can't be used to index type '{}'.
app-wrapper.tsx(9764,7): error TS7053: Element implicitly has an 'any' type because expression of type 'any' can't be used to index type '{}'.
app-wrapper.tsx(9765,7): error TS7053: Element implicitly has an 'any' type because expression of type 'any' can't be used to index type '{}'.
app-wrapper.tsx(9770,7): error TS7053: Element implicitly has an 'any' type because expression of type 'any' can't be used to index type '{}'.
app-wrapper.tsx(9773,34): error TS7006: Parameter 'productoEnPedido' implicitly has an 'any' type.
app-wrapper.tsx(9774,59): error TS7006: Parameter 'p' implicitly has an 'any' type.
app-wrapper.tsx(9779,16): error TS7006: Parameter 'count' implicitly has an 'any' type.
app-wrapper.tsx(9779,23): error TS7006: Parameter 'componente' implicitly has an 'any' type.
app-wrapper.tsx(9786,9): error TS7053: Element implicitly has an 'any' type because expression of type 'any' can't be used to index type '{}'.
app-wrapper.tsx(9787,9): error TS7053: Element implicitly has an 'any' type because expression of type 'any' can't be used to index type '{}'.
app-wrapper.tsx(9790,9): error TS7053: Element implicitly has an 'any' type because expression of type 'any' can't be used to index type '{}'.
app-wrapper.tsx(9791,9): error TS7053: Element implicitly has an 'any' type because expression of type 'any' can't be used to index type '{}'.
app-wrapper.tsx(9795,56): error TS18046: 'a' is of type 'unknown'.
app-wrapper.tsx(9795,81): error TS18046: 'b' is of type 'unknown'.
app-wrapper.tsx(9808,26): error TS2554: Expected 0 arguments, but got 2.
app-wrapper.tsx(9819,44): error TS2345: Argument of type 'string' is not assignable to parameter of type 'number'.
app-wrapper.tsx(9945,66): error TS18046: 'error' is of type 'unknown'.
app-wrapper.tsx(10056,16): error TS2739: Type '{ label: string; name: string; value: string; onChange: (e: any) => void; options: { value: string; label: string; }[]; placeholder: string; className: string; }' is missing the following properties from type '{ [x: string]: any; label: any; id: any; value: any; onChange: any; options: any; placeholder: any; required: any; error: any; className: any; }': id, required, error
app-wrapper.tsx(10065,16): error TS2739: Type '{ label: string; name: string; value: string; onChange: (e: any) => void; options: { value: string; label: string; }[]; placeholder: string; className: string; }' is missing the following properties from type '{ [x: string]: any; label: any; id: any; value: any; onChange: any; options: any; placeholder: any; required: any; error: any; className: any; }': id, required, error
app-wrapper.tsx(10074,16): error TS2739: Type '{ label: string; name: string; value: string; onChange: (e: any) => void; options: any; placeholder: string; disabled: boolean; className: string; }' is missing the following properties from type '{ [x: string]: any; label: any; id: any; value: any; onChange: any; options: any; placeholder: any; required: any; error: any; className: any; }': id, required, error
app-wrapper.tsx(10080,44): error TS7053: Element implicitly has an 'any' type because expression of type 'string' can't be used to index type '{ PAREJAS: string[]; "CASACAS DE EQUIPOS": string[]; "CASACAS GEEKS": string[]; PIJAMAS: string[]; "POR MAYOR": string[]; }'.
  No index signature with a parameter of type 'string' was found on type '{ PAREJAS: string[]; "CASACAS DE EQUIPOS": string[]; "CASACAS GEEKS": string[]; PIJAMAS: string[]; "POR MAYOR": string[]; }'.
app-wrapper.tsx(10081,23): error TS7053: Element implicitly has an 'any' type because expression of type 'string' can't be used to index type '{ PAREJAS: string[]; "CASACAS DE EQUIPOS": string[]; "CASACAS GEEKS": string[]; PIJAMAS: string[]; "POR MAYOR": string[]; }'.
  No index signature with a parameter of type 'string' was found on type '{ PAREJAS: string[]; "CASACAS DE EQUIPOS": string[]; "CASACAS GEEKS": string[]; PIJAMAS: string[]; "POR MAYOR": string[]; }'.
app-wrapper.tsx(10081,64): error TS7006: Parameter 'w' implicitly has an 'any' type.
app-wrapper.tsx(10088,16): error TS2739: Type '{ label: string; name: string; value: string; onChange: (e: any) => void; options: { value: string; label: string; }[]; placeholder: string; className: string; }' is missing the following properties from type '{ [x: string]: any; label: any; id: any; value: any; onChange: any; options: any; placeholder: any; required: any; error: any; className: any; }': id, required, error
app-wrapper.tsx(10097,16): error TS2739: Type '{ label: string; name: string; value: string; onChange: (e: any) => void; options: { value: string; label: string; }[]; placeholder: string; className: string; }' is missing the following properties from type '{ [x: string]: any; label: any; id: any; value: any; onChange: any; options: any; placeholder: any; required: any; error: any; className: any; }': id, required, error
app-wrapper.tsx(10106,16): error TS2739: Type '{ label: string; name: string; value: string; onChange: (e: any) => void; options: any; placeholder: string; className: string; }' is missing the following properties from type '{ [x: string]: any; label: any; id: any; value: any; onChange: any; options: any; placeholder: any; required: any; error: any; className: any; }': id, required, error
app-wrapper.tsx(10111,56): error TS7006: Parameter 'p' implicitly has an 'any' type.
app-wrapper.tsx(10111,76): error TS7006: Parameter 'p' implicitly has an 'any' type.
app-wrapper.tsx(10115,16): error TS2739: Type '{ label: string; name: string; value: string; onChange: (e: any) => void; options: { value: string; label: string; }[]; placeholder: string; className: string; }' is missing the following properties from type '{ [x: string]: any; label: any; id: any; value: any; onChange: any; options: any; placeholder: any; required: any; error: any; className: any; }': id, required, error
app-wrapper.tsx(10124,16): error TS2739: Type '{ label: string; name: string; value: string; onChange: (e: any) => void; options: { value: string; label: string; }[]; placeholder: string; className: string; }' is missing the following properties from type '{ [x: string]: any; label: any; id: any; value: any; onChange: any; options: any; placeholder: any; required: any; error: any; className: any; }': id, required, error
app-wrapper.tsx(10133,16): error TS2739: Type '{ label: string; name: string; value: string; onChange: (e: any) => void; options: { value: string; label: string; }[]; placeholder: string; disabled: boolean; className: string; }' is missing the following properties from type '{ [x: string]: any; label: any; id: any; value: any; onChange: any; options: any; placeholder: any; required: any; error: any; className: any; }': id, required, error
app-wrapper.tsx(10143,16): error TS2739: Type '{ label: string; name: string; value: string; onChange: (e: any) => void; options: { value: string; label: string; }[]; placeholder: string; disabled: boolean; className: string; }' is missing the following properties from type '{ [x: string]: any; label: any; id: any; value: any; onChange: any; options: any; placeholder: any; required: any; error: any; className: any; }': id, required, error
app-wrapper.tsx(10387,21): error TS2322: Type 'string' is not assignable to type 'number'.
app-wrapper.tsx(10403,29): error TS7006: Parameter 'p' implicitly has an 'any' type.
app-wrapper.tsx(10404,67): error TS7006: Parameter 'po' implicitly has an 'any' type.
app-wrapper.tsx(10436,36): error TS2554: Expected 0 arguments, but got 2.
app-wrapper.tsx(10578,47): error TS7006: Parameter 'item' implicitly has an 'any' type.
app-wrapper.tsx(10585,48): error TS7006: Parameter 'item' implicitly has an 'any' type.
app-wrapper.tsx(10592,47): error TS7006: Parameter 'item' implicitly has an 'any' type.
app-wrapper.tsx(10595,38): error TS2345: Argument of type 'unknown' is not assignable to parameter of type 'string'.
app-wrapper.tsx(10596,38): error TS2345: Argument of type 'unknown' is not assignable to parameter of type 'string'.
app-wrapper.tsx(10600,16): error TS18046: 'a' is of type 'unknown'.
app-wrapper.tsx(10606,50): error TS7006: Parameter 'item' implicitly has an 'any' type.
app-wrapper.tsx(10613,51): error TS2538: Type 'unknown' cannot be used as an index type.
app-wrapper.tsx(10614,29): error TS7006: Parameter 'item' implicitly has an 'any' type.
app-wrapper.tsx(10615,11): error TS7053: Element implicitly has an 'any' type because expression of type 'any' can't be used to index type '{}'.
app-wrapper.tsx(10616,9): error TS7053: Element implicitly has an 'any' type because expression of type 'any' can't be used to index type '{}'.
app-wrapper.tsx(10620,5): error TS7053: Element implicitly has an 'any' type because expression of type '"TOTAL PREN."' can't be used to index type '{}'.
  Property 'TOTAL PREN.' does not exist on type '{}'.
app-wrapper.tsx(10624,38): error TS7006: Parameter 'e' implicitly has an 'any' type.
app-wrapper.tsx(10650,33): error TS2345: Argument of type 'number' is not assignable to parameter of type 'string'.
app-wrapper.tsx(10654,42): error TS2322: Type '{ tipoPrenda: string; color: string; talla: string; cantidad: number; costoUnitario: number; }' is not assignable to type 'null'.
app-wrapper.tsx(10661,41): error TS2339: Property 'tipoPrenda' does not exist on type 'never'.
app-wrapper.tsx(10661,88): error TS2339: Property 'color' does not exist on type 'never'.
app-wrapper.tsx(10661,130): error TS2339: Property 'talla' does not exist on type 'never'.
app-wrapper.tsx(10665,8): error TS7006: Parameter 'item' implicitly has an 'any' type.
app-wrapper.tsx(10666,41): error TS2339: Property 'tipoPrenda' does not exist on type 'never'.
app-wrapper.tsx(10667,36): error TS2339: Property 'color' does not exist on type 'never'.
app-wrapper.tsx(10668,36): error TS2339: Property 'talla' does not exist on type 'never'.
app-wrapper.tsx(10683,9): error TS2698: Spread types may only be created from object types.
app-wrapper.tsx(10685,31): error TS2339: Property 'cantidad' does not exist on type 'never'.
app-wrapper.tsx(10699,44): error TS18046: 'error' is of type 'unknown'.
app-wrapper.tsx(10704,40): error TS7006: Parameter 'e' implicitly has an 'any' type.
app-wrapper.tsx(10714,26): error TS2554: Expected 0 arguments, but got 2.
app-wrapper.tsx(10724,26): error TS2554: Expected 0 arguments, but got 2.
app-wrapper.tsx(10757,21): error TS2322: Type 'unknown' is not assignable to type 'Key | null | undefined'.
app-wrapper.tsx(10758,19): error TS2322: Type 'unknown' is not assignable to type 'ReactNode'.
app-wrapper.tsx(10768,21): error TS2322: Type 'unknown' is not assignable to type 'Key | null | undefined'.
app-wrapper.tsx(10769,38): error TS2538: Type 'unknown' cannot be used as an index type.
app-wrapper.tsx(10772,77): error TS7053: Element implicitly has an 'any' type because expression of type '"TOTAL PREN."' can't be used to index type '{}'.
  Property 'TOTAL PREN.' does not exist on type '{}'.
app-wrapper.tsx(10782,12): error TS2739: Type '{ label: string; name: string; value: string; onChange: (e: any) => void; options: { value: unknown; label: unknown; }[]; placeholder: string; }' is missing the following properties from type '{ [x: string]: any; label: any; id: any; value: any; onChange: any; options: any; placeholder: any; required: any; error: any; className: any; }': id, required, error, className
app-wrapper.tsx(10790,12): error TS2739: Type '{ label: string; name: string; value: string; onChange: (e: any) => void; options: { value: unknown; label: unknown; }[]; placeholder: string; }' is missing the following properties from type '{ [x: string]: any; label: any; id: any; value: any; onChange: any; options: any; placeholder: any; required: any; error: any; className: any; }': id, required, error, className
app-wrapper.tsx(10798,12): error TS2739: Type '{ label: string; name: string; value: string; onChange: (e: any) => void; options: { value: unknown; label: unknown; }[]; placeholder: string; }' is missing the following properties from type '{ [x: string]: any; label: any; id: any; value: any; onChange: any; options: any; placeholder: any; required: any; error: any; className: any; }': id, required, error, className
app-wrapper.tsx(10810,24): error TS7006: Parameter 'e' implicitly has an 'any' type.
app-wrapper.tsx(10850,34): error TS2554: Expected 0 arguments, but got 2.
app-wrapper.tsx(10879,12): error TS2739: Type '{ label: string; name: string; value: string; onChange: (e: any) => void; options: { value: string; label: string; }[]; placeholder: string; required: true; }' is missing the following properties from type '{ [x: string]: any; label: any; id: any; value: any; onChange: any; options: any; placeholder: any; required: any; error: any; className: any; }': id, error, className
app-wrapper.tsx(10896,12): error TS2739: Type '{ label: string; name: string; value: string; onChange: (e: any) => void; options: { value: string; label: string; }[]; placeholder: string; required: true; }' is missing the following properties from type '{ [x: string]: any; label: any; id: any; value: any; onChange: any; options: any; placeholder: any; required: any; error: any; className: any; }': id, error, className
app-wrapper.tsx(10938,95): error TS2339: Property 'tipoPrenda' does not exist on type 'never'.
app-wrapper.tsx(10938,140): error TS2339: Property 'color' does not exist on type 'never'.
app-wrapper.tsx(10938,186): error TS2339: Property 'talla' does not exist on type 'never'.
app-wrapper.tsx(10938,239): error TS2339: Property 'cantidad' does not exist on type 'never'.
app-wrapper.tsx(10995,9): error TS7034: Variable 'condicionesSalida' implicitly has type 'any[]' in some locations where its type cannot be determined.
app-wrapper.tsx(10996,9): error TS7034: Variable 'condicionesEntrada' implicitly has type 'any[]' in some locations where its type cannot be determined.
app-wrapper.tsx(11146,14): error TS7053: Element implicitly has an 'any' type because expression of type 'string' can't be used to index type '{ ventas: string; dise├▒o: string; cobranza: string; pre_estampado: string; estampado: string; empaquetado: string; reparto: string; finalizados: string; corte: string; confeccion: string; limpieza: string; registro: string; }'.
  No index signature with a parameter of type 'string' was found on type '{ ventas: string; dise├▒o: string; cobranza: string; pre_estampado: string; estampado: string; empaquetado: string; reparto: string; finalizados: string; corte: string; confeccion: string; limpieza: string; registro: string; }'.
app-wrapper.tsx(11149,23): error TS7053: Element implicitly has an 'any' type because expression of type 'string' can't be used to index type '{ ventas: string; dise├▒o: string; cobranza: string; pre_estampado: string; estampado: string; empaquetado: string; reparto: string; finalizados: string; }'.
  No index signature with a parameter of type 'string' was found on type '{ ventas: string; dise├▒o: string; cobranza: string; pre_estampado: string; estampado: string; empaquetado: string; reparto: string; finalizados: string; }'.
app-wrapper.tsx(11152,26): error TS7005: Variable 'condicionesSalida' implicitly has an 'any[]' type.
app-wrapper.tsx(11153,27): error TS7005: Variable 'condicionesEntrada' implicitly has an 'any[]' type.
app-wrapper.tsx(11185,14): error TS7053: Element implicitly has an 'any' type because expression of type 'string' can't be used to index type '{ ventas: string; dise├▒o: string; cobranza: string; pre_estampado: string; estampado: string; empaquetado: string; reparto: string; finalizados: string; corte: string; confeccion: string; limpieza: string; registro: string; }'.
  No index signature with a parameter of type 'string' was found on type '{ ventas: string; dise├▒o: string; cobranza: string; pre_estampado: string; estampado: string; empaquetado: string; reparto: string; finalizados: string; corte: string; confeccion: string; limpieza: string; registro: string; }'.
app-wrapper.tsx(11217,35): error TS7006: Parameter 'f' implicitly has an 'any' type.
app-wrapper.tsx(11223,35): error TS7006: Parameter 'e' implicitly has an 'any' type.
app-wrapper.tsx(11243,25): error TS7031: Binding element 'selectedIcon' implicitly has an 'any' type.
app-wrapper.tsx(11243,39): error TS7031: Binding element 'onSelect' implicitly has an 'any' type.
app-wrapper.tsx(11251,29): error TS7006: Parameter 'iconName' implicitly has an 'any' type.
app-wrapper.tsx(11262,27): error TS7053: Element implicitly has an 'any' type because expression of type 'any' can't be used to index type '{ ShoppingCart: ForwardRefExoticComponent<Omit<LucideProps, "ref"> & RefAttributes<SVGSVGElement>>; ... 60 more ...; TrendingUp: ForwardRefExoticComponent<...>; }'.
app-wrapper.tsx(11335,26): error TS7031: Binding element 'selectedColor' implicitly has an 'any' type.
app-wrapper.tsx(11335,41): error TS7031: Binding element 'onSelect' implicitly has an 'any' type.
app-wrapper.tsx(11364,30): error TS7031: Binding element 'etapa' implicitly has an 'any' type.
app-wrapper.tsx(11364,37): error TS7031: Binding element 'onEdit' implicitly has an 'any' type.
app-wrapper.tsx(11364,45): error TS7031: Binding element 'onDelete' implicitly has an 'any' type.
app-wrapper.tsx(11364,55): error TS7031: Binding element 'flujoId' implicitly has an 'any' type.
app-wrapper.tsx(11373,29): error TS7006: Parameter 'iconName' implicitly has an 'any' type.
app-wrapper.tsx(11384,27): error TS7053: Element implicitly has an 'any' type because expression of type 'any' can't be used to index type '{ ShoppingCart: ForwardRefExoticComponent<Omit<LucideProps, "ref"> & RefAttributes<SVGSVGElement>>; ... 60 more ...; TrendingUp: ForwardRefExoticComponent<...>; }'.
app-wrapper.tsx(11438,31): error TS7031: Binding element 'etapas' implicitly has an 'any' type.
app-wrapper.tsx(11438,39): error TS7031: Binding element 'onReorder' implicitly has an 'any' type.
app-wrapper.tsx(11438,50): error TS7031: Binding element 'onEdit' implicitly has an 'any' type.
app-wrapper.tsx(11438,58): error TS7031: Binding element 'onDelete' implicitly has an 'any' type.
app-wrapper.tsx(11438,68): error TS7031: Binding element 'flujoId' implicitly has an 'any' type.
app-wrapper.tsx(11446,26): error TS7006: Parameter 'event' implicitly has an 'any' type.
app-wrapper.tsx(11450,42): error TS7006: Parameter 'e' implicitly has an 'any' type.
app-wrapper.tsx(11451,42): error TS7006: Parameter 'e' implicitly has an 'any' type.
app-wrapper.tsx(11456,9): error TS2698: Spread types may only be created from object types.
app-wrapper.tsx(11466,42): error TS7006: Parameter 'e' implicitly has an 'any' type.
app-wrapper.tsx(11467,22): error TS7006: Parameter 'etapa' implicitly has an 'any' type.
app-wrapper.tsx(11482,31): error TS7031: Binding element 'isOpen' implicitly has an 'any' type.
app-wrapper.tsx(11482,39): error TS7031: Binding element 'onClose' implicitly has an 'any' type.
app-wrapper.tsx(11482,48): error TS7031: Binding element 'condicion' implicitly has an 'any' type.
app-wrapper.tsx(11482,59): error TS7031: Binding element 'tipoCondicion' implicitly has an 'any' type.
app-wrapper.tsx(11482,74): error TS7031: Binding element 'flujoId' implicitly has an 'any' type.
app-wrapper.tsx(11482,83): error TS7031: Binding element 'etapaId' implicitly has an 'any' type.
app-wrapper.tsx(11482,92): error TS7031: Binding element 'onSave' implicitly has an 'any' type.
app-wrapper.tsx(11498,17): error TS7006: Parameter 'e' implicitly has an 'any' type.
app-wrapper.tsx(11499,16): error TS7006: Parameter 'a' implicitly has an 'any' type.
app-wrapper.tsx(11499,19): error TS7006: Parameter 'b' implicitly has an 'any' type.
app-wrapper.tsx(11507,15): error TS7006: Parameter 'inv' implicitly has an 'any' type.
app-wrapper.tsx(11508,14): error TS7006: Parameter 'a' implicitly has an 'any' type.
app-wrapper.tsx(11508,17): error TS7006: Parameter 'b' implicitly has an 'any' type.
app-wrapper.tsx(11533,31): error TS7006: Parameter 'e' implicitly has an 'any' type.
app-wrapper.tsx(11538,17): error TS2339: Property 'tipo' does not exist on type '{}'.
app-wrapper.tsx(11543,17): error TS2339: Property 'inventarioId' does not exist on type '{}'.
app-wrapper.tsx(11547,17): error TS2339: Property 'etapaDestinoId' does not exist on type '{}'.
app-wrapper.tsx(11563,32): error TS2339: Property 'inventarioId' does not exist on type '{}'.
app-wrapper.tsx(11567,32): error TS2339: Property 'saltarAutomatico' does not exist on type '{}'.
app-wrapper.tsx(11569,34): error TS2339: Property 'etapaDestinoId' does not exist on type '{}'.
app-wrapper.tsx(11688,28): error TS7031: Binding element 'condiciones' implicitly has an 'any' type.
app-wrapper.tsx(11688,41): error TS7031: Binding element 'tipoCondicion' implicitly has an 'any' type.
app-wrapper.tsx(11688,56): error TS7031: Binding element 'flujoId' implicitly has an 'any' type.
app-wrapper.tsx(11688,65): error TS7031: Binding element 'etapaId' implicitly has an 'any' type.
app-wrapper.tsx(11688,74): error TS7031: Binding element 'onAdd' implicitly has an 'any' type.
app-wrapper.tsx(11688,81): error TS7031: Binding element 'onEdit' implicitly has an 'any' type.
app-wrapper.tsx(11688,89): error TS7031: Binding element 'onDelete' implicitly has an 'any' type.
app-wrapper.tsx(11689,26): error TS7006: Parameter 'tipoId' implicitly has an 'any' type.
app-wrapper.tsx(11714,25): error TS7006: Parameter 'condicion' implicitly has an 'any' type.
app-wrapper.tsx(11731,56): error TS7006: Parameter 'e' implicitly has an 'any' type.
app-wrapper.tsx(11777,27): error TS7031: Binding element 'isOpen' implicitly has an 'any' type.
app-wrapper.tsx(11777,35): error TS7031: Binding element 'onClose' implicitly has an 'any' type.
app-wrapper.tsx(11777,44): error TS7031: Binding element 'etapa' implicitly has an 'any' type.
app-wrapper.tsx(11777,51): error TS7031: Binding element 'flujoId' implicitly has an 'any' type.
app-wrapper.tsx(11777,60): error TS7031: Binding element 'onSave' implicitly has an 'any' type.
app-wrapper.tsx(11808,57): error TS7006: Parameter 'e' implicitly has an 'any' type.
app-wrapper.tsx(11817,9): error TS2353: Object literal may only specify known properties, and 'orden' does not exist in type 'SetStateAction<{ nombre: string; descripcion: string; icono: string; color: string; moduloPermisos: string; obligatoria: boolean; tipoObligatoria: null; }>'.
app-wrapper.tsx(11825,31): error TS7006: Parameter 'e' implicitly has an 'any' type.
app-wrapper.tsx(11830,17): error TS2339: Property 'nombre' does not exist on type '{}'.
app-wrapper.tsx(11834,9): error TS7006: Parameter 'e' implicitly has an 'any' type.
app-wrapper.tsx(11839,19): error TS2339: Property 'nombre' does not exist on type '{}'.
app-wrapper.tsx(11845,57): error TS7006: Parameter 'e' implicitly has an 'any' type.
app-wrapper.tsx(11846,46): error TS7006: Parameter 'e' implicitly has an 'any' type.
app-wrapper.tsx(11848,19): error TS2339: Property 'tipoObligatoria' does not exist on type '{}'.
app-wrapper.tsx(11872,19): error TS2339: Property 'flujoId' does not exist on type '{ nombre: string; descripcion: string; icono: string; color: string; moduloPermisos: string; obligatoria: boolean; tipoObligatoria: null; condicionesSalida: any[]; condicionesEntrada: any[]; fechaModificacion: Date; }'.
app-wrapper.tsx(11873,19): error TS2339: Property 'orden' does not exist on type '{ nombre: string; descripcion: string; icono: string; color: string; moduloPermisos: string; obligatoria: boolean; tipoObligatoria: null; condicionesSalida: any[]; condicionesEntrada: any[]; fechaModificacion: Date; }'.
app-wrapper.tsx(11874,19): error TS2339: Property 'fechaCreacion' does not exist on type '{ nombre: string; descripcion: string; icono: string; color: string; moduloPermisos: string; obligatoria: boolean; tipoObligatoria: null; condicionesSalida: any[]; condicionesEntrada: any[]; fechaModificacion: Date; }'.
app-wrapper.tsx(11877,19): error TS2339: Property 'id' does not exist on type '{ nombre: string; descripcion: string; icono: string; color: string; moduloPermisos: string; obligatoria: boolean; tipoObligatoria: null; condicionesSalida: any[]; condicionesEntrada: any[]; fechaModificacion: Date; }'.
app-wrapper.tsx(11878,19): error TS2339: Property 'flujoId' does not exist on type '{ nombre: string; descripcion: string; icono: string; color: string; moduloPermisos: string; obligatoria: boolean; tipoObligatoria: null; condicionesSalida: any[]; condicionesEntrada: any[]; fechaModificacion: Date; }'.
app-wrapper.tsx(11879,19): error TS2339: Property 'orden' does not exist on type '{ nombre: string; descripcion: string; icono: string; color: string; moduloPermisos: string; obligatoria: boolean; tipoObligatoria: null; condicionesSalida: any[]; condicionesEntrada: any[]; fechaModificacion: Date; }'.
app-wrapper.tsx(11879,36): error TS2339: Property 'orden' does not exist on type '{ nombre: string; descripcion: string; icono: string; color: string; moduloPermisos: string; obligatoria: boolean; tipoObligatoria: null; }'.
app-wrapper.tsx(11879,72): error TS7006: Parameter 'e' implicitly has an 'any' type.
app-wrapper.tsx(11880,19): error TS2339: Property 'fechaCreacion' does not exist on type '{ nombre: string; descripcion: string; icono: string; color: string; moduloPermisos: string; obligatoria: boolean; tipoObligatoria: null; condicionesSalida: any[]; condicionesEntrada: any[]; fechaModificacion: Date; }'.
app-wrapper.tsx(11900,22): error TS7006: Parameter 'e' implicitly has an 'any' type.
app-wrapper.tsx(11916,24): error TS7006: Parameter 'color' implicitly has an 'any' type.
app-wrapper.tsx(11920,24): error TS7006: Parameter 'icono' implicitly has an 'any' type.
app-wrapper.tsx(11943,46): error TS2345: Argument of type '(prev: { nombre: string; descripcion: string; icono: string; color: string; moduloPermisos: string; obligatoria: boolean; tipoObligatoria: null; }) => { tipoObligatoria: string | null; obligatoria: boolean; ... 4 more ...; moduloPermisos: string; }' is not assignable to parameter of type 'SetStateAction<{ nombre: string; descripcion: string; icono: string; color: string; moduloPermisos: string; obligatoria: boolean; tipoObligatoria: null; }>'.
  Type '(prev: { nombre: string; descripcion: string; icono: string; color: string; moduloPermisos: string; obligatoria: boolean; tipoObligatoria: null; }) => { tipoObligatoria: string | null; obligatoria: boolean; ... 4 more ...; moduloPermisos: string; }' is not assignable to type '(prevState: { nombre: string; descripcion: string; icono: string; color: string; moduloPermisos: string; obligatoria: boolean; tipoObligatoria: null; }) => { nombre: string; descripcion: string; ... 4 more ...; tipoObligatoria: null; }'.
    Call signature return types '{ tipoObligatoria: string | null; obligatoria: boolean; nombre: string; descripcion: string; icono: string; color: string; moduloPermisos: string; }' and '{ nombre: string; descripcion: string; icono: string; color: string; moduloPermisos: string; obligatoria: boolean; tipoObligatoria: null; }' are incompatible.
      The types of 'tipoObligatoria' are incompatible between these types.
        Type 'string | null' is not assignable to type 'null'.
          Type 'string' is not assignable to type 'null'.
app-wrapper.tsx(11956,46): error TS2345: Argument of type '(prev: { nombre: string; descripcion: string; icono: string; color: string; moduloPermisos: string; obligatoria: boolean; tipoObligatoria: null; }) => { tipoObligatoria: string | null; obligatoria: boolean; ... 4 more ...; moduloPermisos: string; }' is not assignable to parameter of type 'SetStateAction<{ nombre: string; descripcion: string; icono: string; color: string; moduloPermisos: string; obligatoria: boolean; tipoObligatoria: null; }>'.
  Type '(prev: { nombre: string; descripcion: string; icono: string; color: string; moduloPermisos: string; obligatoria: boolean; tipoObligatoria: null; }) => { tipoObligatoria: string | null; obligatoria: boolean; ... 4 more ...; moduloPermisos: string; }' is not assignable to type '(prevState: { nombre: string; descripcion: string; icono: string; color: string; moduloPermisos: string; obligatoria: boolean; tipoObligatoria: null; }) => { nombre: string; descripcion: string; ... 4 more ...; tipoObligatoria: null; }'.
    Call signature return types '{ tipoObligatoria: string | null; obligatoria: boolean; nombre: string; descripcion: string; icono: string; color: string; moduloPermisos: string; }' and '{ nombre: string; descripcion: string; icono: string; color: string; moduloPermisos: string; obligatoria: boolean; tipoObligatoria: null; }' are incompatible.
      The types of 'tipoObligatoria' are incompatible between these types.
        Type 'string | null' is not assignable to type 'null'.
          Type 'string' is not assignable to type 'null'.
app-wrapper.tsx(11982,21): error TS7006: Parameter 'cond' implicitly has an 'any' type.
app-wrapper.tsx(11987,22): error TS7006: Parameter 'cond' implicitly has an 'any' type.
app-wrapper.tsx(11992,24): error TS7006: Parameter 'cond' implicitly has an 'any' type.
app-wrapper.tsx(12009,21): error TS7006: Parameter 'cond' implicitly has an 'any' type.
app-wrapper.tsx(12014,22): error TS7006: Parameter 'cond' implicitly has an 'any' type.
app-wrapper.tsx(12019,24): error TS7006: Parameter 'cond' implicitly has an 'any' type.
app-wrapper.tsx(12047,18): error TS7006: Parameter 'condicionData' implicitly has an 'any' type.
app-wrapper.tsx(12071,27): error TS7031: Binding element 'isOpen' implicitly has an 'any' type.
app-wrapper.tsx(12071,35): error TS7031: Binding element 'onClose' implicitly has an 'any' type.
app-wrapper.tsx(12071,44): error TS7031: Binding element 'flujo' implicitly has an 'any' type.
app-wrapper.tsx(12071,51): error TS7031: Binding element 'onSave' implicitly has an 'any' type.
app-wrapper.tsx(12106,31): error TS7006: Parameter 'e' implicitly has an 'any' type.
app-wrapper.tsx(12111,17): error TS2339: Property 'nombre' does not exist on type '{}'.
app-wrapper.tsx(12115,9): error TS7006: Parameter 'f' implicitly has an 'any' type.
app-wrapper.tsx(12118,19): error TS2339: Property 'nombre' does not exist on type '{}'.
app-wrapper.tsx(12139,19): error TS2339: Property 'fechaCreacion' does not exist on type '{ nombre: string; descripcion: string; activo: boolean; orden: number; color: string; icono: string; fechaModificacion: Date; }'.
app-wrapper.tsx(12140,19): error TS2339: Property 'creadoPor' does not exist on type '{ nombre: string; descripcion: string; activo: boolean; orden: number; color: string; icono: string; fechaModificacion: Date; }'.
app-wrapper.tsx(12143,19): error TS2339: Property 'id' does not exist on type '{ nombre: string; descripcion: string; activo: boolean; orden: number; color: string; icono: string; fechaModificacion: Date; }'.
app-wrapper.tsx(12144,19): error TS2339: Property 'fechaCreacion' does not exist on type '{ nombre: string; descripcion: string; activo: boolean; orden: number; color: string; icono: string; fechaModificacion: Date; }'.
app-wrapper.tsx(12145,19): error TS2339: Property 'creadoPor' does not exist on type '{ nombre: string; descripcion: string; activo: boolean; orden: number; color: string; icono: string; fechaModificacion: Date; }'.
app-wrapper.tsx(12145,44): error TS2339: Property 'uid' does not exist on type 'never'.
app-wrapper.tsx(12146,19): error TS2339: Property 'etapas' does not exist on type '{ nombre: string; descripcion: string; activo: boolean; orden: number; color: string; icono: string; fechaModificacion: Date; }'.
app-wrapper.tsx(12166,22): error TS7006: Parameter 'e' implicitly has an 'any' type.
app-wrapper.tsx(12205,22): error TS7006: Parameter 'color' implicitly has an 'any' type.
app-wrapper.tsx(12209,22): error TS7006: Parameter 'icono' implicitly has an 'any' type.
app-wrapper.tsx(12227,11): error TS2339: Property 'isOwner' does not exist on type '{ currentUser: null; userData: null; loadingAuth: boolean; hasRole: () => boolean; isAdmin: () => boolean; hasPermission: () => boolean; hasSpecialPermission: () => boolean; isMasterAdmin: () => boolean; canAccess: () => boolean; login: () => Promise<{ success: boolean; }>; logout: () => void; registerUser: () => vo...'.
app-wrapper.tsx(12237,78): error TS7006: Parameter 'snapshot' implicitly has an 'any' type.
app-wrapper.tsx(12238,45): error TS7006: Parameter 'doc' implicitly has an 'any' type.
app-wrapper.tsx(12239,34): error TS7006: Parameter 'a' implicitly has an 'any' type.
app-wrapper.tsx(12239,37): error TS7006: Parameter 'b' implicitly has an 'any' type.
app-wrapper.tsx(12241,78): error TS7006: Parameter 'snapshot' implicitly has an 'any' type.
app-wrapper.tsx(12242,45): error TS7006: Parameter 'doc' implicitly has an 'any' type.
app-wrapper.tsx(12271,28): error TS7006: Parameter 'flujo' implicitly has an 'any' type.
app-wrapper.tsx(12276,36): error TS7006: Parameter 'flujo' implicitly has an 'any' type.
app-wrapper.tsx(12287,36): error TS7006: Parameter 'flujo' implicitly has an 'any' type.
app-wrapper.tsx(12305,28): error TS7006: Parameter 'etapa' implicitly has an 'any' type.
app-wrapper.tsx(12310,36): error TS7006: Parameter 'etapa' implicitly has an 'any' type.
app-wrapper.tsx(12325,38): error TS7006: Parameter 'nuevasEtapas' implicitly has an 'any' type.
app-wrapper.tsx(12336,29): error TS7006: Parameter 'iconName' implicitly has an 'any' type.
app-wrapper.tsx(12347,27): error TS7053: Element implicitly has an 'any' type because expression of type 'any' can't be used to index type '{ ShoppingCart: ForwardRefExoticComponent<Omit<LucideProps, "ref"> & RefAttributes<SVGSVGElement>>; ... 60 more ...; TrendingUp: ForwardRefExoticComponent<...>; }'.
app-wrapper.tsx(12566,22): error TS7053: Element implicitly has an 'any' type because expression of type 'string' can't be used to index type '{ ventas: string; dise├▒o: string; cobranza: string; pre_estampado: string; estampado: string; empaquetado: string; reparto: string; finalizados: string; }'.
  No index signature with a parameter of type 'string' was found on type '{ ventas: string; dise├▒o: string; cobranza: string; pre_estampado: string; estampado: string; empaquetado: string; reparto: string; finalizados: string; }'.
app-wrapper.tsx(12567,37): error TS2554: Expected 0 arguments, but got 2.
app-wrapper.tsx(12601,74): error TS2339: Property 'preparacion' does not exist on type '{}'.
app-wrapper.tsx(12601,88): error TS7053: Element implicitly has an 'any' type because expression of type 'string' can't be used to index type '{}'.
  No index signature with a parameter of type 'string' was found on type '{}'.
app-wrapper.tsx(12638,31): error TS7031: Binding element 'flujoId' implicitly has an 'any' type.
app-wrapper.tsx(12646,78): error TS7006: Parameter 'snapshot' implicitly has an 'any' type.
app-wrapper.tsx(12647,45): error TS7006: Parameter 'doc' implicitly has an 'any' type.
app-wrapper.tsx(12649,17): error TS7006: Parameter 'e' implicitly has an 'any' type.
app-wrapper.tsx(12650,16): error TS7006: Parameter 'a' implicitly has an 'any' type.
app-wrapper.tsx(12650,19): error TS7006: Parameter 'b' implicitly has an 'any' type.
app-wrapper.tsx(12659,77): error TS7006: Parameter 'snapshot' implicitly has an 'any' type.
app-wrapper.tsx(12660,45): error TS7006: Parameter 'doc' implicitly has an 'any' type.
app-wrapper.tsx(12661,43): error TS7006: Parameter 'f' implicitly has an 'any' type.
app-wrapper.tsx(12672,29): error TS7006: Parameter 'iconName' implicitly has an 'any' type.
app-wrapper.tsx(12683,27): error TS7053: Element implicitly has an 'any' type because expression of type 'any' can't be used to index type '{ ShoppingCart: ForwardRefExoticComponent<Omit<LucideProps, "ref"> & RefAttributes<SVGSVGElement>>; ... 60 more ...; TrendingUp: ForwardRefExoticComponent<...>; }'.
app-wrapper.tsx(12690,26): error TS2554: Expected 0 arguments, but got 2.
app-wrapper.tsx(12771,22): error TS7053: Element implicitly has an 'any' type because expression of type 'string' can't be used to index type '{ corte: string; confeccion: string; limpieza: string; registro: string; }'.
  No index signature with a parameter of type 'string' was found on type '{ corte: string; confeccion: string; limpieza: string; registro: string; }'.
app-wrapper.tsx(12772,37): error TS2554: Expected 0 arguments, but got 2.
app-wrapper.tsx(12798,29): error TS7053: Element implicitly has an 'any' type because expression of type 'string' can't be used to index type '{}'.
  No index signature with a parameter of type 'string' was found on type '{}'.
app-wrapper.tsx(12884,11): error TS2339: Property 'isOwner' does not exist on type '{ currentUser: null; userData: null; loadingAuth: boolean; hasRole: () => boolean; isAdmin: () => boolean; hasPermission: () => boolean; hasSpecialPermission: () => boolean; isMasterAdmin: () => boolean; canAccess: () => boolean; login: () => Promise<{ success: boolean; }>; logout: () => void; registerUser: () => vo...'.
app-wrapper.tsx(12988,6): error TS7006: Parameter 'profile' implicitly has an 'any' type.
app-wrapper.tsx(12996,30): error TS7006: Parameter 'profile' implicitly has an 'any' type.
app-wrapper.tsx(13001,38): error TS7006: Parameter 'profileId' implicitly has an 'any' type.
app-wrapper.tsx(13009,44): error TS18046: 'error' is of type 'unknown'.
app-wrapper.tsx(13021,24): error TS7006: Parameter 'e' implicitly has an 'any' type.
app-wrapper.tsx(13032,32): error TS7006: Parameter 'profile' implicitly has an 'any' type.
app-wrapper.tsx(13039,45): error TS7006: Parameter 'perm' implicitly has an 'any' type.
app-wrapper.tsx(13039,51): error TS7006: Parameter 'idx' implicitly has an 'any' type.
app-wrapper.tsx(13041,24): error TS7053: Element implicitly has an 'any' type because expression of type 'any' can't be used to index type '{ ventas: { name: string; actions: string[]; }; dise├▒o: { name: string; actions: string[]; }; cobranza: { name: string; actions: string[]; }; inventarios: { name: string; actions: string[]; }; preparacion: { name: string; actions: string[]; }; estampado: { ...; }; empaquetado: { ...; }; reparto: { ...; }; finalizado...'.
app-wrapper.tsx(13090,29): error TS7031: Binding element 'isOpen' implicitly has an 'any' type.
app-wrapper.tsx(13090,37): error TS7031: Binding element 'onClose' implicitly has an 'any' type.
app-wrapper.tsx(13090,46): error TS7031: Binding element 'profile' implicitly has an 'any' type.
app-wrapper.tsx(13090,55): error TS7031: Binding element 'onSave' implicitly has an 'any' type.
app-wrapper.tsx(13118,41): error TS7006: Parameter 'module' implicitly has an 'any' type.
app-wrapper.tsx(13118,49): error TS7006: Parameter 'action' implicitly has an 'any' type.
app-wrapper.tsx(13118,57): error TS7006: Parameter 'checked' implicitly has an 'any' type.
app-wrapper.tsx(13120,58): error TS2339: Property 'module' does not exist on type 'never'.
app-wrapper.tsx(13123,28): error TS2339: Property 'actions' does not exist on type 'never'.
app-wrapper.tsx(13124,25): error TS2339: Property 'actions' does not exist on type 'never'.
app-wrapper.tsx(13127,33): error TS2345: Argument of type '{ module: any; actions: any[]; }' is not assignable to parameter of type 'never'.
app-wrapper.tsx(13131,23): error TS2339: Property 'actions' does not exist on type 'never'.
app-wrapper.tsx(13131,45): error TS2339: Property 'actions' does not exist on type 'never'.
app-wrapper.tsx(13131,61): error TS7006: Parameter 'a' implicitly has an 'any' type.
app-wrapper.tsx(13132,27): error TS2339: Property 'actions' does not exist on type 'never'.
app-wrapper.tsx(13133,65): error TS2339: Property 'module' does not exist on type 'never'.
app-wrapper.tsx(13141,42): error TS7006: Parameter 'permission' implicitly has an 'any' type.
app-wrapper.tsx(13141,54): error TS7006: Parameter 'checked' implicitly has an 'any' type.
app-wrapper.tsx(13144,47): error TS2345: Argument of type 'any' is not assignable to parameter of type 'never'.
app-wrapper.tsx(13145,40): error TS2345: Argument of type 'any' is not assignable to parameter of type 'never'.
app-wrapper.tsx(13154,34): error TS7006: Parameter 'module' implicitly has an 'any' type.
app-wrapper.tsx(13154,42): error TS7006: Parameter 'action' implicitly has an 'any' type.
app-wrapper.tsx(13155,59): error TS2339: Property 'module' does not exist on type 'never'.
app-wrapper.tsx(13156,37): error TS2339: Property 'actions' does not exist on type 'never'.
app-wrapper.tsx(13159,31): error TS7006: Parameter 'e' implicitly has an 'any' type.
app-wrapper.tsx(13164,17): error TS2339: Property 'name' does not exist on type '{}'.
app-wrapper.tsx(13176,59): error TS2339: Property 'actions' does not exist on type 'never'.
app-wrapper.tsx(13189,43): error TS18046: 'error' is of type 'unknown'.
app-wrapper.tsx(13202,22): error TS7006: Parameter 'e' implicitly has an 'any' type.
app-wrapper.tsx(13213,22): error TS7006: Parameter 'e' implicitly has an 'any' type.
app-wrapper.tsx(13249,65): error TS2345: Argument of type 'string' is not assignable to parameter of type 'never'.
app-wrapper.tsx(13281,6): error TS7006: Parameter 'user' implicitly has an 'any' type.
app-wrapper.tsx(13291,27): error TS7006: Parameter 'user' implicitly has an 'any' type.
app-wrapper.tsx(13296,35): error TS7006: Parameter 'userId' implicitly has an 'any' type.
app-wrapper.tsx(13308,45): error TS18046: 'error' is of type 'unknown'.
app-wrapper.tsx(13312,41): error TS7006: Parameter 'user' implicitly has an 'any' type.
app-wrapper.tsx(13321,46): error TS18046: 'error' is of type 'unknown'.
app-wrapper.tsx(13333,24): error TS7006: Parameter 'e' implicitly has an 'any' type.
app-wrapper.tsx(13356,33): error TS7006: Parameter 'user' implicitly has an 'any' type.
app-wrapper.tsx(13363,42): error TS7006: Parameter 'profileId' implicitly has an 'any' type.
app-wrapper.tsx(13364,73): error TS7006: Parameter 'p' implicitly has an 'any' type.
app-wrapper.tsx(13443,26): error TS7031: Binding element 'isOpen' implicitly has an 'any' type.
app-wrapper.tsx(13443,34): error TS7031: Binding element 'onClose' implicitly has an 'any' type.
app-wrapper.tsx(13443,43): error TS7031: Binding element 'user' implicitly has an 'any' type.
app-wrapper.tsx(13443,49): error TS7031: Binding element 'onSave' implicitly has an 'any' type.
app-wrapper.tsx(13484,31): error TS7006: Parameter 'e' implicitly has an 'any' type.
app-wrapper.tsx(13489,17): error TS2339: Property 'email' does not exist on type '{}'.
app-wrapper.tsx(13491,17): error TS2339: Property 'email' does not exist on type '{}'.
app-wrapper.tsx(13495,17): error TS2339: Property 'name' does not exist on type '{}'.
app-wrapper.tsx(13499,17): error TS2339: Property 'password' does not exist on type '{}'.
app-wrapper.tsx(13514,71): error TS2339: Property 'actions' does not exist on type 'never'.
app-wrapper.tsx(13517,33): error TS2339: Property 'uid' does not exist on type 'never'.
app-wrapper.tsx(13522,20): error TS2339: Property 'password' does not exist on type '{ email: string; name: string; phone: string; status: string; profiles: never[]; customPermissions: never[]; specialPermissions: never[]; updatedAt: Date; createdBy: any; }'.
app-wrapper.tsx(13526,18): error TS2339: Property 'password' does not exist on type '{ email: string; name: string; phone: string; status: string; profiles: never[]; customPermissions: never[]; specialPermissions: never[]; updatedAt: Date; createdBy: any; }'.
app-wrapper.tsx(13527,18): error TS2339: Property 'createdAt' does not exist on type '{ email: string; name: string; phone: string; status: string; profiles: never[]; customPermissions: never[]; specialPermissions: never[]; updatedAt: Date; createdBy: any; }'.
app-wrapper.tsx(13533,44): error TS18046: 'error' is of type 'unknown'.
app-wrapper.tsx(13537,32): error TS7006: Parameter 'profileId' implicitly has an 'any' type.
app-wrapper.tsx(13538,17): error TS2345: Argument of type '(prev: { email: string; name: string; phone: string; password: string; status: string; profiles: never[]; customPermissions: never[]; specialPermissions: never[]; }) => { profiles: any[]; email: string; name: string; ... 4 more ...; specialPermissions: never[]; }' is not assignable to parameter of type 'SetStateAction<{ email: string; name: string; phone: string; password: string; status: string; profiles: never[]; customPermissions: never[]; specialPermissions: never[]; }>'.
  Type '(prev: { email: string; name: string; phone: string; password: string; status: string; profiles: never[]; customPermissions: never[]; specialPermissions: never[]; }) => { profiles: any[]; email: string; name: string; ... 4 more ...; specialPermissions: never[]; }' is not assignable to type '(prevState: { email: string; name: string; phone: string; password: string; status: string; profiles: never[]; customPermissions: never[]; specialPermissions: never[]; }) => { email: string; name: string; ... 5 more ...; specialPermissions: never[]; }'.
    Call signature return types '{ profiles: any[]; email: string; name: string; phone: string; password: string; status: string; customPermissions: never[]; specialPermissions: never[]; }' and '{ email: string; name: string; phone: string; password: string; status: string; profiles: never[]; customPermissions: never[]; specialPermissions: never[]; }' are incompatible.
      The types of 'profiles' are incompatible between these types.
        Type 'any[]' is not assignable to type 'never[]'.
          Type 'any' is not assignable to type 'never'.
app-wrapper.tsx(13540,40): error TS2345: Argument of type 'any' is not assignable to parameter of type 'never'.
app-wrapper.tsx(13544,41): error TS7006: Parameter 'module' implicitly has an 'any' type.
app-wrapper.tsx(13544,49): error TS7006: Parameter 'action' implicitly has an 'any' type.
app-wrapper.tsx(13544,57): error TS7006: Parameter 'checked' implicitly has an 'any' type.
app-wrapper.tsx(13546,64): error TS2339: Property 'module' does not exist on type 'never'.
app-wrapper.tsx(13549,28): error TS2339: Property 'actions' does not exist on type 'never'.
app-wrapper.tsx(13550,25): error TS2339: Property 'actions' does not exist on type 'never'.
app-wrapper.tsx(13553,39): error TS2345: Argument of type '{ module: any; actions: any[]; }' is not assignable to parameter of type 'never'.
app-wrapper.tsx(13557,23): error TS2339: Property 'actions' does not exist on type 'never'.
app-wrapper.tsx(13557,45): error TS2339: Property 'actions' does not exist on type 'never'.
app-wrapper.tsx(13557,61): error TS7006: Parameter 'a' implicitly has an 'any' type.
app-wrapper.tsx(13558,27): error TS2339: Property 'actions' does not exist on type 'never'.
app-wrapper.tsx(13559,77): error TS2339: Property 'module' does not exist on type 'never'.
app-wrapper.tsx(13567,38): error TS7006: Parameter 'module' implicitly has an 'any' type.
app-wrapper.tsx(13567,46): error TS7006: Parameter 'action' implicitly has an 'any' type.
app-wrapper.tsx(13568,65): error TS2339: Property 'module' does not exist on type 'never'.
app-wrapper.tsx(13569,37): error TS2339: Property 'actions' does not exist on type 'never'.
app-wrapper.tsx(13572,42): error TS7006: Parameter 'permission' implicitly has an 'any' type.
app-wrapper.tsx(13572,54): error TS7006: Parameter 'checked' implicitly has an 'any' type.
app-wrapper.tsx(13575,47): error TS2345: Argument of type 'any' is not assignable to parameter of type 'never'.
app-wrapper.tsx(13576,40): error TS2345: Argument of type 'any' is not assignable to parameter of type 'never'.
app-wrapper.tsx(13587,11): error TS7034: Variable 'allPermissions' implicitly has type 'any[]' in some locations where its type cannot be determined.
app-wrapper.tsx(13592,55): error TS7006: Parameter 'p' implicitly has an 'any' type.
app-wrapper.tsx(13594,38): error TS7006: Parameter 'perm' implicitly has an 'any' type.
app-wrapper.tsx(13595,32): error TS7005: Variable 'allPermissions' implicitly has an 'any[]' type.
app-wrapper.tsx(13603,47): error TS7006: Parameter 'sp' implicitly has an 'any' type.
app-wrapper.tsx(13603,80): error TS2345: Argument of type 'any' is not assignable to parameter of type 'never'.
app-wrapper.tsx(13610,28): error TS7005: Variable 'allPermissions' implicitly has an 'any[]' type.
app-wrapper.tsx(13610,73): error TS2339: Property 'module' does not exist on type 'never'.
app-wrapper.tsx(13612,78): error TS2339: Property 'actions' does not exist on type 'never'.
app-wrapper.tsx(13614,44): error TS2339: Property 'module' does not exist on type 'never'.
app-wrapper.tsx(13614,70): error TS2339: Property 'actions' does not exist on type 'never'.
app-wrapper.tsx(13618,27): error TS7005: Variable 'allPermissions' implicitly has an 'any[]' type.
app-wrapper.tsx(13634,24): error TS7006: Parameter 'e' implicitly has an 'any' type.
app-wrapper.tsx(13643,24): error TS7006: Parameter 'e' implicitly has an 'any' type.
app-wrapper.tsx(13652,24): error TS7006: Parameter 'e' implicitly has an 'any' type.
app-wrapper.tsx(13660,26): error TS7006: Parameter 'e' implicitly has an 'any' type.
app-wrapper.tsx(13672,12): error TS2739: Type '{ label: string; id: string; value: string; onChange: (e: any) => void; options: { value: string; label: string; }[]; }' is missing the following properties from type '{ [x: string]: any; label: any; id: any; value: any; onChange: any; options: any; placeholder: any; required: any; error: any; className: any; }': placeholder, required, error, className
app-wrapper.tsx(13676,24): error TS7006: Parameter 'e' implicitly has an 'any' type.
app-wrapper.tsx(13687,45): error TS7006: Parameter 'profile' implicitly has an 'any' type.
app-wrapper.tsx(13691,55): error TS2345: Argument of type 'any' is not assignable to parameter of type 'never'.
app-wrapper.tsx(13738,65): error TS2345: Argument of type 'string' is not assignable to parameter of type 'never'.
app-wrapper.tsx(13756,22): error TS7053: Element implicitly has an 'any' type because expression of type 'any' can't be used to index type '{ ventas: { name: string; actions: string[]; }; dise├▒o: { name: string; actions: string[]; }; cobranza: { name: string; actions: string[]; }; inventarios: { name: string; actions: string[]; }; preparacion: { name: string; actions: string[]; }; estampado: { ...; }; empaquetado: { ...; }; reparto: { ...; }; finalizado...'.
app-wrapper.tsx(13769,27): error TS2339: Property 'replace' does not exist on type 'never'.
app-wrapper.tsx(13957,73): error TS7006: Parameter 'snapshot' implicitly has an 'any' type.
app-wrapper.tsx(13958,46): error TS7006: Parameter 'doc' implicitly has an 'any' type.
app-wrapper.tsx(13973,12): error TS7053: Element implicitly has an 'any' type because expression of type 'any' can't be used to index type '{}'.
app-wrapper.tsx(13974,9): error TS7053: Element implicitly has an 'any' type because expression of type 'any' can't be used to index type '{}'.
app-wrapper.tsx(13991,7): error TS7053: Element implicitly has an 'any' type because expression of type 'any' can't be used to index type '{}'.
app-wrapper.tsx(13992,7): error TS7053: Element implicitly has an 'any' type because expression of type 'any' can't be used to index type '{}'.
app-wrapper.tsx(13993,7): error TS7053: Element implicitly has an 'any' type because expression of type 'any' can't be used to index type '{}'.
app-wrapper.tsx(13997,12): error TS7053: Element implicitly has an 'any' type because expression of type 'any' can't be used to index type '{}'.
app-wrapper.tsx(13997,69): error TS7053: Element implicitly has an 'any' type because expression of type 'any' can't be used to index type '{}'.
app-wrapper.tsx(13998,9): error TS7053: Element implicitly has an 'any' type because expression of type 'any' can't be used to index type '{}'.
app-wrapper.tsx(14007,33): error TS18046: 'cliente' is of type 'unknown'.
app-wrapper.tsx(14007,58): error TS18046: 'cliente' is of type 'unknown'.
app-wrapper.tsx(14008,27): error TS18046: 'cliente' is of type 'unknown'.
app-wrapper.tsx(14009,32): error TS18046: 'cliente' is of type 'unknown'.
app-wrapper.tsx(14010,35): error TS18046: 'cliente' is of type 'unknown'.
app-wrapper.tsx(14011,32): error TS18046: 'cliente' is of type 'unknown'.
app-wrapper.tsx(14012,31): error TS18046: 'cliente' is of type 'unknown'.
app-wrapper.tsx(14020,65): error TS18046: 'c' is of type 'unknown'.
app-wrapper.tsx(14021,65): error TS18046: 'c' is of type 'unknown'.
app-wrapper.tsx(14050,62): error TS2322: Type 'unknown' is not assignable to type 'ReactNode'.
app-wrapper.tsx(14186,56): error TS7006: Parameter 'pedido' implicitly has an 'any' type.
app-wrapper.tsx(14218,84): error TS7006: Parameter 'columna' implicitly has an 'any' type.
app-wrapper.tsx(14266,71): error TS7006: Parameter 'snapshot' implicitly has an 'any' type.
app-wrapper.tsx(14267,44): error TS7006: Parameter 'doc' implicitly has an 'any' type.
app-wrapper.tsx(14285,7): error TS7053: Element implicitly has an 'any' type because expression of type 'any' can't be used to index type '{}'.
app-wrapper.tsx(14285,26): error TS7053: Element implicitly has an 'any' type because expression of type 'any' can't be used to index type '{}'.
app-wrapper.tsx(14293,42): error TS7006: Parameter 'leadId' implicitly has an 'any' type.
app-wrapper.tsx(14316,43): error TS18046: 'error' is of type 'unknown'.
app-wrapper.tsx(14335,64): error TS2322: Type 'unknown' is not assignable to type 'ReactNode'.
app-wrapper.tsx(14439,11): error TS2339: Property 'isOwner' does not exist on type '{ currentUser: null; userData: null; loadingAuth: boolean; hasRole: () => boolean; isAdmin: () => boolean; hasPermission: () => boolean; hasSpecialPermission: () => boolean; isMasterAdmin: () => boolean; canAccess: () => boolean; login: () => Promise<{ success: boolean; }>; logout: () => void; registerUser: () => vo...'.
app-wrapper.tsx(14450,75): error TS7006: Parameter 'snapshot' implicitly has an 'any' type.
app-wrapper.tsx(14451,48): error TS7006: Parameter 'doc' implicitly has an 'any' type.
app-wrapper.tsx(14476,33): error TS7006: Parameter 'producto' implicitly has an 'any' type.
app-wrapper.tsx(14481,41): error TS7006: Parameter 'producto' implicitly has an 'any' type.
app-wrapper.tsx(14494,46): error TS18046: 'error' is of type 'unknown'.
app-wrapper.tsx(14498,37): error TS7006: Parameter 'producto' implicitly has an 'any' type.
app-wrapper.tsx(14505,48): error TS18046: 'error' is of type 'unknown'.
app-wrapper.tsx(14509,25): error TS7006: Parameter 'producto' implicitly has an 'any' type.
app-wrapper.tsx(14510,43): error TS7006: Parameter 'p' implicitly has an 'any' type.
app-wrapper.tsx(14671,30): error TS7031: Binding element 'isOpen' implicitly has an 'any' type.
app-wrapper.tsx(14671,38): error TS7031: Binding element 'onClose' implicitly has an 'any' type.
app-wrapper.tsx(14671,47): error TS7031: Binding element 'producto' implicitly has an 'any' type.
app-wrapper.tsx(14672,11): error TS2339: Property 'isOwner' does not exist on type '{ currentUser: null; userData: null; loadingAuth: boolean; hasRole: () => boolean; isAdmin: () => boolean; hasPermission: () => boolean; hasSpecialPermission: () => boolean; isMasterAdmin: () => boolean; canAccess: () => boolean; login: () => Promise<{ success: boolean; }>; logout: () => void; registerUser: () => vo...'.
app-wrapper.tsx(14730,44): error TS7006: Parameter 'inv' implicitly has an 'any' type.
app-wrapper.tsx(14737,25): error TS7006: Parameter 'e' implicitly has an 'any' type.
app-wrapper.tsx(14745,29): error TS7006: Parameter 'inventarioId' implicitly has an 'any' type.
app-wrapper.tsx(14755,34): error TS7006: Parameter 'item' implicitly has an 'any' type.
app-wrapper.tsx(14755,40): error TS7006: Parameter 'inventarioId' implicitly has an 'any' type.
app-wrapper.tsx(14758,7): error TS2322: Type 'any' is not assignable to type 'never'.
app-wrapper.tsx(14759,9): error TS2698: Spread types may only be created from object types.
app-wrapper.tsx(14778,17): error TS2345: Argument of type '(prev: { nombre: string; descripcion: string; imagen: string; categoria: string; tipo: string; itemInventarioId: string; inventarioId: string; componentes: never[]; precios: { id: string; nombre: string; valor: number; activo: boolean; habilitado: boolean; }[]; variantes: never[]; activo: boolean; }) => { ...; }' is not assignable to parameter of type 'SetStateAction<{ nombre: string; descripcion: string; imagen: string; categoria: string; tipo: string; itemInventarioId: string; inventarioId: string; componentes: never[]; precios: { id: string; nombre: string; valor: number; activo: boolean; habilitado: boolean; }[]; variantes: never[]; activo: boolean; }>'.
  Type '(prev: { nombre: string; descripcion: string; imagen: string; categoria: string; tipo: string; itemInventarioId: string; inventarioId: string; componentes: never[]; precios: { id: string; nombre: string; valor: number; activo: boolean; habilitado: boolean; }[]; variantes: never[]; activo: boolean; }) => { ...; }' is not assignable to type '(prevState: { nombre: string; descripcion: string; imagen: string; categoria: string; tipo: string; itemInventarioId: string; inventarioId: string; componentes: never[]; precios: { id: string; nombre: string; valor: number; activo: boolean; habilitado: boolean; }[]; variantes: never[]; activo: boolean; }) => { ...; }'.
    Call signature return types '{ componentes: { id: string; itemInventarioId: string; inventarioId: string; cantidad: number; nombre: string; }[]; nombre: string; descripcion: string; imagen: string; categoria: string; tipo: string; ... 4 more ...; activo: boolean; }' and '{ nombre: string; descripcion: string; imagen: string; categoria: string; tipo: string; itemInventarioId: string; inventarioId: string; componentes: never[]; precios: { id: string; nombre: string; valor: number; activo: boolean; habilitado: boolean; }[]; variantes: never[]; activo: boolean; }' are incompatible.
      The types of 'componentes' are incompatible between these types.
        Type '{ id: string; itemInventarioId: string; inventarioId: string; cantidad: number; nombre: string; }[]' is not assignable to type 'never[]'.
          Type '{ id: string; itemInventarioId: string; inventarioId: string; cantidad: number; nombre: string; }' is not assignable to type 'never'.
app-wrapper.tsx(14793,37): error TS7006: Parameter 'index' implicitly has an 'any' type.
app-wrapper.tsx(14800,39): error TS7006: Parameter 'index' implicitly has an 'any' type.
app-wrapper.tsx(14800,46): error TS7006: Parameter 'field' implicitly has an 'any' type.
app-wrapper.tsx(14800,53): error TS7006: Parameter 'value' implicitly has an 'any' type.
app-wrapper.tsx(14802,5): error TS2322: Type 'any' is not assignable to type 'never'.
app-wrapper.tsx(14802,34): error TS2698: Spread types may only be created from object types.
app-wrapper.tsx(14826,33): error TS7006: Parameter 'precioId' implicitly has an 'any' type.
app-wrapper.tsx(14839,35): error TS7006: Parameter 'precioId' implicitly has an 'any' type.
app-wrapper.tsx(14839,45): error TS7006: Parameter 'field' implicitly has an 'any' type.
app-wrapper.tsx(14839,52): error TS7006: Parameter 'value' implicitly has an 'any' type.
app-wrapper.tsx(14859,17): error TS2345: Argument of type '(prev: { nombre: string; descripcion: string; imagen: string; categoria: string; tipo: string; itemInventarioId: string; inventarioId: string; componentes: never[]; precios: { id: string; nombre: string; valor: number; activo: boolean; habilitado: boolean; }[]; variantes: never[]; activo: boolean; }) => { ...; }' is not assignable to parameter of type 'SetStateAction<{ nombre: string; descripcion: string; imagen: string; categoria: string; tipo: string; itemInventarioId: string; inventarioId: string; componentes: never[]; precios: { id: string; nombre: string; valor: number; activo: boolean; habilitado: boolean; }[]; variantes: never[]; activo: boolean; }>'.
  Type '(prev: { nombre: string; descripcion: string; imagen: string; categoria: string; tipo: string; itemInventarioId: string; inventarioId: string; componentes: never[]; precios: { id: string; nombre: string; valor: number; activo: boolean; habilitado: boolean; }[]; variantes: never[]; activo: boolean; }) => { ...; }' is not assignable to type '(prevState: { nombre: string; descripcion: string; imagen: string; categoria: string; tipo: string; itemInventarioId: string; inventarioId: string; componentes: never[]; precios: { id: string; nombre: string; valor: number; activo: boolean; habilitado: boolean; }[]; variantes: never[]; activo: boolean; }) => { ...; }'.
    Call signature return types '{ variantes: { id: string; nombre: string; costoAdicional: number; precioAdicional: number; }[]; nombre: string; descripcion: string; imagen: string; categoria: string; tipo: string; itemInventarioId: string; inventarioId: string; componentes: never[]; precios: { ...; }[]; activo: boolean; }' and '{ nombre: string; descripcion: string; imagen: string; categoria: string; tipo: string; itemInventarioId: string; inventarioId: string; componentes: never[]; precios: { id: string; nombre: string; valor: number; activo: boolean; habilitado: boolean; }[]; variantes: never[]; activo: boolean; }' are incompatible.
      The types of 'variantes' are incompatible between these types.
        Type '{ id: string; nombre: string; costoAdicional: number; precioAdicional: number; }[]' is not assignable to type 'never[]'.
          Type '{ id: string; nombre: string; costoAdicional: number; precioAdicional: number; }' is not assignable to type 'never'.
app-wrapper.tsx(14873,35): error TS7006: Parameter 'varianteId' implicitly has an 'any' type.
app-wrapper.tsx(14876,47): error TS2339: Property 'id' does not exist on type 'never'.
app-wrapper.tsx(14880,37): error TS7006: Parameter 'varianteId' implicitly has an 'any' type.
app-wrapper.tsx(14880,49): error TS7006: Parameter 'field' implicitly has an 'any' type.
app-wrapper.tsx(14880,56): error TS7006: Parameter 'value' implicitly has an 'any' type.
app-wrapper.tsx(14882,9): error TS2339: Property 'id' does not exist on type 'never'.
app-wrapper.tsx(14882,31): error TS2698: Spread types may only be created from object types.
app-wrapper.tsx(14884,17): error TS2345: Argument of type '(prev: { nombre: string; descripcion: string; imagen: string; categoria: string; tipo: string; itemInventarioId: string; inventarioId: string; componentes: never[]; precios: { id: string; nombre: string; valor: number; activo: boolean; habilitado: boolean; }[]; variantes: never[]; activo: boolean; }) => { ...; }' is not assignable to parameter of type 'SetStateAction<{ nombre: string; descripcion: string; imagen: string; categoria: string; tipo: string; itemInventarioId: string; inventarioId: string; componentes: never[]; precios: { id: string; nombre: string; valor: number; activo: boolean; habilitado: boolean; }[]; variantes: never[]; activo: boolean; }>'.
  Type '(prev: { nombre: string; descripcion: string; imagen: string; categoria: string; tipo: string; itemInventarioId: string; inventarioId: string; componentes: never[]; precios: { id: string; nombre: string; valor: number; activo: boolean; habilitado: boolean; }[]; variantes: never[]; activo: boolean; }) => { ...; }' is not assignable to type '(prevState: { nombre: string; descripcion: string; imagen: string; categoria: string; tipo: string; itemInventarioId: string; inventarioId: string; componentes: never[]; precios: { id: string; nombre: string; valor: number; activo: boolean; habilitado: boolean; }[]; variantes: never[]; activo: boolean; }) => { ...; }'.
    Call signature return types '{ variantes: any[]; nombre: string; descripcion: string; imagen: string; categoria: string; tipo: string; itemInventarioId: string; inventarioId: string; componentes: never[]; precios: { id: string; nombre: string; valor: number; activo: boolean; habilitado: boolean; }[]; activo: boolean; }' and '{ nombre: string; descripcion: string; imagen: string; categoria: string; tipo: string; itemInventarioId: string; inventarioId: string; componentes: never[]; precios: { id: string; nombre: string; valor: number; activo: boolean; habilitado: boolean; }[]; variantes: never[]; activo: boolean; }' are incompatible.
      The types of 'variantes' are incompatible between these types.
        Type 'any[]' is not assignable to type 'never[]'.
          Type 'any' is not assignable to type 'never'.
app-wrapper.tsx(14891,31): error TS7006: Parameter 'e' implicitly has an 'any' type.
app-wrapper.tsx(14896,21): error TS2339: Property 'nombre' does not exist on type '{}'.
app-wrapper.tsx(14899,21): error TS2339: Property 'itemInventarioId' does not exist on type '{}'.
app-wrapper.tsx(14902,21): error TS2339: Property 'componentes' does not exist on type '{}'.
app-wrapper.tsx(14905,21): error TS2339: Property 'precios' does not exist on type '{}'.
app-wrapper.tsx(14908,21): error TS2339: Property 'precios' does not exist on type '{}'.
app-wrapper.tsx(14934,45): error TS18046: 'error' is of type 'unknown'.
app-wrapper.tsx(15001,47): error TS7006: Parameter 'cat' implicitly has an 'any' type.
app-wrapper.tsx(15061,52): error TS7006: Parameter 'inv' implicitly has an 'any' type.
app-wrapper.tsx(15153,42): error TS2339: Property 'id' does not exist on type 'never'.
app-wrapper.tsx(15172,45): error TS2339: Property 'inventarioId' does not exist on type 'never'.
app-wrapper.tsx(15180,56): error TS7006: Parameter 'inv' implicitly has an 'any' type.
app-wrapper.tsx(15188,35): error TS2339: Property 'inventarioId' does not exist on type 'never'.
app-wrapper.tsx(15200,63): error TS2339: Property 'inventarioId' does not exist on type 'never'.
app-wrapper.tsx(15210,74): error TS2339: Property 'inventarioId' does not exist on type 'never'.
app-wrapper.tsx(15221,89): error TS2339: Property 'inventarioId' does not exist on type 'never'.
app-wrapper.tsx(15221,109): error TS2345: Argument of type 'number' is not assignable to parameter of type 'null | undefined'.
app-wrapper.tsx(15242,45): error TS2339: Property 'cantidad' does not exist on type 'never'.
app-wrapper.tsx(15353,36): error TS2339: Property 'id' does not exist on type 'never'.
app-wrapper.tsx(15360,70): error TS2339: Property 'id' does not exist on type 'never'.
app-wrapper.tsx(15373,39): error TS2339: Property 'nombre' does not exist on type 'never'.
app-wrapper.tsx(15374,74): error TS2339: Property 'id' does not exist on type 'never'.
app-wrapper.tsx(15388,41): error TS2339: Property 'costoAdicional' does not exist on type 'never'.
app-wrapper.tsx(15389,76): error TS2339: Property 'id' does not exist on type 'never'.
app-wrapper.tsx(15401,41): error TS2339: Property 'precioAdicional' does not exist on type 'never'.
app-wrapper.tsx(15402,76): error TS2339: Property 'id' does not exist on type 'never'.
app-wrapper.tsx(15437,58): error TS2339: Property 'isOwner' does not exist on type '{ currentUser: null; userData: null; loadingAuth: boolean; hasRole: () => boolean; isAdmin: () => boolean; hasPermission: () => boolean; hasSpecialPermission: () => boolean; isMasterAdmin: () => boolean; canAccess: () => boolean; login: () => Promise<{ success: boolean; }>; logout: () => void; registerUser: () => vo...'.
app-wrapper.tsx(15458,73): error TS7006: Parameter 'snapshot' implicitly has an 'any' type.
app-wrapper.tsx(15459,46): error TS7006: Parameter 'doc' implicitly has an 'any' type.
app-wrapper.tsx(15608,52): error TS18046: 'error' is of type 'unknown'.
app-wrapper.tsx(15619,72): error TS7006: Parameter 'snapshot' implicitly has an 'any' type.
app-wrapper.tsx(15620,45): error TS7006: Parameter 'doc' implicitly has an 'any' type.
app-wrapper.tsx(15621,47): error TS7006: Parameter 'f' implicitly has an 'any' type.
app-wrapper.tsx(15621,78): error TS7006: Parameter 'a' implicitly has an 'any' type.
app-wrapper.tsx(15621,81): error TS7006: Parameter 'b' implicitly has an 'any' type.
app-wrapper.tsx(15625,55): error TS7006: Parameter 'f' implicitly has an 'any' type.
app-wrapper.tsx(15628,51): error TS7006: Parameter 'f' implicitly has an 'any' type.
app-wrapper.tsx(15632,56): error TS7006: Parameter 'f' implicitly has an 'any' type.
app-wrapper.tsx(15647,28): error TS7006: Parameter 'pedido' implicitly has an 'any' type.
app-wrapper.tsx(15697,24): error TS2339: Property 'dise├▒o' does not exist on type '{ dise├▒o: number; cobranza: number; preparacion: number; estampado: number; empaquetado: number; reparto: number; finalizados: number; } | { corte: number; confeccion: number; limpieza: number; registro: number; }'.
  Property 'dise├▒o' does not exist on type '{ corte: number; confeccion: number; limpieza: number; registro: number; }'.
app-wrapper.tsx(15698,26): error TS2339: Property 'cobranza' does not exist on type '{ dise├▒o: number; cobranza: number; preparacion: number; estampado: number; empaquetado: number; reparto: number; finalizados: number; } | { corte: number; confeccion: number; limpieza: number; registro: number; }'.
  Property 'cobranza' does not exist on type '{ corte: number; confeccion: number; limpieza: number; registro: number; }'.
app-wrapper.tsx(15699,29): error TS2339: Property 'preparacion' does not exist on type '{ dise├▒o: number; cobranza: number; preparacion: number; estampado: number; empaquetado: number; reparto: number; finalizados: number; } | { corte: number; confeccion: number; limpieza: number; registro: number; }'.
  Property 'preparacion' does not exist on type '{ corte: number; confeccion: number; limpieza: number; registro: number; }'.
app-wrapper.tsx(15700,27): error TS2339: Property 'estampado' does not exist on type '{ dise├▒o: number; cobranza: number; preparacion: number; estampado: number; empaquetado: number; reparto: number; finalizados: number; } | { corte: number; confeccion: number; limpieza: number; registro: number; }'.
  Property 'estampado' does not exist on type '{ corte: number; confeccion: number; limpieza: number; registro: number; }'.
app-wrapper.tsx(15701,29): error TS2339: Property 'empaquetado' does not exist on type '{ dise├▒o: number; cobranza: number; preparacion: number; estampado: number; empaquetado: number; reparto: number; finalizados: number; } | { corte: number; confeccion: number; limpieza: number; registro: number; }'.
  Property 'empaquetado' does not exist on type '{ corte: number; confeccion: number; limpieza: number; registro: number; }'.
app-wrapper.tsx(15702,25): error TS2339: Property 'reparto' does not exist on type '{ dise├▒o: number; cobranza: number; preparacion: number; estampado: number; empaquetado: number; reparto: number; finalizados: number; } | { corte: number; confeccion: number; limpieza: number; registro: number; }'.
  Property 'reparto' does not exist on type '{ corte: number; confeccion: number; limpieza: number; registro: number; }'.
app-wrapper.tsx(15703,29): error TS2339: Property 'finalizados' does not exist on type '{ dise├▒o: number; cobranza: number; preparacion: number; estampado: number; empaquetado: number; reparto: number; finalizados: number; } | { corte: number; confeccion: number; limpieza: number; registro: number; }'.
  Property 'finalizados' does not exist on type '{ corte: number; confeccion: number; limpieza: number; registro: number; }'.
app-wrapper.tsx(15704,23): error TS2339: Property 'corte' does not exist on type '{ dise├▒o: number; cobranza: number; preparacion: number; estampado: number; empaquetado: number; reparto: number; finalizados: number; } | { corte: number; confeccion: number; limpieza: number; registro: number; }'.
  Property 'corte' does not exist on type '{ dise├▒o: number; cobranza: number; preparacion: number; estampado: number; empaquetado: number; reparto: number; finalizados: number; }'.
app-wrapper.tsx(15705,28): error TS2339: Property 'confeccion' does not exist on type '{ dise├▒o: number; cobranza: number; preparacion: number; estampado: number; empaquetado: number; reparto: number; finalizados: number; } | { corte: number; confeccion: number; limpieza: number; registro: number; }'.
  Property 'confeccion' does not exist on type '{ dise├▒o: number; cobranza: number; preparacion: number; estampado: number; empaquetado: number; reparto: number; finalizados: number; }'.
app-wrapper.tsx(15706,26): error TS2339: Property 'limpieza' does not exist on type '{ dise├▒o: number; cobranza: number; preparacion: number; estampado: number; empaquetado: number; reparto: number; finalizados: number; } | { corte: number; confeccion: number; limpieza: number; registro: number; }'.
  Property 'limpieza' does not exist on type '{ dise├▒o: number; cobranza: number; preparacion: number; estampado: number; empaquetado: number; reparto: number; finalizados: number; }'.
app-wrapper.tsx(15707,26): error TS2339: Property 'registro' does not exist on type '{ dise├▒o: number; cobranza: number; preparacion: number; estampado: number; empaquetado: number; reparto: number; finalizados: number; } | { corte: number; confeccion: number; limpieza: number; registro: number; }'.
  Property 'registro' does not exist on type '{ dise├▒o: number; cobranza: number; preparacion: number; estampado: number; empaquetado: number; reparto: number; finalizados: number; }'.
app-wrapper.tsx(15735,20): error TS2339: Property 'style' does not exist on type 'Element'.
app-wrapper.tsx(15736,20): error TS2339: Property 'style' does not exist on type 'Element'.
app-wrapper.tsx(15737,20): error TS2339: Property 'style' does not exist on type 'Element'.
app-wrapper.tsx(15738,20): error TS2339: Property 'style' does not exist on type 'Element'.
app-wrapper.tsx(15968,78): error TS2339: Property 'name' does not exist on type 'never'.
app-wrapper.tsx(15969,80): error TS2339: Property 'email' does not exist on type 'never'.
app-wrapper.tsx(15979,83): error TS2339: Property 'name' does not exist on type 'never'.
app-wrapper.tsx(15980,71): error TS2339: Property 'email' does not exist on type 'never'.
app-wrapper.tsx(16047,50): error TS2345: Argument of type 'null' is not assignable to parameter of type 'SetStateAction<string>'.
app-wrapper.tsx(16056,51): error TS7006: Parameter 'iconName' implicitly has an 'any' type.
app-wrapper.tsx(16067,49): error TS7053: Element implicitly has an 'any' type because expression of type 'any' can't be used to index type '{ ShoppingCart: ForwardRefExoticComponent<Omit<LucideProps, "ref"> & RefAttributes<SVGSVGElement>>; ... 54 more ...; Move: ForwardRefExoticComponent<...>; }'.
app-wrapper.tsx(16133,52): error TS2339: Property 'message' does not exist on type '{}'.
components/modals/config-columnas-etapa-modal.tsx(87,82): error TS2339: Property 'orden' does not exist on type 'never'.
components/modals/config-columnas-etapa-modal.tsx(87,92): error TS2339: Property 'orden' does not exist on type 'never'.
components/modals/config-columnas-etapa-modal.tsx(90,32): error TS7053: Element implicitly has an 'any' type because expression of type 'any' can't be used to index type '{ dise├▒o: { id: boolean; fecha: boolean; cliente: boolean; productos: boolean; dise├▒ador: boolean; estado: boolean; fechaEntrada: boolean; acciones: boolean; clienteNombre: boolean; clienteApellidos: boolean; ... 13 more ...; notasDise├▒o: boolean; }; ... 5 more ...; finalizados: { ...; }; }'.
components/modals/config-columnas-etapa-modal.tsx(95,52): error TS2339: Property 'campo' does not exist on type 'never'.
components/modals/config-columnas-etapa-modal.tsx(96,42): error TS2339: Property 'campo' does not exist on type 'never'.
components/modals/config-columnas-etapa-modal.tsx(97,27): error TS2339: Property 'visible' does not exist on type 'never'.
components/modals/config-columnas-etapa-modal.tsx(100,90): error TS2339: Property 'campo' does not exist on type 'never'.
components/modals/config-columnas-etapa-modal.tsx(101,84): error TS2339: Property 'orden' does not exist on type 'never'.
components/modals/config-columnas-etapa-modal.tsx(104,17): error TS2698: Spread types may only be created from object types.
components/modals/config-columnas-etapa-modal.tsx(191,13): error TS2740: Type '{}' is missing the following properties from type '{ dise├▒o: { id: boolean; fecha: boolean; cliente: boolean; productos: boolean; dise├▒ador: boolean; estado: boolean; fechaEntrada: boolean; acciones: boolean; clienteNombre: boolean; clienteApellidos: boolean; ... 13 more ...; notasDise├▒o: boolean; }; ... 5 more ...; finalizados: { ...; }; }': dise├▒o, cobranza, preparacion, estampado, and 3 more.
components/modals/config-columnas-etapa-modal.tsx(193,9): error TS7053: Element implicitly has an 'any' type because expression of type 'any' can't be used to index type '{ dise├▒o: { id: boolean; fecha: boolean; cliente: boolean; productos: boolean; dise├▒ador: boolean; estado: boolean; fechaEntrada: boolean; acciones: boolean; clienteNombre: boolean; clienteApellidos: boolean; ... 13 more ...; notasDise├▒o: boolean; }; ... 5 more ...; finalizados: { ...; }; }'.
components/modals/config-columnas-etapa-modal.tsx(202,86): error TS2339: Property 'orden' does not exist on type 'never'.
components/modals/config-columnas-etapa-modal.tsx(202,96): error TS2339: Property 'orden' does not exist on type 'never'.
components/modals/config-columnas-etapa-modal.tsx(204,17): error TS2698: Spread types may only be created from object types.
components/modals/config-columnas-etapa-modal.tsx(205,34): error TS2339: Property 'visible' does not exist on type 'never'.
components/modals/config-columnas-etapa-modal.tsx(206,45): error TS2339: Property 'orden' does not exist on type 'never'.
components/modals/etapa-form-modal.tsx(45,70): error TS2339: Property 'flujoId' does not exist on type 'never'.
components/modals/etapa-form-modal.tsx(71,24): error TS2339: Property 'nombre' does not exist on type 'never'.
components/modals/etapa-form-modal.tsx(72,26): error TS2339: Property 'flujoId' does not exist on type 'never'.
components/modals/etapa-form-modal.tsx(73,26): error TS2339: Property 'id' does not exist on type 'never'.
components/modals/etapa-form-modal.tsx(82,70): error TS2339: Property 'flujoId' does not exist on type 'never'.
components/modals/etapa-form-modal.tsx(82,95): error TS2339: Property 'id' does not exist on type 'never'.
components/modals/etapa-form-modal.tsx(83,59): error TS2339: Property 'tipoObligatoria' does not exist on type 'never'.
components/modals/etapa-form-modal.tsx(116,87): error TS2339: Property 'flujoId' does not exist on type 'never'.
components/modals/flow-components.tsx(278,32): error TS2339: Property 'flujoId' does not exist on type 'never'.
components/modals/flow-components.tsx(278,57): error TS2339: Property 'id' does not exist on type 'never'.
components/modals/flow-components.tsx(279,36): error TS2339: Property 'orden' does not exist on type 'never'.
components/modals/flow-components.tsx(279,53): error TS2339: Property 'orden' does not exist on type 'never'.
components/modals/flow-components.tsx(511,83): error TS2339: Property 'id' does not exist on type 'never'.
components/modals/flow-components.tsx(511,128): error TS2339: Property 'nombre' does not exist on type 'never'.
components/modals/importar-base-datos-modal.tsx(27,42): error TS7031: Binding element 'isOpen' implicitly has an 'any' type.
components/modals/importar-base-datos-modal.tsx(27,50): error TS7031: Binding element 'onClose' implicitly has an 'any' type.
components/modals/importar-base-datos-modal.tsx(27,59): error TS7031: Binding element 'onImportComplete' implicitly has an 'any' type.
components/modals/importar-base-datos-modal.tsx(61,53): error TS18046: 'error' is of type 'unknown'.
components/modals/importar-base-datos-modal.tsx(107,23): error TS2339: Property 'id' does not exist on type 'never'.
components/modals/importar-base-datos-modal.tsx(107,53): error TS2339: Property 'id' does not exist on type 'never'.
components/modals/importar-base-datos-modal.tsx(108,23): error TS2339: Property 'numeroPedido' does not exist on type 'never'.
components/modals/importar-base-datos-modal.tsx(108,63): error TS2339: Property 'numeroPedido' does not exist on type 'never'.
components/modals/importar-base-datos-modal.tsx(127,21): error TS2554: Expected 4 arguments, but got 5.
components/modals/importar-base-datos-modal.tsx(129,32): error TS2698: Spread types may only be created from object types.
components/modals/importar-base-datos-modal.tsx(271,90): error TS7006: Parameter 'campo' implicitly has an 'any' type.
components/tabs/cobranza-tab.tsx(13,5): error TS2305: Module '"../../lib/business-logic"' has no exported member 'updateOrderField'.
components/tabs/cobranza-tab.tsx(41,38): error TS2339: Property 'orden' does not exist on type '{ id: boolean; cliente: boolean; total: boolean; adelanto: boolean; pago1: boolean; pago2: boolean; saldo: boolean; estado: boolean; acciones: boolean; clienteNombre: boolean; clienteContacto: boolean; ... 9 more ...; anadidosDL: boolean; }'.
components/tabs/cobranza-tab.tsx(44,82): error TS2339: Property 'orden' does not exist on type 'never'.
components/tabs/cobranza-tab.tsx(44,92): error TS2339: Property 'orden' does not exist on type 'never'.
components/tabs/cobranza-tab.tsx(50,21): error TS7053: Element implicitly has an 'any' type because expression of type 'any' can't be used to index type '{ id: boolean; cliente: boolean; total: boolean; adelanto: boolean; pago1: boolean; pago2: boolean; saldo: boolean; estado: boolean; acciones: boolean; clienteNombre: boolean; clienteContacto: boolean; ... 9 more ...; anadidosDL: boolean; }'.
components/tabs/cobranza-tab.tsx(50,32): error TS2339: Property 'campo' does not exist on type 'never'.
components/tabs/cobranza-tab.tsx(51,28): error TS7053: Element implicitly has an 'any' type because expression of type 'any' can't be used to index type '{ id: boolean; cliente: boolean; total: boolean; adelanto: boolean; pago1: boolean; pago2: boolean; saldo: boolean; estado: boolean; acciones: boolean; clienteNombre: boolean; clienteContacto: boolean; ... 9 more ...; anadidosDL: boolean; }'.
components/tabs/cobranza-tab.tsx(51,39): error TS2339: Property 'campo' does not exist on type 'never'.
components/tabs/cobranza-tab.tsx(54,65): error TS2339: Property 'orden' does not exist on type '{ id: boolean; cliente: boolean; total: boolean; adelanto: boolean; pago1: boolean; pago2: boolean; saldo: boolean; estado: boolean; acciones: boolean; clienteNombre: boolean; clienteContacto: boolean; ... 9 more ...; anadidosDL: boolean; }'.
components/tabs/cobranza-tab.tsx(56,32): error TS2339: Property 'visible' does not exist on type 'never'.
components/tabs/cobranza-tab.tsx(57,29): error TS2339: Property 'categoria' does not exist on type 'never'.
components/tabs/cobranza-tab.tsx(58,29): error TS2339: Property 'categoria' does not exist on type 'never'.
components/tabs/cobranza-tab.tsx(61,28): error TS2339: Property 'visible' does not exist on type 'never'.
components/tabs/cobranza-tab.tsx(65,76): error TS2339: Property 'campo' does not exist on type 'never'.
components/tabs/cobranza-tab.tsx(66,76): error TS2339: Property 'campo' does not exist on type 'never'.
components/tabs/cobranza-tab.tsx(71,26): error TS2339: Property 'orden' does not exist on type 'never'.
components/tabs/cobranza-tab.tsx(71,36): error TS2339: Property 'orden' does not exist on type 'never'.
components/tabs/cobranza-tab.tsx(77,21): error TS2339: Property 'categoria' does not exist on type 'never'.
components/tabs/cobranza-tab.tsx(78,21): error TS2339: Property 'categoria' does not exist on type 'never'.
components/tabs/cobranza-tab.tsx(79,21): error TS2339: Property 'visible' does not exist on type 'never'.
components/tabs/cobranza-tab.tsx(94,24): error TS2339: Property 'flujoId' does not exist on type 'never'.
components/tabs/cobranza-tab.tsx(94,57): error TS2339: Property 'moduloPermisos' does not exist on type 'never'.
components/tabs/cobranza-tab.tsx(97,48): error TS2339: Property 'condicionesEntrada' does not exist on type 'never'.
components/tabs/cobranza-tab.tsx(97,84): error TS2339: Property 'condicionesEntrada' does not exist on type 'never'.
components/tabs/cobranza-tab.tsx(99,79): error TS2339: Property 'id' does not exist on type 'never'.
components/tabs/cobranza-tab.tsx(102,78): error TS2339: Property 'id' does not exist on type 'never'.
components/tabs/cobranza-tab.tsx(105,66): error TS2339: Property 'nombre' does not exist on type 'never'.
components/tabs/cobranza-tab.tsx(106,60): error TS2339: Property 'moduloPermisos' does not exist on type 'never'.
components/tabs/cobranza-tab.tsx(108,46): error TS2339: Property 'moduloPermisos' does not exist on type 'never'.
components/tabs/cobranza-tab.tsx(110,70): error TS2339: Property 'condicionesEntrada' does not exist on type 'never'.
components/tabs/cobranza-tab.tsx(155,67): error TS2339: Property 'estadoGeneral' does not exist on type 'never'.
components/tabs/cobranza-tab.tsx(216,36): error TS2339: Property 'cobranza' does not exist on type 'never'.
components/tabs/cobranza-tab.tsx(230,46): error TS2339: Property 'montoTotal' does not exist on type 'never'.
components/tabs/cobranza-tab.tsx(230,61): error TS2339: Property 'montoAdelanto' does not exist on type 'never'.
components/tabs/cobranza-tab.tsx(230,80): error TS2339: Property 'cobranza' does not exist on type 'never'.
components/tabs/cobranza-tab.tsx(230,107): error TS2339: Property 'cobranza' does not exist on type 'never'.
components/tabs/cobranza-tab.tsx(253,20): error TS2339: Property 'flujoId' does not exist on type 'never'.
components/tabs/cobranza-tab.tsx(253,53): error TS2339: Property 'moduloPermisos' does not exist on type 'never'.
components/tabs/cobranza-tab.tsx(267,44): error TS2339: Property 'condicionesSalida' does not exist on type 'never'.
components/tabs/cobranza-tab.tsx(267,79): error TS2339: Property 'condicionesSalida' does not exist on type 'never'.
components/tabs/cobranza-tab.tsx(269,55): error TS2339: Property 'condicionesSalida' does not exist on type 'never'.
components/tabs/cobranza-tab.tsx(291,44): error TS2339: Property 'condicionesSalida' does not exist on type 'never'.
components/tabs/cobranza-tab.tsx(291,79): error TS2339: Property 'condicionesSalida' does not exist on type 'never'.
components/tabs/cobranza-tab.tsx(292,50): error TS2339: Property 'condicionesSalida' does not exist on type 'never'.
components/tabs/cobranza-tab.tsx(481,54): error TS2339: Property 'id' does not exist on type 'never'.
components/tabs/cobranza-tab.tsx(484,50): error TS2339: Property 'nombre' does not exist on type 'never'.
components/tabs/cobranza-tab.tsx(510,80): error TS2339: Property 'editable' does not exist on type 'never'.
components/tabs/cobranza-tab.tsx(511,78): error TS2339: Property 'campo' does not exist on type 'never'.
components/tabs/cobranza-tab.tsx(512,76): error TS2339: Property 'campo' does not exist on type 'never'.
components/tabs/cobranza-tab.tsx(516,74): error TS2339: Property 'id' does not exist on type 'never'.
components/tabs/cobranza-tab.tsx(522,110): error TS2339: Property 'campo' does not exist on type 'never'.
components/tabs/cobranza-tab.tsx(525,99): error TS2339: Property 'campo' does not exist on type 'never'.
components/tabs/cobranza-tab.tsx(562,86): error TS2339: Property 'opciones' does not exist on type 'never'.
components/tabs/cobranza-tab.tsx(566,110): error TS2339: Property 'campo' does not exist on type 'never'.
components/tabs/cobranza-tab.tsx(568,115): error TS2339: Property 'campo' does not exist on type 'never'.
components/tabs/cobranza-tab.tsx(570,83): error TS2339: Property 'tipo' does not exist on type 'never'.
components/tabs/cobranza-tab.tsx(570,122): error TS2339: Property 'tipo' does not exist on type 'never'.
components/tabs/cobranza-tab.tsx(571,86): error TS2339: Property 'opciones' does not exist on type 'never'.
components/tabs/diseno-tab.tsx(14,5): error TS2305: Module '"../../lib/business-logic"' has no exported member 'updateOrderField'.
components/tabs/diseno-tab.tsx(46,38): error TS2339: Property 'orden' does not exist on type '{ id: boolean; fecha: boolean; cliente: boolean; productos: boolean; dise├▒ador: boolean; estado: boolean; fechaEntrada: boolean; acciones: boolean; clienteNombre: boolean; clienteApellidos: boolean; ... 13 more ...; notasDise├▒o: boolean; }'.
components/tabs/diseno-tab.tsx(49,82): error TS2339: Property 'orden' does not exist on type 'never'.
components/tabs/diseno-tab.tsx(49,92): error TS2339: Property 'orden' does not exist on type 'never'.
components/tabs/diseno-tab.tsx(55,21): error TS7053: Element implicitly has an 'any' type because expression of type 'any' can't be used to index type '{ id: boolean; fecha: boolean; cliente: boolean; productos: boolean; dise├▒ador: boolean; estado: boolean; fechaEntrada: boolean; acciones: boolean; clienteNombre: boolean; clienteApellidos: boolean; ... 13 more ...; notasDise├▒o: boolean; }'.
components/tabs/diseno-tab.tsx(55,32): error TS2339: Property 'campo' does not exist on type 'never'.
components/tabs/diseno-tab.tsx(56,28): error TS7053: Element implicitly has an 'any' type because expression of type 'any' can't be used to index type '{ id: boolean; fecha: boolean; cliente: boolean; productos: boolean; dise├▒ador: boolean; estado: boolean; fechaEntrada: boolean; acciones: boolean; clienteNombre: boolean; clienteApellidos: boolean; ... 13 more ...; notasDise├▒o: boolean; }'.
components/tabs/diseno-tab.tsx(56,39): error TS2339: Property 'campo' does not exist on type 'never'.
components/tabs/diseno-tab.tsx(59,65): error TS2339: Property 'orden' does not exist on type '{ id: boolean; fecha: boolean; cliente: boolean; productos: boolean; dise├▒ador: boolean; estado: boolean; fechaEntrada: boolean; acciones: boolean; clienteNombre: boolean; clienteApellidos: boolean; ... 13 more ...; notasDise├▒o: boolean; }'.
components/tabs/diseno-tab.tsx(61,32): error TS2339: Property 'visible' does not exist on type 'never'.
components/tabs/diseno-tab.tsx(62,29): error TS2339: Property 'categoria' does not exist on type 'never'.
components/tabs/diseno-tab.tsx(63,29): error TS2339: Property 'categoria' does not exist on type 'never'.
components/tabs/diseno-tab.tsx(66,28): error TS2339: Property 'visible' does not exist on type 'never'.
components/tabs/diseno-tab.tsx(70,76): error TS2339: Property 'campo' does not exist on type 'never'.
components/tabs/diseno-tab.tsx(71,76): error TS2339: Property 'campo' does not exist on type 'never'.
components/tabs/diseno-tab.tsx(76,26): error TS2339: Property 'orden' does not exist on type 'never'.
components/tabs/diseno-tab.tsx(76,36): error TS2339: Property 'orden' does not exist on type 'never'.
components/tabs/diseno-tab.tsx(82,21): error TS2339: Property 'categoria' does not exist on type 'never'.
components/tabs/diseno-tab.tsx(83,21): error TS2339: Property 'categoria' does not exist on type 'never'.
components/tabs/diseno-tab.tsx(84,21): error TS2339: Property 'visible' does not exist on type 'never'.
components/tabs/diseno-tab.tsx(138,36): error TS2339: Property 'dise├▒o' does not exist on type 'never'.
components/tabs/diseno-tab.tsx(161,38): error TS2339: Property 'dise├▒o' does not exist on type 'never'.
components/tabs/diseno-tab.tsx(166,41): error TS2339: Property 'dise├▒o' does not exist on type 'never'.
components/tabs/diseno-tab.tsx(174,40): error TS2339: Property 'dise├▒o' does not exist on type 'never'.
components/tabs/diseno-tab.tsx(241,20): error TS2339: Property 'flujoId' does not exist on type 'never'.
components/tabs/diseno-tab.tsx(241,53): error TS2339: Property 'moduloPermisos' does not exist on type 'never'.
components/tabs/diseno-tab.tsx(251,40): error TS2339: Property 'condicionesSalida' does not exist on type 'never'.
components/tabs/diseno-tab.tsx(251,73): error TS2339: Property 'condicionesSalida' does not exist on type 'never'.
components/tabs/diseno-tab.tsx(264,62): error TS2339: Property 'condicionesSalida' does not exist on type 'never'.
components/tabs/diseno-tab.tsx(553,50): error TS2339: Property 'id' does not exist on type 'never'.
components/tabs/diseno-tab.tsx(556,46): error TS2339: Property 'nombre' does not exist on type 'never'.
components/tabs/diseno-tab.tsx(580,72): error TS2339: Property 'editable' does not exist on type 'never'.
components/tabs/diseno-tab.tsx(583,73): error TS2339: Property 'campo' does not exist on type 'never'.
components/tabs/diseno-tab.tsx(584,73): error TS2339: Property 'campo' does not exist on type 'never'.
components/tabs/diseno-tab.tsx(585,69): error TS2339: Property 'campo' does not exist on type 'never'.
components/tabs/diseno-tab.tsx(586,70): error TS2339: Property 'campo' does not exist on type 'never'.
components/tabs/diseno-tab.tsx(590,66): error TS2339: Property 'id' does not exist on type 'never'.
components/tabs/diseno-tab.tsx(636,78): error TS2339: Property 'opciones' does not exist on type 'never'.
components/tabs/diseno-tab.tsx(638,79): error TS2339: Property 'tipo' does not exist on type 'never'.
components/tabs/diseno-tab.tsx(642,107): error TS2339: Property 'campo' does not exist on type 'never'.
components/tabs/diseno-tab.tsx(645,78): error TS2339: Property 'opciones' does not exist on type 'never'.
components/tabs/diseno-tab.tsx(651,107): error TS2339: Property 'campo' does not exist on type 'never'.
components/tabs/diseno-tab.tsx(653,75): error TS2339: Property 'tipo' does not exist on type 'never'.
components/tabs/gestion-columnas-tab.tsx(25,24): error TS7031: Binding element 'columna' implicitly has an 'any' type.
components/tabs/gestion-columnas-tab.tsx(25,33): error TS7031: Binding element 'onEditar' implicitly has an 'any' type.
components/tabs/gestion-columnas-tab.tsx(25,43): error TS7031: Binding element 'onEliminar' implicitly has an 'any' type.
components/tabs/gestion-columnas-tab.tsx(92,29): error TS7031: Binding element 'isOpen' implicitly has an 'any' type.
components/tabs/gestion-columnas-tab.tsx(92,37): error TS7031: Binding element 'onClose' implicitly has an 'any' type.
components/tabs/gestion-columnas-tab.tsx(92,46): error TS7031: Binding element 'columna' implicitly has an 'any' type.
components/tabs/gestion-columnas-tab.tsx(92,55): error TS7031: Binding element 'onSave' implicitly has an 'any' type.
components/tabs/gestion-columnas-tab.tsx(127,84): error TS2339: Property 'orden' does not exist on type 'never'.
components/tabs/gestion-columnas-tab.tsx(187,27): error TS7006: Parameter 'e' implicitly has an 'any' type.
components/tabs/gestion-columnas-tab.tsx(195,24): error TS7006: Parameter 'prev' implicitly has an 'any' type.
components/tabs/gestion-columnas-tab.tsx(203,35): error TS7006: Parameter 'e' implicitly has an 'any' type.
components/tabs/gestion-columnas-tab.tsx(209,19): error TS7006: Parameter 'o' implicitly has an 'any' type.
components/tabs/gestion-columnas-tab.tsx(210,22): error TS7006: Parameter 'o' implicitly has an 'any' type.
components/tabs/gestion-columnas-tab.tsx(214,27): error TS7006: Parameter 'e' implicitly has an 'any' type.
components/tabs/gestion-columnas-tab.tsx(227,26): error TS2339: Property 'campo' does not exist on type 'never'.
components/tabs/gestion-columnas-tab.tsx(227,69): error TS2339: Property 'id' does not exist on type 'never'.
components/tabs/gestion-columnas-tab.tsx(369,70): error TS7006: Parameter 'fmt' implicitly has an 'any' type.
components/tabs/gestion-columnas-tab.tsx(457,38): error TS7031: Binding element 'onColumnasChange' implicitly has an 'any' type.
components/tabs/gestion-columnas-tab.tsx(474,77): error TS2339: Property 'orden' does not exist on type 'never'.
components/tabs/gestion-columnas-tab.tsx(474,94): error TS2339: Property 'orden' does not exist on type 'never'.
components/tabs/gestion-columnas-tab.tsx(478,28): error TS7006: Parameter 'event' implicitly has an 'any' type.
components/tabs/gestion-columnas-tab.tsx(494,17): error TS2322: Type 'any[]' is not assignable to type 'never[]'.
  Type 'any' is not assignable to type 'never'.
components/tabs/gestion-columnas-tab.tsx(502,41): error TS7006: Parameter 'datos' implicitly has an 'any' type.
components/tabs/gestion-columnas-tab.tsx(506,79): error TS2339: Property 'id' does not exist on type 'never'.
components/tabs/gestion-columnas-tab.tsx(509,25): error TS2698: Spread types may only be created from object types.
components/tabs/gestion-columnas-tab.tsx(513,21): error TS2322: Type 'any' is not assignable to type 'never'.
components/tabs/gestion-columnas-tab.tsx(525,51): error TS2345: Argument of type 'any' is not assignable to parameter of type 'never'.
components/tabs/gestion-columnas-tab.tsx(530,90): error TS2339: Property 'orden' does not exist on type 'never'.
components/tabs/gestion-columnas-tab.tsx(530,107): error TS2339: Property 'orden' does not exist on type 'never'.
components/tabs/gestion-columnas-tab.tsx(537,53): error TS18046: 'error' is of type 'unknown'.
components/tabs/gestion-columnas-tab.tsx(541,42): error TS7006: Parameter 'id' implicitly has an 'any' type.
components/tabs/gestion-columnas-tab.tsx(545,75): error TS2339: Property 'id' does not exist on type 'never'.
components/tabs/gestion-columnas-tab.tsx(547,57): error TS2339: Property 'esSistema' does not exist on type 'never'.
components/tabs/gestion-columnas-tab.tsx(552,64): error TS2339: Property 'delete' does not exist on type '{ update: (data: any) => Promise<void>; }'.
components/tabs/gestion-columnas-tab.tsx(555,94): error TS2339: Property 'orden' does not exist on type 'never'.
components/tabs/gestion-columnas-tab.tsx(555,111): error TS2339: Property 'orden' does not exist on type 'never'.
components/tabs/gestion-columnas-tab.tsx(560,54): error TS18046: 'error' is of type 'unknown'.
components/tabs/gestion-columnas-tab.tsx(675,56): error TS7006: Parameter 'col' implicitly has an 'any' type.
components/tabs/pedidos-tab.tsx(59,31): error TS7006: Parameter 'reporte' implicitly has an 'any' type.
components/tabs/pedidos-tab.tsx(67,32): error TS7006: Parameter 'fila' implicitly has an 'any' type.
components/tabs/pedidos-tab.tsx(92,26): error TS7006: Parameter 'reporte' implicitly has an 'any' type.
components/tabs/pedidos-tab.tsx(92,35): error TS7006: Parameter 'tipoReporte' implicitly has an 'any' type.
components/tabs/pedidos-tab.tsx(126,37): error TS7006: Parameter 'col' implicitly has an 'any' type.
components/tabs/pedidos-tab.tsx(130,32): error TS7006: Parameter 'fila' implicitly has an 'any' type.
components/tabs/pedidos-tab.tsx(200,86): error TS2339: Property 'orden' does not exist on type 'never'.
components/tabs/pedidos-tab.tsx(200,96): error TS2339: Property 'orden' does not exist on type 'never'.
components/tabs/pedidos-tab.tsx(205,77): error TS7006: Parameter 'snapshot' implicitly has an 'any' type.
components/tabs/pedidos-tab.tsx(206,52): error TS7006: Parameter 'doc' implicitly has an 'any' type.
components/tabs/pedidos-tab.tsx(212,33): error TS7006: Parameter 'e' implicitly has an 'any' type.
components/tabs/pedidos-tab.tsx(295,36): error TS2339: Property 'createdAt' does not exist on type 'never'.
components/tabs/pedidos-tab.tsx(318,50): error TS2339: Property 'canalVenta' does not exist on type 'never'.
components/tabs/pedidos-tab.tsx(319,58): error TS2339: Property 'lineaProducto' does not exist on type 'never'.
components/tabs/pedidos-tab.tsx(320,62): error TS2339: Property 'whatsappOrigen' does not exist on type 'never'.
components/tabs/pedidos-tab.tsx(321,56): error TS2339: Property 'vendedor' does not exist on type 'never'.
components/tabs/pedidos-tab.tsx(322,58): error TS2339: Property 'activador' does not exist on type 'never'.
components/tabs/pedidos-tab.tsx(324,21): error TS2339: Property 'productos' does not exist on type 'never'.
components/tabs/pedidos-tab.tsx(324,36): error TS2339: Property 'productos' does not exist on type 'never'.
components/tabs/pedidos-tab.tsx(324,52): error TS7006: Parameter 'prod' implicitly has an 'any' type.
components/tabs/pedidos-tab.tsx(328,28): error TS2339: Property 'createdAt' does not exist on type 'never'.
components/tabs/pedidos-tab.tsx(329,45): error TS2339: Property 'createdAt' does not exist on type 'never'.
components/tabs/pedidos-tab.tsx(347,64): error TS2339: Property 'departamento' does not exist on type 'never'.
components/tabs/pedidos-tab.tsx(348,58): error TS2339: Property 'provincia' does not exist on type 'never'.
components/tabs/pedidos-tab.tsx(349,56): error TS2339: Property 'distrito' does not exist on type 'never'.
components/tabs/pedidos-tab.tsx(353,21): error TS2339: Property 'clienteNombre' does not exist on type 'never'.
components/tabs/pedidos-tab.tsx(354,19): error TS2339: Property 'clienteContacto' does not exist on type 'never'.
components/tabs/pedidos-tab.tsx(355,19): error TS2339: Property 'numeroPedido' does not exist on type 'never'.
components/tabs/pedidos-tab.tsx(356,19): error TS2339: Property 'id' does not exist on type 'never'.
components/tabs/pedidos-tab.tsx(398,85): error TS2339: Property 'montoTotal' does not exist on type 'never'.
components/tabs/pedidos-tab.tsx(404,85): error TS2339: Property 'montoAdelanto' does not exist on type 'never'.
components/tabs/pedidos-tab.tsx(411,54): error TS2339: Property 'montoTotal' does not exist on type 'never'.
components/tabs/pedidos-tab.tsx(412,57): error TS2339: Property 'montoAdelanto' does not exist on type 'never'.
components/tabs/pedidos-tab.tsx(413,55): error TS2339: Property 'cobranza' does not exist on type 'never'.
components/tabs/pedidos-tab.tsx(413,95): error TS2339: Property 'cobranza' does not exist on type 'never'.
components/tabs/pedidos-tab.tsx(414,41): error TS2339: Property 'montoPendiente' does not exist on type 'never'.
components/tabs/pedidos-tab.tsx(414,91): error TS2339: Property 'montoPendiente' does not exist on type 'never'.
components/tabs/pedidos-tab.tsx(424,32): error TS2339: Property 'productos' does not exist on type 'never'.
components/tabs/pedidos-tab.tsx(424,66): error TS2339: Property 'productos' does not exist on type 'never'.
components/tabs/pedidos-tab.tsx(424,87): error TS2339: Property 'productos' does not exist on type 'never'.
components/tabs/pedidos-tab.tsx(425,40): error TS2339: Property 'productos' does not exist on type 'never'.
components/tabs/pedidos-tab.tsx(425,58): error TS7006: Parameter 'subSum' implicitly has an 'any' type.
components/tabs/pedidos-tab.tsx(425,66): error TS7006: Parameter 'productoEnPedido' implicitly has an 'any' type.
components/tabs/pedidos-tab.tsx(426,87): error TS2339: Property 'id' does not exist on type 'never'.
components/tabs/pedidos-tab.tsx(429,50): error TS2339: Property 'tipo' does not exist on type 'never'.
components/tabs/pedidos-tab.tsx(429,87): error TS2339: Property 'componentes' does not exist on type 'never'.
components/tabs/pedidos-tab.tsx(430,79): error TS2339: Property 'componentes' does not exist on type 'never'.
components/tabs/pedidos-tab.tsx(431,42): error TS7006: Parameter 'count' implicitly has an 'any' type.
components/tabs/pedidos-tab.tsx(431,49): error TS7006: Parameter 'componente' implicitly has an 'any' type.
components/tabs/pedidos-tab.tsx(434,57): error TS2339: Property 'tipo' does not exist on type 'never'.
components/tabs/pedidos-tab.tsx(442,57): error TS2339: Property 'cantidad' does not exist on type 'never'.
components/tabs/pedidos-tab.tsx(453,31): error TS2339: Property 'productos' does not exist on type 'never'.
components/tabs/pedidos-tab.tsx(453,60): error TS2339: Property 'productos' does not exist on type 'never'.
components/tabs/pedidos-tab.tsx(453,76): error TS2339: Property 'productos' does not exist on type 'never'.
components/tabs/pedidos-tab.tsx(454,44): error TS2339: Property 'productos' does not exist on type 'never'.
components/tabs/pedidos-tab.tsx(454,62): error TS7006: Parameter 's' implicitly has an 'any' type.
components/tabs/pedidos-tab.tsx(454,65): error TS7006: Parameter 'item' implicitly has an 'any' type.
components/tabs/pedidos-tab.tsx(456,58): error TS2339: Property 'cantidad' does not exist on type 'never'.
components/tabs/pedidos-tab.tsx(471,34): error TS2339: Property 'lineaProducto' does not exist on type 'never'.
components/tabs/pedidos-tab.tsx(472,18): error TS7053: Element implicitly has an 'any' type because expression of type 'any' can't be used to index type '{}'.
components/tabs/pedidos-tab.tsx(473,17): error TS7053: Element implicitly has an 'any' type because expression of type 'any' can't be used to index type '{}'.
components/tabs/pedidos-tab.tsx(484,13): error TS7053: Element implicitly has an 'any' type because expression of type 'any' can't be used to index type '{}'.
components/tabs/pedidos-tab.tsx(485,13): error TS7053: Element implicitly has an 'any' type because expression of type 'any' can't be used to index type '{}'.
components/tabs/pedidos-tab.tsx(485,65): error TS2339: Property 'montoTotal' does not exist on type 'never'.
components/tabs/pedidos-tab.tsx(486,13): error TS7053: Element implicitly has an 'any' type because expression of type 'any' can't be used to index type '{}'.
components/tabs/pedidos-tab.tsx(486,66): error TS2339: Property 'montoAdelanto' does not exist on type 'never'.
components/tabs/pedidos-tab.tsx(487,51): error TS2339: Property 'montoTotal' does not exist on type 'never'.
components/tabs/pedidos-tab.tsx(488,54): error TS2339: Property 'montoAdelanto' does not exist on type 'never'.
components/tabs/pedidos-tab.tsx(489,52): error TS2339: Property 'cobranza' does not exist on type 'never'.
components/tabs/pedidos-tab.tsx(489,97): error TS2339: Property 'cobranza' does not exist on type 'never'.
components/tabs/pedidos-tab.tsx(490,38): error TS2339: Property 'montoPendiente' does not exist on type 'never'.
components/tabs/pedidos-tab.tsx(490,93): error TS2339: Property 'montoPendiente' does not exist on type 'never'.
components/tabs/pedidos-tab.tsx(491,13): error TS7053: Element implicitly has an 'any' type because expression of type 'any' can't be used to index type '{}'.
components/tabs/pedidos-tab.tsx(493,20): error TS2339: Property 'productos' does not exist on type 'never'.
components/tabs/pedidos-tab.tsx(493,40): error TS7006: Parameter 'productoEnPedido' implicitly has an 'any' type.
components/tabs/pedidos-tab.tsx(494,75): error TS2339: Property 'id' does not exist on type 'never'.
components/tabs/pedidos-tab.tsx(497,38): error TS2339: Property 'tipo' does not exist on type 'never'.
components/tabs/pedidos-tab.tsx(497,75): error TS2339: Property 'componentes' does not exist on type 'never'.
components/tabs/pedidos-tab.tsx(498,67): error TS2339: Property 'componentes' does not exist on type 'never'.
components/tabs/pedidos-tab.tsx(499,30): error TS7006: Parameter 'count' implicitly has an 'any' type.
components/tabs/pedidos-tab.tsx(499,37): error TS7006: Parameter 'componente' implicitly has an 'any' type.
components/tabs/pedidos-tab.tsx(502,45): error TS2339: Property 'tipo' does not exist on type 'never'.
components/tabs/pedidos-tab.tsx(506,17): error TS7053: Element implicitly has an 'any' type because expression of type 'any' can't be used to index type '{}'.
components/tabs/pedidos-tab.tsx(507,17): error TS7053: Element implicitly has an 'any' type because expression of type 'any' can't be used to index type '{}'.
components/tabs/pedidos-tab.tsx(509,25): error TS2339: Property 'productos' does not exist on type 'never'.
components/tabs/pedidos-tab.tsx(509,45): error TS2339: Property 'productos' does not exist on type 'never'.
components/tabs/pedidos-tab.tsx(510,17): error TS7053: Element implicitly has an 'any' type because expression of type 'any' can't be used to index type '{}'.
components/tabs/pedidos-tab.tsx(510,69): error TS2339: Property 'cantidad' does not exist on type 'never'.
components/tabs/pedidos-tab.tsx(511,17): error TS7053: Element implicitly has an 'any' type because expression of type 'any' can't be used to index type '{}'.
components/tabs/pedidos-tab.tsx(511,71): error TS2339: Property 'cantidad' does not exist on type 'never'.
components/tabs/pedidos-tab.tsx(515,56): error TS18046: 'a' is of type 'unknown'.
components/tabs/pedidos-tab.tsx(515,78): error TS18046: 'b' is of type 'unknown'.
components/tabs/pedidos-tab.tsx(522,37): error TS2339: Property 'vendedor' does not exist on type 'never'.
components/tabs/pedidos-tab.tsx(523,18): error TS7053: Element implicitly has an 'any' type because expression of type 'any' can't be used to index type '{}'.
components/tabs/pedidos-tab.tsx(524,17): error TS7053: Element implicitly has an 'any' type because expression of type 'any' can't be used to index type '{}'.
components/tabs/pedidos-tab.tsx(535,13): error TS7053: Element implicitly has an 'any' type because expression of type 'any' can't be used to index type '{}'.
components/tabs/pedidos-tab.tsx(536,13): error TS7053: Element implicitly has an 'any' type because expression of type 'any' can't be used to index type '{}'.
components/tabs/pedidos-tab.tsx(536,72): error TS2339: Property 'montoTotal' does not exist on type 'never'.
components/tabs/pedidos-tab.tsx(537,13): error TS7053: Element implicitly has an 'any' type because expression of type 'any' can't be used to index type '{}'.
components/tabs/pedidos-tab.tsx(537,73): error TS2339: Property 'montoAdelanto' does not exist on type 'never'.
components/tabs/pedidos-tab.tsx(538,51): error TS2339: Property 'montoTotal' does not exist on type 'never'.
components/tabs/pedidos-tab.tsx(539,54): error TS2339: Property 'montoAdelanto' does not exist on type 'never'.
components/tabs/pedidos-tab.tsx(540,52): error TS2339: Property 'cobranza' does not exist on type 'never'.
components/tabs/pedidos-tab.tsx(540,97): error TS2339: Property 'cobranza' does not exist on type 'never'.
components/tabs/pedidos-tab.tsx(541,38): error TS2339: Property 'montoPendiente' does not exist on type 'never'.
components/tabs/pedidos-tab.tsx(541,93): error TS2339: Property 'montoPendiente' does not exist on type 'never'.
components/tabs/pedidos-tab.tsx(542,13): error TS7053: Element implicitly has an 'any' type because expression of type 'any' can't be used to index type '{}'.
components/tabs/pedidos-tab.tsx(544,20): error TS2339: Property 'productos' does not exist on type 'never'.
components/tabs/pedidos-tab.tsx(544,40): error TS7006: Parameter 'productoEnPedido' implicitly has an 'any' type.
components/tabs/pedidos-tab.tsx(545,75): error TS2339: Property 'id' does not exist on type 'never'.
components/tabs/pedidos-tab.tsx(548,38): error TS2339: Property 'tipo' does not exist on type 'never'.
components/tabs/pedidos-tab.tsx(548,75): error TS2339: Property 'componentes' does not exist on type 'never'.
components/tabs/pedidos-tab.tsx(549,67): error TS2339: Property 'componentes' does not exist on type 'never'.
components/tabs/pedidos-tab.tsx(550,30): error TS7006: Parameter 'count' implicitly has an 'any' type.
components/tabs/pedidos-tab.tsx(550,37): error TS7006: Parameter 'componente' implicitly has an 'any' type.
components/tabs/pedidos-tab.tsx(553,45): error TS2339: Property 'tipo' does not exist on type 'never'.
components/tabs/pedidos-tab.tsx(557,17): error TS7053: Element implicitly has an 'any' type because expression of type 'any' can't be used to index type '{}'.
components/tabs/pedidos-tab.tsx(558,17): error TS7053: Element implicitly has an 'any' type because expression of type 'any' can't be used to index type '{}'.
components/tabs/pedidos-tab.tsx(560,25): error TS2339: Property 'productos' does not exist on type 'never'.
components/tabs/pedidos-tab.tsx(560,45): error TS2339: Property 'productos' does not exist on type 'never'.
components/tabs/pedidos-tab.tsx(561,17): error TS7053: Element implicitly has an 'any' type because expression of type 'any' can't be used to index type '{}'.
components/tabs/pedidos-tab.tsx(561,76): error TS2339: Property 'cantidad' does not exist on type 'never'.
components/tabs/pedidos-tab.tsx(562,17): error TS7053: Element implicitly has an 'any' type because expression of type 'any' can't be used to index type '{}'.
components/tabs/pedidos-tab.tsx(562,78): error TS2339: Property 'cantidad' does not exist on type 'never'.
components/tabs/pedidos-tab.tsx(566,60): error TS18046: 'a' is of type 'unknown'.
components/tabs/pedidos-tab.tsx(566,85): error TS18046: 'b' is of type 'unknown'.
components/tabs/pedidos-tab.tsx(569,39): error TS7006: Parameter 'pedidoId' implicitly has an 'any' type.
components/tabs/pedidos-tab.tsx(580,76): error TS2339: Property 'delete' does not exist on type '{ update: (data: any) => Promise<void>; }'.
components/tabs/pedidos-tab.tsx(584,57): error TS18046: 'error' is of type 'unknown'.
components/tabs/pedidos-tab.tsx(605,51): error TS18046: 'error' is of type 'unknown'.
components/tabs/pedidos-tab.tsx(614,46): error TS2339: Property 'visible' does not exist on type 'never'.
components/tabs/pedidos-tab.tsx(614,73): error TS2339: Property 'orden' does not exist on type 'never'.
components/tabs/pedidos-tab.tsx(614,90): error TS2339: Property 'orden' does not exist on type 'never'.
components/tabs/pedidos-tab.tsx(618,86): error TS2339: Property 'orden' does not exist on type 'never'.
components/tabs/pedidos-tab.tsx(618,96): error TS2339: Property 'orden' does not exist on type 'never'.
components/tabs/pedidos-tab.tsx(703,50): error TS2740: Type '{ type: string; name: string; value: string; onChange: (e: any) => void; className: string; }' is missing the following properties from type '{ [x: string]: any; label: any; id: any; type?: string | undefined; value: any; onChange: any; placeholder: any; required: any; icon: any; error: any; className?: string | undefined; }': label, id, placeholder, required, and 2 more.
components/tabs/pedidos-tab.tsx(711,50): error TS2740: Type '{ type: string; name: string; value: string; onChange: (e: any) => void; className: string; }' is missing the following properties from type '{ [x: string]: any; label: any; id: any; type?: string | undefined; value: any; onChange: any; placeholder: any; required: any; icon: any; error: any; className?: string | undefined; }': label, id, placeholder, required, and 2 more.
components/tabs/pedidos-tab.tsx(724,50): error TS2739: Type '{ type: string; name: string; value: string; onChange: (e: any) => void; placeholder: string; className: string; }' is missing the following properties from type '{ [x: string]: any; label: any; id: any; type?: string | undefined; value: any; onChange: any; placeholder: any; required: any; icon: any; error: any; className?: string | undefined; }': label, id, required, icon, error
components/tabs/pedidos-tab.tsx(728,64): error TS7006: Parameter 'e' implicitly has an 'any' type.
components/tabs/pedidos-tab.tsx(759,54): error TS2740: Type '{ children: (Element | Element[])[]; name: string; value: string; onValueChange: (val: any) => void; }' is missing the following properties from type '{ [x: string]: any; label: any; id: any; value: any; onChange: any; onValueChange: any; children: any; options: any; placeholder: any; required: any; error: any; className?: string | undefined; }': label, id, onChange, options, and 3 more.
components/tabs/pedidos-tab.tsx(762,73): error TS7006: Parameter 'val' implicitly has an 'any' type.
components/tabs/pedidos-tab.tsx(770,54): error TS2740: Type '{ children: (Element | Element[])[]; name: string; value: string; onValueChange: (val: any) => void; }' is missing the following properties from type '{ [x: string]: any; label: any; id: any; value: any; onChange: any; onValueChange: any; children: any; options: any; placeholder: any; required: any; error: any; className?: string | undefined; }': label, id, onChange, options, and 3 more.
components/tabs/pedidos-tab.tsx(773,73): error TS7006: Parameter 'val' implicitly has an 'any' type.
components/tabs/pedidos-tab.tsx(781,54): error TS2740: Type '{ children: (Element | Element[])[]; name: string; value: string; onValueChange: (val: any) => void; }' is missing the following properties from type '{ [x: string]: any; label: any; id: any; value: any; onChange: any; onValueChange: any; children: any; options: any; placeholder: any; required: any; error: any; className?: string | undefined; }': label, id, onChange, options, and 3 more.
components/tabs/pedidos-tab.tsx(784,73): error TS7006: Parameter 'val' implicitly has an 'any' type.
components/tabs/pedidos-tab.tsx(792,54): error TS2740: Type '{ children: (Element | Element[])[]; name: string; value: string; onValueChange: (val: any) => void; }' is missing the following properties from type '{ [x: string]: any; label: any; id: any; value: any; onChange: any; onValueChange: any; children: any; options: any; placeholder: any; required: any; error: any; className?: string | undefined; }': label, id, onChange, options, and 3 more.
components/tabs/pedidos-tab.tsx(795,73): error TS7006: Parameter 'val' implicitly has an 'any' type.
components/tabs/pedidos-tab.tsx(867,135): error TS18046: 'linea' is of type 'unknown'.
components/tabs/pedidos-tab.tsx(868,135): error TS18046: 'linea' is of type 'unknown'.
components/tabs/pedidos-tab.tsx(870,81): error TS18046: 'linea' is of type 'unknown'.
components/tabs/pedidos-tab.tsx(873,81): error TS18046: 'linea' is of type 'unknown'.
components/tabs/pedidos-tab.tsx(876,81): error TS18046: 'linea' is of type 'unknown'.
components/tabs/pedidos-tab.tsx(878,135): error TS18046: 'linea' is of type 'unknown'.
components/tabs/pedidos-tab.tsx(879,135): error TS18046: 'linea' is of type 'unknown'.
components/tabs/pedidos-tab.tsx(905,70): error TS2339: Property 'id' does not exist on type 'never'.
components/tabs/pedidos-tab.tsx(908,66): error TS2339: Property 'nombre' does not exist on type 'never'.
components/tabs/pedidos-tab.tsx(928,102): error TS2339: Property 'id' does not exist on type 'never'.
components/tabs/pedidos-tab.tsx(930,85): error TS2339: Property 'id' does not exist on type 'never'.
components/tabs/pedidos-tab.tsx(933,129): error TS2339: Property 'id' does not exist on type 'never'.
components/tabs/pedidos-tab.tsx(937,123): error TS2339: Property 'tipo' does not exist on type 'never'.
components/tabs/pedidos-tab.tsx(937,137): error TS2339: Property 'formato' does not exist on type 'never'.
components/tabs/pedidos-tab.tsx(938,97): error TS2339: Property 'campo' does not exist on type 'never'.
components/tabs/pedidos-tab.tsx(944,90): error TS2339: Property 'id' does not exist on type 'never'.
components/tabs/pedidos-tab.tsx(948,86): error TS2339: Property 'editable' does not exist on type 'never'.
components/tabs/pedidos-tab.tsx(951,102): error TS7006: Parameter 'nuevoValor' implicitly has an 'any' type.
components/tabs/pedidos-tab.tsx(954,105): error TS2339: Property 'tipo' does not exist on type 'never'.
components/tabs/pedidos-tab.tsx(956,112): error TS2339: Property 'tipo' does not exist on type 'never'.
components/tabs/pedidos-tab.tsx(958,112): error TS2339: Property 'tipo' does not exist on type 'never'.
components/tabs/pedidos-tab.tsx(963,104): error TS2339: Property 'id' does not exist on type 'never'.
components/tabs/pedidos-tab.tsx(971,131): error TS18046: 'error' is of type 'unknown'.
components/tabs/pedidos-tab.tsx(974,99): error TS2339: Property 'tipo' does not exist on type 'never'.
components/tabs/pedidos-tab.tsx(974,137): error TS2339: Property 'tipo' does not exist on type 'never'.
components/tabs/pedidos-tab.tsx(974,178): error TS2339: Property 'tipo' does not exist on type 'never'.
components/tabs/pedidos-tab.tsx(974,217): error TS2339: Property 'tipo' does not exist on type 'never'.
components/tabs/pedidos-tab.tsx(975,102): error TS2339: Property 'tipo' does not exist on type 'never'.
components/tabs/pedidos-tab.tsx(975,129): error TS2339: Property 'opciones' does not exist on type 'never'.
components/tabs/pedidos-tab.tsx(975,148): error TS2339: Property 'tipo' does not exist on type 'never'.
components/tabs/pedidos-tab.tsx(986,141): error TS2339: Property 'id' does not exist on type 'never'.
components/tabs/pedidos-tab.tsx(993,122): error TS2339: Property 'id' does not exist on type 'never'.
components/tabs/pedidos-tab.tsx(1010,99): error TS2339: Property 'id' does not exist on type 'never'.
components/tabs/pedidos-tab.tsx(1011,165): error TS2339: Property 'nombre' does not exist on type 'never'.
components/tabs/pedidos-tab.tsx(1059,14): error TS2741: Property 'onImportComplete' is missing in type '{ isOpen: boolean; onClose: () => void; }' but required in type '{ isOpen: any; onClose: any; onImportComplete: any; }'.
components/tabs/ventas-tab.tsx(68,77): error TS7006: Parameter 'snapshot' implicitly has an 'any' type.
components/tabs/ventas-tab.tsx(69,52): error TS7006: Parameter 'doc' implicitly has an 'any' type.
components/tabs/ventas-tab.tsx(104,76): error TS2339: Property 'delete' does not exist on type '{ update: (data: any) => Promise<void>; }'.
components/tabs/ventas-tab.tsx(330,87): error TS2339: Property 'id' does not exist on type 'never'.
components/tabs/ventas-tab.tsx(333,50): error TS2339: Property 'tipo' does not exist on type 'never'.
components/tabs/ventas-tab.tsx(333,87): error TS2339: Property 'componentes' does not exist on type 'never'.
components/tabs/ventas-tab.tsx(334,79): error TS2339: Property 'componentes' does not exist on type 'never'.
components/tabs/ventas-tab.tsx(338,57): error TS2339: Property 'tipo' does not exist on type 'never'.
components/tabs/ventas-tab.tsx(400,75): error TS2339: Property 'id' does not exist on type 'never'.
components/tabs/ventas-tab.tsx(403,38): error TS2339: Property 'tipo' does not exist on type 'never'.
components/tabs/ventas-tab.tsx(403,75): error TS2339: Property 'componentes' does not exist on type 'never'.
components/tabs/ventas-tab.tsx(404,67): error TS2339: Property 'componentes' does not exist on type 'never'.
components/tabs/ventas-tab.tsx(408,45): error TS2339: Property 'tipo' does not exist on type 'never'.
components/tabs/ventas-tab.tsx(453,75): error TS2339: Property 'id' does not exist on type 'never'.
components/tabs/ventas-tab.tsx(456,38): error TS2339: Property 'tipo' does not exist on type 'never'.
components/tabs/ventas-tab.tsx(456,75): error TS2339: Property 'componentes' does not exist on type 'never'.
components/tabs/ventas-tab.tsx(457,67): error TS2339: Property 'componentes' does not exist on type 'never'.
components/tabs/ventas-tab.tsx(461,45): error TS2339: Property 'tipo' does not exist on type 'never'.
components/tabs/ventas-tab.tsx(741,33): error TS2322: Type '{ label: string; name: string; value: string; onChange: (e: any) => void; options: { value: string; label: string; }[]; placeholder: string; className: string; }' is not assignable to type 'IntrinsicAttributes & SelectProps'.
  Property 'placeholder' does not exist on type 'IntrinsicAttributes & SelectProps'.
components/tabs/ventas-tab.tsx(750,33): error TS2322: Type '{ label: string; name: string; value: string; onChange: (e: any) => void; options: { value: string; label: string; }[]; placeholder: string; className: string; }' is not assignable to type 'IntrinsicAttributes & SelectProps'.
  Property 'placeholder' does not exist on type 'IntrinsicAttributes & SelectProps'.
components/tabs/ventas-tab.tsx(763,33): error TS2322: Type '{ label: string; name: string; value: string; onChange: (e: any) => void; options: any; placeholder: string; disabled: boolean; className: string; }' is not assignable to type 'IntrinsicAttributes & SelectProps'.
  Property 'placeholder' does not exist on type 'IntrinsicAttributes & SelectProps'.
components/tabs/ventas-tab.tsx(773,33): error TS2322: Type '{ label: string; name: string; value: string; onChange: (e: any) => void; options: { value: string; label: string; }[]; placeholder: string; className: string; }' is not assignable to type 'IntrinsicAttributes & SelectProps'.
  Property 'placeholder' does not exist on type 'IntrinsicAttributes & SelectProps'.
components/tabs/ventas-tab.tsx(782,33): error TS2322: Type '{ label: string; name: string; value: string; onChange: (e: any) => void; options: { value: string; label: string; }[]; placeholder: string; className: string; }' is not assignable to type 'IntrinsicAttributes & SelectProps'.
  Property 'placeholder' does not exist on type 'IntrinsicAttributes & SelectProps'.
components/tabs/ventas-tab.tsx(790,79): error TS2339: Property 'activo' does not exist on type 'never'.
components/tabs/ventas-tab.tsx(790,110): error TS2339: Property 'id' does not exist on type 'never'.
components/tabs/ventas-tab.tsx(790,123): error TS2339: Property 'nombre' does not exist on type 'never'.
components/tabs/ventas-tab.tsx(791,33): error TS2322: Type '{ label: string; name: string; value: string; onChange: (e: any) => void; options: { value: any; label: any; }[]; placeholder: string; className: string; }' is not assignable to type 'IntrinsicAttributes & SelectProps'.
  Property 'placeholder' does not exist on type 'IntrinsicAttributes & SelectProps'.
components/tabs/ventas-tab.tsx(800,33): error TS2322: Type '{ label: string; name: string; value: string; onChange: (e: any) => void; options: { value: string; label: string; }[]; placeholder: string; className: string; }' is not assignable to type 'IntrinsicAttributes & SelectProps'.
  Property 'placeholder' does not exist on type 'IntrinsicAttributes & SelectProps'.
components/tabs/ventas-tab.tsx(809,33): error TS2322: Type '{ label: string; name: string; value: string; onChange: (e: any) => void; options: { value: string; label: string; }[]; placeholder: string; className: string; }' is not assignable to type 'IntrinsicAttributes & SelectProps'.
  Property 'placeholder' does not exist on type 'IntrinsicAttributes & SelectProps'.
components/tabs/ventas-tab.tsx(818,33): error TS2322: Type '{ label: string; name: string; value: string; onChange: (e: any) => void; options: { value: string; label: string; }[]; placeholder: string; disabled: boolean; className: string; }' is not assignable to type 'IntrinsicAttributes & SelectProps'.
  Property 'placeholder' does not exist on type 'IntrinsicAttributes & SelectProps'.
components/tabs/ventas-tab.tsx(828,33): error TS2322: Type '{ label: string; name: string; value: string; onChange: (e: any) => void; options: { value: string; label: string; }[]; placeholder: string; disabled: boolean; className: string; }' is not assignable to type 'IntrinsicAttributes & SelectProps'.
  Property 'placeholder' does not exist on type 'IntrinsicAttributes & SelectProps'.
components/ui/accordion.tsx(7,10): error TS2305: Module '"@/lib/utils"' has no exported member 'cn'.
components/ui/alert-dialog.tsx(6,10): error TS2305: Module '"@/lib/utils"' has no exported member 'cn'.
components/ui/alert-dialog.tsx(7,10): error TS2305: Module '"@/components/ui/button"' has no exported member 'buttonVariants'.
components/ui/alert.tsx(4,10): error TS2305: Module '"@/lib/utils"' has no exported member 'cn'.
components/ui/avatar.tsx(6,10): error TS2305: Module '"@/lib/utils"' has no exported member 'cn'.
components/ui/badge.tsx(4,10): error TS2305: Module '"@/lib/utils"' has no exported member 'cn'.
components/ui/breadcrumb.tsx(5,10): error TS2305: Module '"@/lib/utils"' has no exported member 'cn'.
components/ui/calendar.tsx(7,10): error TS2305: Module '"@/lib/utils"' has no exported member 'cn'.
components/ui/calendar.tsx(8,10): error TS2305: Module '"@/components/ui/button"' has no exported member 'buttonVariants'.
components/ui/card.tsx(3,10): error TS2305: Module '"@/lib/utils"' has no exported member 'cn'.
components/ui/carousel.tsx(9,10): error TS2305: Module '"@/lib/utils"' has no exported member 'cn'.
components/ui/carousel.tsx(207,7): error TS2322: Type 'string' is not assignable to type '"md" | "lg" | "sm" | undefined'.
components/ui/carousel.tsx(236,7): error TS2322: Type 'string' is not assignable to type '"md" | "lg" | "sm" | undefined'.
components/ui/chart.tsx(6,10): error TS2305: Module '"@/lib/utils"' has no exported member 'cn'.
components/ui/checkbox.tsx(7,10): error TS2305: Module '"@/lib/utils"' has no exported member 'cn'.
components/ui/command.tsx(8,10): error TS2305: Module '"@/lib/utils"' has no exported member 'cn'.
components/ui/context-menu.tsx(7,10): error TS2305: Module '"@/lib/utils"' has no exported member 'cn'.
components/ui/dialog.tsx(7,10): error TS2305: Module '"@/lib/utils"' has no exported member 'cn'.
components/ui/drawer.tsx(6,10): error TS2305: Module '"@/lib/utils"' has no exported member 'cn'.
components/ui/dropdown-menu.tsx(7,10): error TS2305: Module '"@/lib/utils"' has no exported member 'cn'.
components/ui/form.tsx(15,10): error TS2305: Module '"@/lib/utils"' has no exported member 'cn'.
components/ui/hover-card.tsx(6,10): error TS2305: Module '"@/lib/utils"' has no exported member 'cn'.
components/ui/input-otp.tsx(7,10): error TS2305: Module '"@/lib/utils"' has no exported member 'cn'.
components/ui/input.tsx(58,63): error TS2339: Property 'placeholder' does not exist on type 'SelectProps'.
components/ui/label.tsx(7,10): error TS2305: Module '"@/lib/utils"' has no exported member 'cn'.
components/ui/menubar.tsx(7,10): error TS2305: Module '"@/lib/utils"' has no exported member 'cn'.
components/ui/navigation-menu.tsx(6,10): error TS2305: Module '"@/lib/utils"' has no exported member 'cn'.
components/ui/pagination.tsx(4,10): error TS2305: Module '"@/lib/utils"' has no exported member 'cn'.
components/ui/pagination.tsx(5,23): error TS2305: Module '"@/components/ui/button"' has no exported member 'buttonVariants'.
components/ui/pagination.tsx(45,3): error TS2322: Type '"icon"' is not assignable to type '"md" | "lg" | "sm"'.
components/ui/pagination.tsx(68,5): error TS2322: Type '"default"' is not assignable to type '"md" | "lg" | "sm" | undefined'.
components/ui/pagination.tsx(84,5): error TS2322: Type '"default"' is not assignable to type '"md" | "lg" | "sm" | undefined'.
components/ui/popover.tsx(6,10): error TS2305: Module '"@/lib/utils"' has no exported member 'cn'.
components/ui/progress.tsx(6,10): error TS2305: Module '"@/lib/utils"' has no exported member 'cn'.
components/ui/radio-group.tsx(7,10): error TS2305: Module '"@/lib/utils"' has no exported member 'cn'.
components/ui/resizable.tsx(6,10): error TS2305: Module '"@/lib/utils"' has no exported member 'cn'.
components/ui/scroll-area.tsx(6,10): error TS2305: Module '"@/lib/utils"' has no exported member 'cn'.
components/ui/select.tsx(7,10): error TS2305: Module '"@/lib/utils"' has no exported member 'cn'.
components/ui/separator.tsx(6,10): error TS2305: Module '"@/lib/utils"' has no exported member 'cn'.
components/ui/sheet.tsx(8,10): error TS2305: Module '"@/lib/utils"' has no exported member 'cn'.
components/ui/sidebar.tsx(9,10): error TS2305: Module '"@/lib/utils"' has no exported member 'cn'.
components/ui/sidebar.tsx(273,7): error TS2322: Type '"icon"' is not assignable to type '"md" | "lg" | "sm" | undefined'.
components/ui/sidebar.tsx(341,7): error TS2322: Type '{ label?: string | undefined; icon?: ReactNode; error?: string | undefined; rows?: number | undefined; accept?: string | undefined; alt?: string | undefined; autoComplete?: HTMLInputAutoCompleteAttribute | undefined; ... 307 more ...; className: any; }' is not assignable to type 'IntrinsicAttributes & InputProps'.
  Property 'ref' does not exist on type 'IntrinsicAttributes & InputProps'.
components/ui/skeleton.tsx(1,10): error TS2305: Module '"@/lib/utils"' has no exported member 'cn'.
components/ui/slider.tsx(6,10): error TS2305: Module '"@/lib/utils"' has no exported member 'cn'.
components/ui/standard-forms.tsx(5,5): error TS7031: Binding element 'label' implicitly has an 'any' type.
components/ui/standard-forms.tsx(6,5): error TS7031: Binding element 'id' implicitly has an 'any' type.
components/ui/standard-forms.tsx(8,5): error TS7031: Binding element 'value' implicitly has an 'any' type.
components/ui/standard-forms.tsx(9,5): error TS7031: Binding element 'onChange' implicitly has an 'any' type.
components/ui/standard-forms.tsx(10,5): error TS7031: Binding element 'placeholder' implicitly has an 'any' type.
components/ui/standard-forms.tsx(11,5): error TS7031: Binding element 'required' implicitly has an 'any' type.
components/ui/standard-forms.tsx(12,5): error TS7031: Binding element 'icon' implicitly has an 'any' type.
components/ui/standard-forms.tsx(13,5): error TS7031: Binding element 'error' implicitly has an 'any' type.
components/ui/standard-forms.tsx(59,5): error TS7031: Binding element 'label' implicitly has an 'any' type.
components/ui/standard-forms.tsx(60,5): error TS7031: Binding element 'id' implicitly has an 'any' type.
components/ui/standard-forms.tsx(61,5): error TS7031: Binding element 'value' implicitly has an 'any' type.
components/ui/standard-forms.tsx(62,5): error TS7031: Binding element 'onChange' implicitly has an 'any' type.
components/ui/standard-forms.tsx(63,5): error TS7031: Binding element 'onValueChange' implicitly has an 'any' type.
components/ui/standard-forms.tsx(64,5): error TS7031: Binding element 'children' implicitly has an 'any' type.
components/ui/standard-forms.tsx(65,5): error TS7031: Binding element 'options' implicitly has an 'any' type.
components/ui/standard-forms.tsx(66,5): error TS7031: Binding element 'placeholder' implicitly has an 'any' type.
components/ui/standard-forms.tsx(67,5): error TS7031: Binding element 'required' implicitly has an 'any' type.
components/ui/standard-forms.tsx(68,5): error TS7031: Binding element 'error' implicitly has an 'any' type.
components/ui/standard-forms.tsx(74,33): error TS7006: Parameter 'e' implicitly has an 'any' type.
components/ui/standard-forms.tsx(96,55): error TS7006: Parameter 'opt' implicitly has an 'any' type.
components/ui/summary-card.tsx(3,10): error TS2305: Module '"@/lib/utils"' has no exported member 'cn'.
components/ui/summary-card.tsx(5,31): error TS7031: Binding element 'title' implicitly has an 'any' type.
components/ui/summary-card.tsx(5,38): error TS7031: Binding element 'value' implicitly has an 'any' type.
components/ui/summary-card.tsx(5,45): error TS7031: Binding element 'icon' implicitly has an 'any' type.
components/ui/summary-card.tsx(5,51): error TS7031: Binding element 'className' implicitly has an 'any' type.
components/ui/switch.tsx(6,10): error TS2305: Module '"@/lib/utils"' has no exported member 'cn'.
components/ui/table.tsx(3,10): error TS2305: Module '"@/lib/utils"' has no exported member 'cn'.
components/ui/tabs.tsx(6,10): error TS2305: Module '"@/lib/utils"' has no exported member 'cn'.
components/ui/textarea.tsx(3,10): error TS2305: Module '"@/lib/utils"' has no exported member 'cn'.
components/ui/toast.tsx(8,10): error TS2305: Module '"@/lib/utils"' has no exported member 'cn'.
components/ui/toggle-group.tsx(7,10): error TS2305: Module '"@/lib/utils"' has no exported member 'cn'.
components/ui/toggle.tsx(7,10): error TS2305: Module '"@/lib/utils"' has no exported member 'cn'.
components/ui/tooltip.tsx(6,10): error TS2305: Module '"@/lib/utils"' has no exported member 'cn'.
contexts/auth-context.tsx(73,28): error TS7053: Element implicitly has an 'any' type because expression of type 'any' can't be used to index type '{ ventas: { name: string; actions: string[]; }; dise├▒o: { name: string; actions: string[]; }; cobranza: { name: string; actions: string[]; }; inventarios: { name: string; actions: string[]; }; preparacion: { name: string; actions: string[]; }; estampado: { ...; }; empaquetado: { ...; }; reparto: { ...; }; finalizado...'.
contexts/auth-context.tsx(130,26): error TS7006: Parameter 'email' implicitly has an 'any' type.
contexts/auth-context.tsx(130,33): error TS7006: Parameter 'password' implicitly has an 'any' type.
contexts/auth-context.tsx(154,45): error TS18046: 'error' is of type 'unknown'.
contexts/auth-context.tsx(168,28): error TS7006: Parameter 'module' implicitly has an 'any' type.
contexts/auth-context.tsx(168,36): error TS7006: Parameter 'action' implicitly has an 'any' type.
contexts/auth-context.tsx(179,35): error TS7006: Parameter 'permission' implicitly has an 'any' type.
contexts/auth-context.tsx(191,24): error TS7006: Parameter 'module' implicitly has an 'any' type.
contexts/auth-context.tsx(191,32): error TS7006: Parameter 'action' implicitly has an 'any' type.
contexts/auth-context.tsx(208,22): error TS7006: Parameter 'role' implicitly has an 'any' type.
contexts/auth-context.tsx(222,13): error TS2322: Type '{ currentUser: any; userData: any; loadingAuth: boolean; hasRole: (role: any) => any; isAdmin: () => boolean; hasPermission: (module: any, action: any) => any; hasSpecialPermission: (permission: any) => boolean; ... 6 more ...; refreshPermissions: () => void; }' is not assignable to type 'null'.
lib/business-logic.ts(2,10): error TS2305: Module '"./constants"' has no exported member 'MATRIZ_COMPOSICION'.
lib/business-logic.ts(2,30): error TS2305: Module '"./constants"' has no exported member 'MAPEO_DESGLOSE_PRODUCTOS'.
lib/business-logic.ts(230,51): error TS2339: Property 'id' does not exist on type 'never'.
lib/business-logic.ts(231,26): error TS2339: Property 'condicionesEntrada' does not exist on type 'never'.
lib/business-logic.ts(232,25): error TS2339: Property 'condicionesEntrada' does not exist on type 'never'.
lib/business-logic.ts(257,30): error TS2345: Argument of type '{ id: string; nombre: string; activo: boolean; orden: number; icono: string; color: string; etapas: string[]; fechaCreacion: Date; fechaModificacion: Date; creadoPor: string; }' is not assignable to parameter of type 'never'.
lib/business-logic.ts(261,30): error TS2345: Argument of type '{ id: string; flujoId: string; nombre: string; icono: any; color: string; orden: number; moduloPermisos: string; obligatoria: boolean; tipoObligatoria: string | null; condicionesSalida: never[]; condicionesEntrada: never[]; fechaCreacion: Date; fechaModificacion: Date; }' is not assignable to parameter of type 'never'.
lib/business-logic.ts(310,53): error TS2339: Property 'id' does not exist on type 'never'.
lib/business-logic.ts(312,10): error TS2339: Property 'costoTotal' does not exist on type 'never'.
lib/business-logic.ts(313,10): error TS2339: Property 'fechaModificacion' does not exist on type 'never'.
lib/business-logic.ts(315,14): error TS2339: Property 'tipo' does not exist on type 'never'.
lib/business-logic.ts(315,40): error TS2339: Property 'itemInventarioId' does not exist on type 'never'.
lib/business-logic.ts(316,24): error TS2339: Property 'inventarioId' does not exist on type 'never'.
lib/business-logic.ts(317,81): error TS2339: Property 'itemInventarioId' does not exist on type 'never'.
lib/business-logic.ts(329,48): error TS2339: Property 'id' does not exist on type 'never'.
lib/business-logic.ts(333,35): error TS2698: Spread types may only be created from object types.
lib/business-logic.ts(337,46): error TS2339: Property 'historialModificaciones' does not exist on type 'never'.
lib/business-logic.ts(381,64): error TS2339: Property 'id' does not exist on type 'never'.
lib/business-logic.ts(382,33): error TS2339: Property 'nombre' does not exist on type 'never'.
lib/business-logic.ts(384,40): error TS2339: Property 'precios' does not exist on type 'never'.
lib/business-logic.ts(585,23): error TS2339: Property 'categoria' does not exist on type 'never'.
lib/business-logic.ts(603,66): error TS2339: Property 'campo' does not exist on type 'never'.
lib/business-logic.ts(604,46): error TS2339: Property 'campo' does not exist on type 'never'.
lib/business-logic.ts(604,63): error TS2339: Property 'tipo' does not exist on type 'never'.
lib/business-logic.ts(604,81): error TS2339: Property 'nombre' does not exist on type 'never'.
lib/business-logic.ts(607,98): error TS2339: Property 'nombre' does not exist on type 'never'.
lib/business-logic.ts(607,136): error TS2339: Property 'campo' does not exist on type 'never'.
lib/business-logic.ts(607,154): error TS2339: Property 'campo' does not exist on type 'never'.
lib/business-logic.ts(609,66): error TS2339: Property 'campo' does not exist on type 'never'.
lib/business-logic.ts(610,44): error TS2339: Property 'campo' does not exist on type 'never'.
lib/business-logic.ts(610,61): error TS2339: Property 'tipo' does not exist on type 'never'.
lib/business-logic.ts(610,79): error TS2339: Property 'nombre' does not exist on type 'never'.
lib/business-logic.ts(686,46): error TS2339: Property 'id' does not exist on type 'never'.
lib/business-logic.ts(688,13): error TS2322: Type '{ clienteNombre: string; clienteApellidos: string; clienteContacto: string; createdAt: Date; montoTotal: number; montoAdelanto: number; montoPendiente: number; status: string; estadoGeneral: string; ... 9 more ...; historialModificaciones: never[]; }' is not assignable to type 'undefined'.
lib/business-logic.ts(696,52): error TS18048: 'p' is possibly 'undefined'.
lib/mock-data.ts(314,27): error TS7006: Parameter 'id' implicitly has an 'any' type.
lib/mock-data.ts(314,31): error TS7006: Parameter 'nombre' implicitly has an 'any' type.
lib/mock-data.ts(314,39): error TS7006: Parameter 'campo' implicitly has an 'any' type.
lib/mock-data.ts(314,46): error TS7006: Parameter 'tipo' implicitly has an 'any' type.
lib/mock-data.ts(314,52): error TS7006: Parameter 'categoria' implicitly has an 'any' type.
lib/mock-data.ts(314,63): error TS7006: Parameter 'orden' implicitly has an 'any' type.
lib/mock-data.ts(338,132): error TS2345: Argument of type '"date"' is not assignable to parameter of type 'null | undefined'.
lib/mock-data.ts(339,116): error TS2345: Argument of type 'string[]' is not assignable to parameter of type 'null | undefined'.
lib/mock-data.ts(352,132): error TS2345: Argument of type '"date"' is not assignable to parameter of type 'null | undefined'.
lib/mock-data.ts(353,133): error TS2345: Argument of type '"currency"' is not assignable to parameter of type 'null | undefined'.
lib/mock-data.ts(354,121): error TS2345: Argument of type '"{montoTotal} - {montoAdelanto} - SUM({cobranza.pago1}, {cobranza.pago2})"' is not assignable to parameter of type 'null | undefined'.
lib/mock-data.ts(355,135): error TS2345: Argument of type '"currency"' is not assignable to parameter of type 'null | undefined'.
lib/mock-data.ts(356,129): error TS2345: Argument of type 'string[]' is not assignable to parameter of type 'null | undefined'.
lib/mock-data.ts(359,161): error TS2345: Argument of type '"date"' is not assignable to parameter of type 'null | undefined'.
lib/mock-data.ts(361,128): error TS2345: Argument of type 'string[]' is not assignable to parameter of type 'null | undefined'.
lib/mock-data.ts(363,158): error TS2345: Argument of type '"date"' is not assignable to parameter of type 'null | undefined'.
lib/mock-data.ts(366,136): error TS2345: Argument of type 'string[]' is not assignable to parameter of type 'null | undefined'.
lib/mock-data.ts(367,129): error TS2345: Argument of type '"currency"' is not assignable to parameter of type 'null | undefined'.
lib/mock-data.ts(368,129): error TS2345: Argument of type '"currency"' is not assignable to parameter of type 'null | undefined'.
lib/mock-data.ts(369,166): error TS2345: Argument of type '"date"' is not assignable to parameter of type 'null | undefined'.
lib/mock-data.ts(372,181): error TS2345: Argument of type '"date"' is not assignable to parameter of type 'null | undefined'.
lib/mock-data.ts(374,148): error TS2345: Argument of type 'string[]' is not assignable to parameter of type 'null | undefined'.
lib/mock-data.ts(375,178): error TS2345: Argument of type '"date"' is not assignable to parameter of type 'null | undefined'.
lib/mock-data.ts(378,173): error TS2345: Argument of type '"date"' is not assignable to parameter of type 'null | undefined'.
lib/mock-data.ts(380,140): error TS2345: Argument of type 'string[]' is not assignable to parameter of type 'null | undefined'.
lib/mock-data.ts(381,170): error TS2345: Argument of type '"date"' is not assignable to parameter of type 'null | undefined'.
lib/mock-data.ts(384,181): error TS2345: Argument of type '"date"' is not assignable to parameter of type 'null | undefined'.
lib/mock-data.ts(386,148): error TS2345: Argument of type 'string[]' is not assignable to parameter of type 'null | undefined'.
lib/mock-data.ts(387,178): error TS2345: Argument of type '"date"' is not assignable to parameter of type 'null | undefined'.
lib/mock-data.ts(390,165): error TS2345: Argument of type '"date"' is not assignable to parameter of type 'null | undefined'.
lib/mock-data.ts(392,132): error TS2345: Argument of type 'string[]' is not assignable to parameter of type 'null | undefined'.
lib/mock-data.ts(393,162): error TS2345: Argument of type '"date"' is not assignable to parameter of type 'null | undefined'.
lib/mock-data.ts(394,158): error TS2345: Argument of type '"date"' is not assignable to parameter of type 'null | undefined'.
lib/mock-data.ts(397,138): error TS2345: Argument of type '"IF({dise├▒o.fechaEntrada} AND {dise├▒o.fechaSalida}, ({dise├▒o.fechaSalida} - {dise├▒o.fechaEntrada}) / 24, null)"' is not assignable to parameter of type 'null | undefined'.
lib/mock-data.ts(398,144): error TS2345: Argument of type '"IF({cobranza.fechaEntrada} AND {cobranza.fechaSalida}, ({cobranza.fechaSalida} - {cobranza.fechaEntrada}) / 24, null)"' is not assignable to parameter of type 'null | undefined'.
lib/mock-data.ts(399,153): error TS2345: Argument of type '"IF({preparacion.fechaEntrada} AND {preparacion.fechaSalida}, ({preparacion.fechaSalida} - {preparacion.fechaEntrada}) / 24, null)"' is not assignable to parameter of type 'null | undefined'.
lib/mock-data.ts(400,147): error TS2345: Argument of type '"IF({estampado.fechaEntrada} AND {estampado.fechaSalida}, ({estampado.fechaSalida} - {estampado.fechaEntrada}) / 24, null)"' is not assignable to parameter of type 'null | undefined'.
lib/mock-data.ts(401,153): error TS2345: Argument of type '"IF({empaquetado.fechaEntrada} AND {empaquetado.fechaSalida}, ({empaquetado.fechaSalida} - {empaquetado.fechaEntrada}) / 24, null)"' is not assignable to parameter of type 'null | undefined'.
lib/mock-data.ts(402,141): error TS2345: Argument of type '"IF({reparto.fechaEntrada} AND {reparto.fechaSalida}, ({reparto.fechaSalida} - {reparto.fechaEntrada}) / 24, null)"' is not assignable to parameter of type 'null | undefined'.
lib/mock-data.ts(403,135): error TS2345: Argument of type '"SUM({tiempos.dise├▒o}, {tiempos.cobranza}, {tiempos.preparacion}, {tiempos.estampado}, {tiempos.empaquetado}, {tiempos.reparto})"' is not assignable to parameter of type 'null | undefined'.
lib/mock-data.ts(410,142): error TS2345: Argument of type 'string[]' is not assignable to parameter of type 'null | undefined'.
lib/mock-data.ts(425,134): error TS2345: Argument of type 'string[]' is not assignable to parameter of type 'null | undefined'.
lib/mock-data.ts(442,142): error TS2345: Argument of type '"date"' is not assignable to parameter of type 'null | undefined'.
lib/mock-data.ts(445,142): error TS2345: Argument of type '"date"' is not assignable to parameter of type 'null | undefined'.
lib/mock-data.ts(448,142): error TS2345: Argument of type '"date"' is not assignable to parameter of type 'null | undefined'.
lib/mock-data.ts(451,142): error TS2345: Argument of type '"date"' is not assignable to parameter of type 'null | undefined'.
lib/mock-data.ts(455,136): error TS2345: Argument of type 'string[]' is not assignable to parameter of type 'null | undefined'.
lib/mock-data.ts(462,5): error TS2322: Type 'any[]' is not assignable to type 'never[]'.
  Type 'any' is not assignable to type 'never'.
lib/mock-data.ts(467,18): error TS7006: Parameter 'path' implicitly has an 'any' type.
lib/mock-data.ts(483,43): error TS2345: Argument of type 'any' is not assignable to parameter of type 'never'.
lib/mock-data.ts(487,55): error TS2345: Argument of type 'any' is not assignable to parameter of type 'never'.
lib/mock-data.ts(491,63): error TS2345: Argument of type 'any' is not assignable to parameter of type 'never'.
lib/mock-data.ts(497,44): error TS2345: Argument of type 'any' is not assignable to parameter of type 'never'.
lib/mock-data.ts(499,41): error TS2345: Argument of type 'any' is not assignable to parameter of type 'never'.
lib/mock-data.ts(523,64): error TS2339: Property 'id' does not exist on type 'never'.
lib/mock-data.ts(525,46): error TS2345: Argument of type 'any' is not assignable to parameter of type 'never'.
lib/mock-data.ts(528,72): error TS2339: Property 'id' does not exist on type 'never'.
lib/mock-data.ts(530,25): error TS2322: Type 'any' is not assignable to type 'never'.
lib/mock-data.ts(539,45): error TS2345: Argument of type 'any' is not assignable to parameter of type 'never'.
lib/mock-data.ts(544,22): error TS7006: Parameter 'callback' implicitly has an 'any' type.
lib/mock-data.ts(585,15): error TS7006: Parameter 'docId' implicitly has an 'any' type.
lib/mock-data.ts(586,28): error TS7006: Parameter 'data' implicitly has an 'any' type.
lib/mock-data.ts(606,11): error TS7006: Parameter 'collectionName' implicitly has an 'any' type.
lib/mock-data.ts(606,27): error TS7006: Parameter 'docId' implicitly has an 'any' type.
lib/mock-data.ts(607,24): error TS7006: Parameter 'data' implicitly has an 'any' type.
