app-wrapper.tsx(8452,48): error TS2349: This expression is not callable.
  Type 'never[]' has no call signatures.
app-wrapper.tsx(10413,21): error TS2322: Type 'string' is not assignable to type 'number'.
app-wrapper.tsx(11209,14): error TS7053: Element implicitly has an 'any' type because expression of type 'string' can't be used to index type '{ ventas: string; dise├▒o: string; cobranza: string; pre_estampado: string; estampado: string; empaquetado: string; reparto: string; finalizados: string; corte: string; confeccion: string; limpieza: string; registro: string; }'.
  No index signature with a parameter of type 'string' was found on type '{ ventas: string; dise├▒o: string; cobranza: string; pre_estampado: string; estampado: string; empaquetado: string; reparto: string; finalizados: string; corte: string; confeccion: string; limpieza: string; registro: string; }'.
app-wrapper.tsx(11844,9): error TS2353: Object literal may only specify known properties, and 'orden' does not exist in type 'SetStateAction<{ nombre: string; descripcion: string; icono: string; color: string; moduloPermisos: string; obligatoria: boolean; tipoObligatoria: null; }>'.
app-wrapper.tsx(11905,49): error TS2339: Property 'orden' does not exist on type '{ nombre: string; descripcion: string; icono: string; color: string; moduloPermisos: string; obligatoria: boolean; tipoObligatoria: null; }'.
app-wrapper.tsx(11969,51): error TS2345: Argument of type '(prev: { nombre: string; descripcion: string; icono: string; color: string; moduloPermisos: string; obligatoria: boolean; tipoObligatoria: null; }) => { tipoObligatoria: string | null; obligatoria: any; ... 4 more ...; moduloPermisos: string; }' is not assignable to parameter of type 'SetStateAction<{ nombre: string; descripcion: string; icono: string; color: string; moduloPermisos: string; obligatoria: boolean; tipoObligatoria: null; }>'.
  Type '(prev: { nombre: string; descripcion: string; icono: string; color: string; moduloPermisos: string; obligatoria: boolean; tipoObligatoria: null; }) => { tipoObligatoria: string | null; obligatoria: any; ... 4 more ...; moduloPermisos: string; }' is not assignable to type '(prevState: { nombre: string; descripcion: string; icono: string; color: string; moduloPermisos: string; obligatoria: boolean; tipoObligatoria: null; }) => { nombre: string; descripcion: string; ... 4 more ...; tipoObligatoria: null; }'.
    Call signature return types '{ tipoObligatoria: string | null; obligatoria: any; nombre: string; descripcion: string; icono: string; color: string; moduloPermisos: string; }' and '{ nombre: string; descripcion: string; icono: string; color: string; moduloPermisos: string; obligatoria: boolean; tipoObligatoria: null; }' are incompatible.
      The types of 'tipoObligatoria' are incompatible between these types.
        Type 'string | null' is not assignable to type 'null'.
          Type 'string' is not assignable to type 'null'.
app-wrapper.tsx(11982,51): error TS2345: Argument of type '(prev: { nombre: string; descripcion: string; icono: string; color: string; moduloPermisos: string; obligatoria: boolean; tipoObligatoria: null; }) => { tipoObligatoria: string | null; obligatoria: any; ... 4 more ...; moduloPermisos: string; }' is not assignable to parameter of type 'SetStateAction<{ nombre: string; descripcion: string; icono: string; color: string; moduloPermisos: string; obligatoria: boolean; tipoObligatoria: null; }>'.
  Type '(prev: { nombre: string; descripcion: string; icono: string; color: string; moduloPermisos: string; obligatoria: boolean; tipoObligatoria: null; }) => { tipoObligatoria: string | null; obligatoria: any; ... 4 more ...; moduloPermisos: string; }' is not assignable to type '(prevState: { nombre: string; descripcion: string; icono: string; color: string; moduloPermisos: string; obligatoria: boolean; tipoObligatoria: null; }) => { nombre: string; descripcion: string; ... 4 more ...; tipoObligatoria: null; }'.
    Call signature return types '{ tipoObligatoria: string | null; obligatoria: any; nombre: string; descripcion: string; icono: string; color: string; moduloPermisos: string; }' and '{ nombre: string; descripcion: string; icono: string; color: string; moduloPermisos: string; obligatoria: boolean; tipoObligatoria: null; }' are incompatible.
      The types of 'tipoObligatoria' are incompatible between these types.
        Type 'string | null' is not assignable to type 'null'.
          Type 'string' is not assignable to type 'null'.
app-wrapper.tsx(12378,27): error TS7053: Element implicitly has an 'any' type because expression of type 'any' can't be used to index type '{ ShoppingCart: ForwardRefExoticComponent<Omit<LucideProps, "ref"> & RefAttributes<SVGSVGElement>>; ... 60 more ...; TrendingUp: ForwardRefExoticComponent<...>; }'.
app-wrapper.tsx(12633,34): error TS7053: Element implicitly has an 'any' type because expression of type 'any' can't be used to index type '{ dise├▒o: string; cobranza: string; pre_estampado: string; estampado: string; empaquetado: string; reparto: string; finalizados: string; ventas: string; }'.
app-wrapper.tsx(12714,27): error TS7053: Element implicitly has an 'any' type because expression of type 'any' can't be used to index type '{ ShoppingCart: ForwardRefExoticComponent<Omit<LucideProps, "ref"> & RefAttributes<SVGSVGElement>>; ... 60 more ...; TrendingUp: ForwardRefExoticComponent<...>; }'.
components/tabs/gestion-columnas-tab.tsx(551,64): error TS2339: Property 'delete' does not exist on type '{ update: (data: any) => Promise<void>; }'.
components/tabs/pedidos-tab.tsx(576,76): error TS2339: Property 'delete' does not exist on type '{ update: (data: any) => Promise<void>; }'.
components/tabs/ventas-tab.tsx(104,76): error TS2339: Property 'delete' does not exist on type '{ update: (data: any) => Promise<void>; }'.
components/ui/alert-dialog.tsx(120,22): error TS2345: Argument of type '{ variant: string; }' is not assignable to parameter of type '"primary" | "secondary" | "danger" | "ghost" | "outline" | "success" | "successSoft" | "dangerSoft" | undefined'.
components/ui/calendar.tsx(29,26): error TS2345: Argument of type '{ variant: string; }' is not assignable to parameter of type '"primary" | "secondary" | "danger" | "ghost" | "outline" | "success" | "successSoft" | "dangerSoft" | undefined'.
components/ui/calendar.tsx(41,26): error TS2345: Argument of type '{ variant: string; }' is not assignable to parameter of type '"primary" | "secondary" | "danger" | "ghost" | "outline" | "success" | "successSoft" | "dangerSoft" | undefined'.
components/ui/carousel.tsx(207,7): error TS2322: Type 'string' is not assignable to type '"lg" | "md" | "sm" | undefined'.
components/ui/carousel.tsx(236,7): error TS2322: Type 'string' is not assignable to type '"lg" | "md" | "sm" | undefined'.
components/ui/pagination.tsx(45,3): error TS2322: Type '"icon"' is not assignable to type '"lg" | "md" | "sm"'.
components/ui/pagination.tsx(51,22): error TS2345: Argument of type '{ variant: string; size: "lg" | "md" | "sm"; }' is not assignable to parameter of type '"primary" | "secondary" | "danger" | "ghost" | "outline" | "success" | "successSoft" | "dangerSoft" | undefined'.
components/ui/pagination.tsx(68,5): error TS2322: Type '"default"' is not assignable to type '"lg" | "md" | "sm" | undefined'.
components/ui/pagination.tsx(84,5): error TS2322: Type '"default"' is not assignable to type '"lg" | "md" | "sm" | undefined'.
components/ui/sidebar.tsx(273,7): error TS2322: Type '"icon"' is not assignable to type '"lg" | "md" | "sm" | undefined'.
components/ui/sidebar.tsx(341,7): error TS2322: Type '{ label?: string | undefined; icon?: ReactNode; error?: string | undefined; rows?: number | undefined; accept?: string | undefined; alt?: string | undefined; autoComplete?: HTMLInputAutoCompleteAttribute | undefined; ... 307 more ...; className: string; }' is not assignable to type 'IntrinsicAttributes & InputProps'.
  Property 'ref' does not exist on type 'IntrinsicAttributes & InputProps'.
